#
# There is insufficient memory for the Java Runtime Environment to continue.
# Native memory allocation (malloc) failed to allocate 826096 bytes for Chunk::new
# Possible reasons:
#   The system is out of physical RAM or swap space
#   The process is running with CompressedOops enabled, and the Java Heap may be blocking the growth of the native heap
# Possible solutions:
#   Reduce memory load on the system
#   Increase physical memory or swap space
#   Check if swap backing store is full
#   Decrease Java heap size (-Xmx/-Xms)
#   Decrease number of Java threads
#   Decrease Java thread stack sizes (-Xss)
#   Set larger code cache with -XX:ReservedCodeCacheSize=
#   JVM is running with Unscaled Compressed Oops mode in which the Java heap is
#     placed in the first 4GB address space. The Java Heap base address is the
#     maximum limit for the native heap growth. Please use -XX:HeapBaseMinAddress
#     to set the Java Heap base and to place the Java Heap above 4GB virtual address.
# This output file may be truncated or incomplete.
#
#  Out of Memory Error (allocation.cpp:389), pid=8844, tid=0x00000000000030d4
#
# JRE version: OpenJDK Runtime Environment (8.0_242-b01) (build 1.8.0_242-release-1644-b01)
# Java VM: OpenJDK 64-Bit Server VM (25.242-b01 mixed mode windows-amd64 compressed oops)
# Failed to write core dump. Minidumps are not enabled by default on client versions of Windows
#

---------------  T H R E A D  ---------------

Current thread (0x0000000019a68000):  JavaThread "C2 CompilerThread2" daemon [_thread_in_native, id=12500, stack(0x000000001a520000,0x000000001a620000)]

Stack: [0x000000001a520000,0x000000001a620000]
[error occurred during error reporting (printing stack bounds), id 0xc0000005]

Native frames: (J=compiled Java code, j=interpreted, Vv=VM code, C=native code)


Current CompileTask:
C2: 102357 14809       4       org.gradle.api.internal.changedetection.state.CachingFileHasher::snapshot (114 bytes)


---------------  P R O C E S S  ---------------

Java Threads: ( => current thread )
  0x000000002149a800 JavaThread "stdout" [_thread_in_native, id=22104, stack(0x000000002c340000,0x000000002c440000)]
  0x0000000021499000 JavaThread "stderr" [_thread_in_native, id=1848, stack(0x000000002c240000,0x000000002c340000)]
  0x000000002149c000 JavaThread "stdout" [_thread_in_native, id=26892, stack(0x000000002c140000,0x000000002c240000)]
  0x000000001fd84800 JavaThread "stderr" [_thread_in_native, id=27012, stack(0x000000002c040000,0x000000002c140000)]
  0x000000001b2c7800 JavaThread "stdout" [_thread_in_native, id=14008, stack(0x000000002bf40000,0x000000002c040000)]
  0x000000001b2c9000 JavaThread "stderr" [_thread_in_native, id=27132, stack(0x000000002be40000,0x000000002bf40000)]
  0x000000001b2c6800 JavaThread "stdout" [_thread_in_native, id=25308, stack(0x000000002bd40000,0x000000002be40000)]
  0x000000001b2cb000 JavaThread "stderr" [_thread_in_native, id=21760, stack(0x000000002bc40000,0x000000002bd40000)]
  0x000000001b2c9800 JavaThread "stdout" [_thread_in_native, id=21852, stack(0x000000002bb40000,0x000000002bc40000)]
  0x000000001b2c8000 JavaThread "stderr" [_thread_in_native, id=16324, stack(0x000000002ba40000,0x000000002bb40000)]
  0x000000001b2ca800 JavaThread "WorkerExecutor Queue Thread 8" [_thread_blocked, id=26388, stack(0x000000002b940000,0x000000002ba40000)]
  0x000000001b2cc000 JavaThread "MarlinRenderer Disposer" daemon [_thread_blocked, id=7444, stack(0x000000002b840000,0x000000002b940000)]
  0x000000001b2bf000 JavaThread "Java2D Disposer" daemon [_thread_blocked, id=15020, stack(0x000000002b510000,0x000000002b610000)]
  0x000000001b2c5000 JavaThread "WorkerExecutor Queue Thread 7" [_thread_blocked, id=9600, stack(0x000000002b110000,0x000000002b210000)]
  0x000000001b2c0000 JavaThread "WorkerExecutor Queue Thread 6" [_thread_blocked, id=26684, stack(0x000000002b010000,0x000000002b110000)]
  0x000000001b2c4800 JavaThread "WorkerExecutor Queue Thread 5" [_thread_blocked, id=27500, stack(0x000000002af10000,0x000000002b010000)]
  0x000000001b2bd000 JavaThread "WorkerExecutor Queue Thread 4" [_thread_blocked, id=18560, stack(0x000000002ae10000,0x000000002af10000)]
  0x000000001b2c2000 JavaThread "WorkerExecutor Queue Thread 3" [_thread_blocked, id=3472, stack(0x000000002ad10000,0x000000002ae10000)]
  0x000000001b2c1800 JavaThread "WorkerExecutor Queue Thread 2" [_thread_blocked, id=25676, stack(0x000000002ac10000,0x000000002ad10000)]
  0x000000001b2be800 JavaThread "stdout" [_thread_in_native, id=21804, stack(0x000000002a910000,0x000000002aa10000)]
  0x000000001b2bd800 JavaThread "stderr" [_thread_in_native, id=20028, stack(0x000000002a810000,0x000000002a910000)]
  0x000000001b2c3800 JavaThread "stdout" [_thread_in_native, id=23740, stack(0x000000002a710000,0x000000002a810000)]
  0x000000001b2c3000 JavaThread "stderr" [_thread_in_native, id=20360, stack(0x000000002a610000,0x000000002a710000)]
  0x000000001fd85000 JavaThread "stdout" [_thread_in_native, id=22684, stack(0x000000002a510000,0x000000002a610000)]
  0x000000001ecd3000 JavaThread "stderr" [_thread_in_native, id=22452, stack(0x000000002a310000,0x000000002a410000)]
  0x000000001ecdf000 JavaThread "pool-18-thread-1" [_thread_blocked, id=21652, stack(0x000000002a410000,0x000000002a510000)]
  0x000000001c776800 JavaThread "WorkerExecutor Queue" [_thread_blocked, id=13944, stack(0x000000002a100000,0x000000002a200000)]
  0x000000001c774800 JavaThread "Cache worker for execution history cache (C:\Users\tlock\Desktop\TeamApp16_FurnitureAR\.gradle\5.6.4\executionHistory)" [_thread_blocked, id=10820, stack(0x000000002a210000,0x000000002a310000)]
  0x000000001ecd5800 JavaThread "Execution worker for ':' Thread 7" [_thread_blocked, id=20412, stack(0x0000000029e00000,0x0000000029f00000)]
  0x000000001ecdc000 JavaThread "Execution worker for ':' Thread 6" [_thread_in_native, id=15096, stack(0x0000000029d00000,0x0000000029e00000)]
  0x000000001ecd4800 JavaThread "Execution worker for ':' Thread 5" [_thread_blocked, id=25996, stack(0x0000000029c00000,0x0000000029d00000)]
  0x000000001ecd6000 JavaThread "Execution worker for ':' Thread 4" [_thread_blocked, id=5740, stack(0x0000000029b00000,0x0000000029c00000)]
  0x000000001ecdb800 JavaThread "Execution worker for ':' Thread 3" [_thread_blocked, id=2040, stack(0x0000000029a00000,0x0000000029b00000)]
  0x000000001ecda800 JavaThread "Execution worker for ':' Thread 2" [_thread_blocked, id=24108, stack(0x0000000029900000,0x0000000029a00000)]
  0x000000001ecd4000 JavaThread "Execution worker for ':'" [_thread_blocked, id=25284, stack(0x0000000029800000,0x0000000029900000)]
  0x000000001ecda000 JavaThread "Cache worker for file content cache (C:\Users\tlock\Desktop\TeamApp16_FurnitureAR\.gradle\5.6.4\fileContent)" [_thread_blocked, id=15216, stack(0x00000000293e0000,0x00000000294e0000)]
  0x000000001fd8e000 JavaThread "Cache worker for file content cache (C:\Users\tlock\.gradle\caches\5.6.4\fileContent)" [_thread_blocked, id=24764, stack(0x0000000025ea0000,0x0000000025fa0000)]
  0x000000001fd8c000 JavaThread "Cache worker for Build Output Cleanup Cache (C:\Users\tlock\Desktop\TeamApp16_FurnitureAR\.gradle\buildOutputCleanup)" [_thread_blocked, id=9128, stack(0x0000000023d30000,0x0000000023e30000)]
  0x000000001fd8d800 JavaThread "pool-4-thread-1" [_thread_blocked, id=22912, stack(0x0000000025ba0000,0x0000000025ca0000)]
  0x000000001fd8b000 JavaThread "Build operations Thread 8" [_thread_blocked, id=10928, stack(0x00000000256a0000,0x00000000257a0000)]
  0x000000001fd90800 JavaThread "Build operations Thread 7" [_thread_blocked, id=25836, stack(0x00000000255a0000,0x00000000256a0000)]
  0x000000001fd8f000 JavaThread "Build operations Thread 6" [_thread_blocked, id=9192, stack(0x00000000254a0000,0x00000000255a0000)]
  0x000000001fd8f800 JavaThread "Build operations Thread 5" [_thread_blocked, id=17184, stack(0x00000000253a0000,0x00000000254a0000)]
  0x000000001fd8c800 JavaThread "Build operations Thread 4" [_thread_blocked, id=24896, stack(0x00000000242c0000,0x00000000243c0000)]
  0x000000001fd83800 JavaThread "Build operations Thread 3" [_thread_blocked, id=25364, stack(0x0000000023f80000,0x0000000024080000)]
  0x000000001fd89800 JavaThread "Build operations Thread 2" [_thread_blocked, id=24736, stack(0x0000000023e80000,0x0000000023f80000)]
  0x000000001fd89000 JavaThread "Build operations" [_thread_blocked, id=24028, stack(0x0000000022560000,0x0000000022660000)]
  0x000000001fd87800 JavaThread "Cache worker for cache directory md-rule (C:\Users\tlock\.gradle\caches\5.6.4\md-rule)" [_thread_blocked, id=20776, stack(0x0000000022460000,0x0000000022560000)]
  0x000000001fd86800 JavaThread "Cache worker for cache directory md-supplier (C:\Users\tlock\.gradle\caches\5.6.4\md-supplier)" [_thread_blocked, id=26152, stack(0x000000001f910000,0x000000001fa10000)]
  0x000000001fd8a800 JavaThread "Cache worker for file hash cache (C:\Users\tlock\Desktop\TeamApp16_FurnitureAR\.gradle\5.6.4\fileHashes)" [_thread_blocked, id=26128, stack(0x000000001e040000,0x000000001e140000)]
  0x000000001fd82000 JavaThread "Thread-37" [_thread_blocked, id=17996, stack(0x000000001de40000,0x000000001df40000)]
  0x000000001fd86000 JavaThread "Stdin handler" [_thread_blocked, id=17228, stack(0x000000001db40000,0x000000001dc40000)]
  0x000000001fd88000 JavaThread "Asynchronous log dispatcher for DefaultDaemonConnection: socket connection from /127.0.0.1:52378 to /127.0.0.1:52431" [_thread_blocked, id=7624, stack(0x0000000000f50000,0x0000000001050000)]
  0x000000001fd81800 JavaThread "Cancel handler" [_thread_blocked, id=11764, stack(0x0000000000e50000,0x0000000000f50000)]
  0x000000001fd83000 JavaThread "Handler for socket connection from /127.0.0.1:52378 to /127.0.0.1:52431" [_thread_in_native, id=24112, stack(0x0000000000d50000,0x0000000000e50000)]
  0x000000001ecdd000 JavaThread "Memory manager" [_thread_blocked, id=14764, stack(0x00000000267a0000,0x00000000268a0000)]
  0x000000001ecd9000 JavaThread "Cache worker for execution history cache (C:\Users\tlock\.gradle\caches\5.6.4\executionHistory)" [_thread_blocked, id=1160, stack(0x0000000022660000,0x0000000022760000)]
  0x000000001c779000 JavaThread "Cache worker for journal cache (C:\Users\tlock\.gradle\caches\journal-1)" [_thread_blocked, id=20736, stack(0x000000001e840000,0x000000001e940000)]
  0x000000001c775000 JavaThread "File lock request listener" [_thread_in_native, id=14904, stack(0x000000001e740000,0x000000001e840000)]
  0x000000001c777800 JavaThread "Cache worker for file hash cache (C:\Users\tlock\.gradle\caches\5.6.4\fileHashes)" [_thread_blocked, id=8748, stack(0x000000001e640000,0x000000001e740000)]
  0x000000001c544800 JavaThread "Daemon worker" [_thread_blocked, id=760, stack(0x000000001df40000,0x000000001e040000)]
  0x000000001c444800 JavaThread "Daemon" [_thread_blocked, id=6228, stack(0x000000001da40000,0x000000001db40000)]
  0x000000001c3d0800 JavaThread "Daemon periodic checks" [_thread_blocked, id=23840, stack(0x000000001d940000,0x000000001da40000)]
  0x000000001c3cf800 JavaThread "Incoming local TCP Connector on port 52378" [_thread_in_native, id=26160, stack(0x000000001d700000,0x000000001d800000)]
  0x000000001c38c800 JavaThread "Daemon health stats" [_thread_blocked, id=27488, stack(0x000000001d0c0000,0x000000001d1c0000)]
  0x0000000019aaa000 JavaThread "Service Thread" daemon [_thread_blocked, id=2236, stack(0x000000001a720000,0x000000001a820000)]
  0x0000000019a6c000 JavaThread "C1 CompilerThread3" daemon [_thread_blocked, id=18336, stack(0x000000001a620000,0x000000001a720000)]
=>0x0000000019a68000 JavaThread "C2 CompilerThread2" daemon [_thread_in_native, id=12500, stack(0x000000001a520000,0x000000001a620000)]
  0x0000000019a56800 JavaThread "C2 CompilerThread1" daemon [_thread_blocked, id=16280, stack(0x000000001a420000,0x000000001a520000)]
  0x0000000019a52000 JavaThread "C2 CompilerThread0" daemon [_thread_in_native, id=18996, stack(0x000000001a320000,0x000000001a420000)]
  0x0000000019a50800 JavaThread "Attach Listener" daemon [_thread_blocked, id=12228, stack(0x000000001a220000,0x000000001a320000)]
  0x0000000019a4f800 JavaThread "Signal Dispatcher" daemon [_thread_blocked, id=17340, stack(0x000000001a120000,0x000000001a220000)]
  0x0000000019a40800 JavaThread "Finalizer" daemon [_thread_blocked, id=15392, stack(0x0000000019f20000,0x000000001a020000)]
  0x0000000017c4b800 JavaThread "Reference Handler" daemon [_thread_blocked, id=12340, stack(0x0000000019e20000,0x0000000019f20000)]
  0x0000000002ae2800 JavaThread "main" [_thread_blocked, id=16504, stack(0x00000000029e0000,0x0000000002ae0000)]

Other Threads:
  0x0000000017c47000 VMThread [stack: 0x0000000019920000,0x0000000019a20000] [id=24708]
  0x0000000019aab000 WatcherThread [stack: 0x000000001a820000,0x000000001a920000] [id=18260]

VM state:not at safepoint (normal execution)

VM Mutex/Monitor currently owned by a thread: None

heap address: 0x0000000080000000, size: 2048 MB, Compressed Oops mode: 32-bit
Narrow klass base: 0x0000000000000000, Narrow klass shift: 3
Compressed class space size: 1073741824 Address: 0x0000000100000000

Heap:
 PSYoungGen      total 315904K, used 75090K [0x00000000d5580000, 0x00000000eb480000, 0x0000000100000000)
  eden space 276480K, 16% used [0x00000000d5580000,0x00000000d8212018,0x00000000e6380000)
  from space 39424K, 74% used [0x00000000e8e00000,0x00000000eaac2930,0x00000000eb480000)
  to   space 41472K, 0% used [0x00000000e6380000,0x00000000e6380000,0x00000000e8c00000)
 ParOldGen       total 152576K, used 61682K [0x0000000080000000, 0x0000000089500000, 0x00000000d5580000)
  object space 152576K, 40% used [0x0000000080000000,0x0000000083c3c9e8,0x0000000089500000)
 Metaspace       used 88298K, capacity 91942K, committed 92184K, reserved 1128448K
  class space    used 11397K, capacity 12207K, committed 12312K, reserved 1048576K

Card table byte_map: [0x0000000011fa0000,0x00000000123b0000] byte_map_base: 0x0000000011ba0000

Marking Bits: (ParMarkBitMap*) 0x000000006665f030
 Begin Bits: [0x0000000012e60000, 0x0000000014e60000)
 End Bits:   [0x0000000014e60000, 0x0000000016e60000)

Polling page: 0x0000000000c30000

CodeCache: size=245760Kb used=42069Kb max_used=42094Kb free=203690Kb
 bounds [0x0000000002be0000, 0x0000000005540000, 0x0000000011be0000]
 total_blobs=13237 nmethods=12247 adapters=902
 compilation: enabled

Compilation events (10 events):
Event: 102.230 Thread 0x0000000019a6c000 14818       3       com.android.build.gradle.internal.scope.VariantScopeImpl$$Lambda$244/1810199396::isSatisfiedBy (8 bytes)
Event: 102.231 Thread 0x0000000019a6c000 nmethod 14818 0x0000000003581d10 code [0x0000000003581e80, 0x0000000003582250]
Event: 102.231 Thread 0x0000000019a6c000 14819       3       com.android.build.gradle.internal.scope.VariantScopeImpl::lambda$getComponentFilter$5 (5 bytes)
Event: 102.231 Thread 0x0000000019a6c000 nmethod 14819 0x00000000035818d0 code [0x0000000003581a20, 0x0000000003581c70]
Event: 102.231 Thread 0x0000000019a6c000 14820       1       org.gradle.api.internal.artifacts.ivyservice.resolveengine.artifact.ParallelResolveArtifactSet$VisitingSet::access$100 (5 bytes)
Event: 102.231 Thread 0x0000000019a6c000 nmethod 14820 0x00000000040a79d0 code [0x00000000040a7b20, 0x00000000040a7c10]
Event: 102.242 Thread 0x0000000019a56800 14821       4       java.lang.String::lastIndexOf (151 bytes)
Event: 102.248 Thread 0x0000000019a6c000 14822       3       kotlin.reflect.jvm.internal.ReflectProperties$Val::<init> (5 bytes)
Event: 102.248 Thread 0x0000000019a6c000 nmethod 14822 0x0000000003581510 code [0x0000000003581660, 0x0000000003581810]
Event: 102.249 Thread 0x0000000019a56800 nmethod 14821 0x0000000004902a90 code [0x0000000004902be0, 0x0000000004902ef8]

GC Heap History (10 events):
Event: 44.924 GC heap before
{Heap before GC invocations=17 (full 3):
 PSYoungGen      total 229376K, used 219653K [0x00000000d5580000, 0x00000000e5b80000, 0x0000000100000000)
  eden space 208896K, 99% used [0x00000000d5580000,0x00000000e216a4c8,0x00000000e2180000)
  from space 20480K, 52% used [0x00000000e2180000,0x00000000e2c16fb8,0x00000000e3580000)
  to   space 19456K, 0% used [0x00000000e4880000,0x00000000e4880000,0x00000000e5b80000)
 ParOldGen       total 152576K, used 36337K [0x0000000080000000, 0x0000000089500000, 0x00000000d5580000)
  object space 152576K, 23% used [0x0000000080000000,0x000000008237c630,0x0000000089500000)
 Metaspace       used 73737K, capacity 76520K, committed 76696K, reserved 1116160K
  class space    used 10007K, capacity 10615K, committed 10648K, reserved 1048576K
Event: 45.007 GC heap after
Heap after GC invocations=17 (full 3):
 PSYoungGen      total 246784K, used 18802K [0x00000000d5580000, 0x00000000e5e80000, 0x0000000100000000)
  eden space 227328K, 0% used [0x00000000d5580000,0x00000000d5580000,0x00000000e3380000)
  from space 19456K, 96% used [0x00000000e4880000,0x00000000e5adc888,0x00000000e5b80000)
  to   space 21504K, 0% used [0x00000000e3380000,0x00000000e3380000,0x00000000e4880000)
 ParOldGen       total 152576K, used 36345K [0x0000000080000000, 0x0000000089500000, 0x00000000d5580000)
  object space 152576K, 23% used [0x0000000080000000,0x000000008237e630,0x0000000089500000)
 Metaspace       used 73737K, capacity 76520K, committed 76696K, reserved 1116160K
  class space    used 10007K, capacity 10615K, committed 10648K, reserved 1048576K
}
Event: 51.906 GC heap before
{Heap before GC invocations=18 (full 3):
 PSYoungGen      total 246784K, used 246130K [0x00000000d5580000, 0x00000000e5e80000, 0x0000000100000000)
  eden space 227328K, 100% used [0x00000000d5580000,0x00000000e3380000,0x00000000e3380000)
  from space 19456K, 96% used [0x00000000e4880000,0x00000000e5adc888,0x00000000e5b80000)
  to   space 21504K, 0% used [0x00000000e3380000,0x00000000e3380000,0x00000000e4880000)
 ParOldGen       total 152576K, used 36345K [0x0000000080000000, 0x0000000089500000, 0x00000000d5580000)
  object space 152576K, 23% used [0x0000000080000000,0x000000008237e630,0x0000000089500000)
 Metaspace       used 76265K, capacity 79320K, committed 79512K, reserved 1118208K
  class space    used 10202K, capacity 10831K, committed 10904K, reserved 1048576K
Event: 51.928 GC heap after
Heap after GC invocations=18 (full 3):
 PSYoungGen      total 248832K, used 20824K [0x00000000d5580000, 0x00000000e7480000, 0x0000000100000000)
  eden space 227328K, 0% used [0x00000000d5580000,0x00000000d5580000,0x00000000e3380000)
  from space 21504K, 96% used [0x00000000e3380000,0x00000000e47d6138,0x00000000e4880000)
  to   space 24064K, 0% used [0x00000000e5d00000,0x00000000e5d00000,0x00000000e7480000)
 ParOldGen       total 152576K, used 36353K [0x0000000080000000, 0x0000000089500000, 0x00000000d5580000)
  object space 152576K, 23% used [0x0000000080000000,0x0000000082380630,0x0000000089500000)
 Metaspace       used 76265K, capacity 79320K, committed 79512K, reserved 1118208K
  class space    used 10202K, capacity 10831K, committed 10904K, reserved 1048576K
}
Event: 54.213 GC heap before
{Heap before GC invocations=19 (full 3):
 PSYoungGen      total 248832K, used 248152K [0x00000000d5580000, 0x00000000e7480000, 0x0000000100000000)
  eden space 227328K, 100% used [0x00000000d5580000,0x00000000e3380000,0x00000000e3380000)
  from space 21504K, 96% used [0x00000000e3380000,0x00000000e47d6138,0x00000000e4880000)
  to   space 24064K, 0% used [0x00000000e5d00000,0x00000000e5d00000,0x00000000e7480000)
 ParOldGen       total 152576K, used 36353K [0x0000000080000000, 0x0000000089500000, 0x00000000d5580000)
  object space 152576K, 23% used [0x0000000080000000,0x0000000082380630,0x0000000089500000)
 Metaspace       used 76549K, capacity 79608K, committed 79768K, reserved 1118208K
  class space    used 10222K, capacity 10863K, committed 10904K, reserved 1048576K
Event: 54.533 GC heap after
Heap after GC invocations=19 (full 3):
 PSYoungGen      total 265216K, used 24061K [0x00000000d5580000, 0x00000000eab00000, 0x0000000100000000)
  eden space 241152K, 0% used [0x00000000d5580000,0x00000000d5580000,0x00000000e4100000)
  from space 24064K, 99% used [0x00000000e5d00000,0x00000000e747f628,0x00000000e7480000)
  to   space 28672K, 0% used [0x00000000e4100000,0x00000000e4100000,0x00000000e5d00000)
 ParOldGen       total 152576K, used 40078K [0x0000000080000000, 0x0000000089500000, 0x00000000d5580000)
  object space 152576K, 26% used [0x0000000080000000,0x0000000082723be0,0x0000000089500000)
 Metaspace       used 76549K, capacity 79608K, committed 79768K, reserved 1118208K
  class space    used 10222K, capacity 10863K, committed 10904K, reserved 1048576K
}
Event: 92.523 GC heap before
{Heap before GC invocations=20 (full 3):
 PSYoungGen      total 265216K, used 265213K [0x00000000d5580000, 0x00000000eab00000, 0x0000000100000000)
  eden space 241152K, 100% used [0x00000000d5580000,0x00000000e4100000,0x00000000e4100000)
  from space 24064K, 99% used [0x00000000e5d00000,0x00000000e747f628,0x00000000e7480000)
  to   space 28672K, 0% used [0x00000000e4100000,0x00000000e4100000,0x00000000e5d00000)
 ParOldGen       total 152576K, used 40078K [0x0000000080000000, 0x0000000089500000, 0x00000000d5580000)
  object space 152576K, 26% used [0x0000000080000000,0x0000000082723be0,0x0000000089500000)
 Metaspace       used 82407K, capacity 85846K, committed 86040K, reserved 1124352K
  class space    used 10749K, capacity 11469K, committed 11544K, reserved 1048576K
Event: 92.589 GC heap after
Heap after GC invocations=20 (full 3):
 PSYoungGen      total 269824K, used 28655K [0x00000000d5580000, 0x00000000eb480000, 0x0000000100000000)
  eden space 241152K, 0% used [0x00000000d5580000,0x00000000d5580000,0x00000000e4100000)
  from space 28672K, 99% used [0x00000000e4100000,0x00000000e5cfbed8,0x00000000e5d00000)
  to   space 39424K, 0% used [0x00000000e8e00000,0x00000000e8e00000,0x00000000eb480000)
 ParOldGen       total 152576K, used 57604K [0x0000000080000000, 0x0000000089500000, 0x00000000d5580000)
  object space 152576K, 37% used [0x0000000080000000,0x0000000083841110,0x0000000089500000)
 Metaspace       used 82407K, capacity 85846K, committed 86040K, reserved 1124352K
  class space    used 10749K, capacity 11469K, committed 11544K, reserved 1048576K
}
Event: 100.261 GC heap before
{Heap before GC invocations=21 (full 3):
 PSYoungGen      total 269824K, used 269807K [0x00000000d5580000, 0x00000000eb480000, 0x0000000100000000)
  eden space 241152K, 100% used [0x00000000d5580000,0x00000000e4100000,0x00000000e4100000)
  from space 28672K, 99% used [0x00000000e4100000,0x00000000e5cfbed8,0x00000000e5d00000)
  to   space 39424K, 0% used [0x00000000e8e00000,0x00000000e8e00000,0x00000000eb480000)
 ParOldGen       total 152576K, used 57604K [0x0000000080000000, 0x0000000089500000, 0x00000000d5580000)
  object space 152576K, 37% used [0x0000000080000000,0x0000000083841110,0x0000000089500000)
 Metaspace       used 87257K, capacity 90898K, committed 91288K, reserved 1128448K
  class space    used 11266K, capacity 12063K, committed 12184K, reserved 1048576K
Event: 100.325 GC heap after
Heap after GC invocations=21 (full 3):
 PSYoungGen      total 315904K, used 29450K [0x00000000d5580000, 0x00000000eb480000, 0x0000000100000000)
  eden space 276480K, 0% used [0x00000000d5580000,0x00000000d5580000,0x00000000e6380000)
  from space 39424K, 74% used [0x00000000e8e00000,0x00000000eaac2930,0x00000000eb480000)
  to   space 41472K, 0% used [0x00000000e6380000,0x00000000e6380000,0x00000000e8c00000)
 ParOldGen       total 152576K, used 61682K [0x0000000080000000, 0x0000000089500000, 0x00000000d5580000)
  object space 152576K, 40% used [0x0000000080000000,0x0000000083c3c9e8,0x0000000089500000)
 Metaspace       used 87257K, capacity 90898K, committed 91288K, reserved 1128448K
  class space    used 11266K, capacity 12063K, committed 12184K, reserved 1048576K
}

Deoptimization events (10 events):
Event: 101.633 Thread 0x000000001c544800 Uncommon trap: reason=speculate_class_check action=maybe_recompile pc=0x00000000035831b0 method=com.sun.org.apache.xerces.internal.dom.ElementImpl.getNodeName()Ljava/lang/String; @ 8
Event: 101.661 Thread 0x000000001c544800 Uncommon trap: reason=speculate_class_check action=maybe_recompile pc=0x00000000035831b0 method=com.sun.org.apache.xerces.internal.dom.ElementImpl.getNodeName()Ljava/lang/String; @ 8
Event: 101.682 Thread 0x000000001c544800 Uncommon trap: reason=unstable_if action=reinterpret pc=0x0000000005422404 method=com.sun.org.apache.xerces.internal.dom.ParentNode.internalInsertBefore(Lorg/w3c/dom/Node;Lorg/w3c/dom/Node;Z)Lorg/w3c/dom/Node; @ 572
Event: 101.718 Thread 0x000000001c544800 Uncommon trap: reason=unstable_if action=reinterpret pc=0x0000000004226d38 method=java.util.HashMap.removeNode(ILjava/lang/Object;Ljava/lang/Object;ZZ)Ljava/util/HashMap$Node; @ 71
Event: 101.803 Thread 0x000000001c544800 Uncommon trap: reason=unstable_if action=reinterpret pc=0x0000000005410de4 method=com.google.gson.stream.JsonWriter.newline()V @ 4
Event: 101.803 Thread 0x000000001c544800 Uncommon trap: reason=unstable_if action=reinterpret pc=0x0000000005407104 method=com.google.gson.stream.JsonWriter.string(Ljava/lang/String;)V @ 4
Event: 101.803 Thread 0x000000001c544800 Uncommon trap: reason=class_check action=maybe_recompile pc=0x00000000054e061c method=com.google.gson.stream.JsonWriter.beforeValue()V @ 111
Event: 101.803 Thread 0x000000001c544800 Uncommon trap: reason=class_check action=maybe_recompile pc=0x00000000054e061c method=com.google.gson.stream.JsonWriter.beforeValue()V @ 111
Event: 101.807 Thread 0x000000001c544800 Uncommon trap: reason=class_check action=maybe_recompile pc=0x00000000054e061c method=com.google.gson.stream.JsonWriter.beforeValue()V @ 111
Event: 101.807 Thread 0x000000001c544800 Uncommon trap: reason=class_check action=maybe_recompile pc=0x00000000054e061c method=com.google.gson.stream.JsonWriter.beforeValue()V @ 111

Classes redefined (0 events):
No events

Internal exceptions (10 events):
Event: 99.235 Thread 0x000000001ecdc000 Implicit null exception at 0x00000000052e0857 to 0x00000000052e0b9d
Event: 99.307 Thread 0x000000001b2c4800 Exception <a 'java/io/FileNotFoundException'> (0x00000000e1a31aa0) thrown at [C:\src\AOSP-openjdk-git\hotspot\src\share\vm\prims\jni.cpp, line 710]
Event: 99.401 Thread 0x000000001b2c4800 Exception <a 'java/io/FileNotFoundException'> (0x00000000e1a49f78) thrown at [C:\src\AOSP-openjdk-git\hotspot\src\share\vm\prims\jni.cpp, line 710]
Event: 100.113 Thread 0x000000001ecdc000 Implicit null exception at 0x000000000542c451 to 0x0000000005429bdd
Event: 100.229 Thread 0x000000001ecdc000 Exception <a 'java/lang/NoSuchMethodError': <clinit>> (0x00000000e3e673c8) thrown at [C:\src\AOSP-openjdk-git\hotspot\src\share\vm\prims\jni.cpp, line 1615]
Event: 100.231 Thread 0x000000001ecdc000 Exception <a 'java/lang/NoSuchMethodError': <clinit>> (0x00000000e3e826d0) thrown at [C:\src\AOSP-openjdk-git\hotspot\src\share\vm\prims\jni.cpp, line 1615]
Event: 100.231 Thread 0x000000001ecdc000 Exception <a 'java/lang/NoSuchMethodError': <clinit>> (0x00000000e3e875b8) thrown at [C:\src\AOSP-openjdk-git\hotspot\src\share\vm\prims\jni.cpp, line 1615]
Event: 100.234 Thread 0x000000001ecdc000 Exception <a 'java/lang/NoSuchMethodError': <clinit>> (0x00000000e3e97dd0) thrown at [C:\src\AOSP-openjdk-git\hotspot\src\share\vm\prims\jni.cpp, line 1615]
Event: 102.200 Thread 0x000000001ecdc000 Exception <a 'java/lang/NoSuchMethodError': <clinit>> (0x00000000d7afba30) thrown at [C:\src\AOSP-openjdk-git\hotspot\src\share\vm\prims\jni.cpp, line 1615]
Event: 102.201 Thread 0x000000001ecdc000 Exception <a 'java/lang/NoSuchMethodError': <clinit>> (0x00000000d7afcd50) thrown at [C:\src\AOSP-openjdk-git\hotspot\src\share\vm\prims\jni.cpp, line 1615]

Events (10 events):
Event: 102.346 loading class kotlin/reflect/jvm/internal/components/RuntimeErrorReporter
Event: 102.346 loading class kotlin/reflect/jvm/internal/components/RuntimeErrorReporter done
Event: 102.347 loading class kotlin/reflect/jvm/internal/impl/serialization/deserialization/ErrorReporter
Event: 102.347 loading class kotlin/reflect/jvm/internal/impl/serialization/deserialization/ErrorReporter done
Event: 102.348 loading class kotlin/reflect/jvm/internal/impl/load/java/components/JavaResolverCache
Event: 102.348 loading class kotlin/reflect/jvm/internal/impl/load/java/components/JavaResolverCache done
Event: 102.348 loading class kotlin/reflect/jvm/internal/impl/load/java/components/JavaResolverCache$1
Event: 102.348 loading class kotlin/reflect/jvm/internal/impl/load/java/components/JavaResolverCache$1 done
Event: 102.349 loading class kotlin/reflect/jvm/internal/impl/load/java/components/JavaPropertyInitializerEvaluator$DoNothing
Event: 102.349 loading class kotlin/reflect/jvm/internal/impl/load/java/components/JavaPropertyInitializerEvaluator$DoNothing done


Dynamic libraries:
0x00007ff751290000 - 0x00007ff7512c1000 	C:\Program Files\Android\Android Studio1\jre\bin\java.exe
0x00007ffd1f370000 - 0x00007ffd1f565000 	C:\WINDOWS\SYSTEM32\ntdll.dll
0x00007ffd1d580000 - 0x00007ffd1d63d000 	C:\WINDOWS\System32\KERNEL32.DLL
0x00007ffd1cf10000 - 0x00007ffd1d1d9000 	C:\WINDOWS\System32\KERNELBASE.dll
0x00007ffd1dac0000 - 0x00007ffd1db6c000 	C:\WINDOWS\System32\ADVAPI32.dll
0x00007ffd1d3d0000 - 0x00007ffd1d46e000 	C:\WINDOWS\System32\msvcrt.dll
0x00007ffd1e630000 - 0x00007ffd1e6cc000 	C:\WINDOWS\System32\sechost.dll
0x00007ffd1f1f0000 - 0x00007ffd1f31b000 	C:\WINDOWS\System32\RPCRT4.dll
0x00007ffd1e490000 - 0x00007ffd1e630000 	C:\WINDOWS\System32\USER32.dll
0x00007ffd1d3a0000 - 0x00007ffd1d3c2000 	C:\WINDOWS\System32\win32u.dll
0x00007ffd1e460000 - 0x00007ffd1e48a000 	C:\WINDOWS\System32\GDI32.dll
0x00007ffd1d1e0000 - 0x00007ffd1d2eb000 	C:\WINDOWS\System32\gdi32full.dll
0x00007ffd1cd70000 - 0x00007ffd1ce0d000 	C:\WINDOWS\System32\msvcp_win.dll
0x00007ffd1cc10000 - 0x00007ffd1cd10000 	C:\WINDOWS\System32\ucrtbase.dll
0x00007ffd0a540000 - 0x00007ffd0a7da000 	C:\WINDOWS\WinSxS\amd64_microsoft.windows.common-controls_6595b64144ccf1df_6.0.19041.844_none_ca00b6081b84eb1d\COMCTL32.dll
0x00007ffd1e250000 - 0x00007ffd1e280000 	C:\WINDOWS\System32\IMM32.DLL
0x0000000065db0000 - 0x0000000065e82000 	C:\Program Files\Android\Android Studio1\jre\jre\bin\msvcr100.dll
0x0000000065e90000 - 0x00000000666db000 	C:\Program Files\Android\Android Studio1\jre\jre\bin\server\jvm.dll
0x00007ffd1f320000 - 0x00007ffd1f328000 	C:\WINDOWS\System32\PSAPI.DLL
0x00007ffd122e0000 - 0x00007ffd122e9000 	C:\WINDOWS\SYSTEM32\WSOCK32.dll
0x00007ffd068d0000 - 0x00007ffd068f7000 	C:\WINDOWS\SYSTEM32\WINMM.dll
0x00007ffd1b960000 - 0x00007ffd1b96a000 	C:\WINDOWS\SYSTEM32\VERSION.dll
0x00007ffd1e3f0000 - 0x00007ffd1e45b000 	C:\WINDOWS\System32\WS2_32.dll
0x00007ffd18ac0000 - 0x00007ffd18acf000 	C:\Program Files\Android\Android Studio1\jre\jre\bin\verify.dll
0x00007ffd081c0000 - 0x00007ffd081e9000 	C:\Program Files\Android\Android Studio1\jre\jre\bin\java.dll
0x00007ffd08d90000 - 0x00007ffd08da6000 	C:\Program Files\Android\Android Studio1\jre\jre\bin\zip.dll
0x00007ffd1ea30000 - 0x00007ffd1f172000 	C:\WINDOWS\System32\SHELL32.dll
0x00007ffd1b190000 - 0x00007ffd1b920000 	C:\WINDOWS\SYSTEM32\windows.storage.dll
0x00007ffd1e6d0000 - 0x00007ffd1ea25000 	C:\WINDOWS\System32\combase.dll
0x00007ffd1c520000 - 0x00007ffd1c54c000 	C:\WINDOWS\SYSTEM32\Wldp.dll
0x00007ffd1db70000 - 0x00007ffd1dc1e000 	C:\WINDOWS\System32\SHCORE.dll
0x00007ffd1f180000 - 0x00007ffd1f1d5000 	C:\WINDOWS\System32\shlwapi.dll
0x00007ffd1c9f0000 - 0x00007ffd1ca0f000 	C:\WINDOWS\SYSTEM32\profapi.dll
0x00007ffd06ac0000 - 0x00007ffd06ada000 	C:\Program Files\Android\Android Studio1\jre\jre\bin\net.dll
0x00007ffd1c2a0000 - 0x00007ffd1c30a000 	C:\WINDOWS\system32\mswsock.dll
0x00007ffd05ba0000 - 0x00007ffd05bb3000 	C:\Program Files\Android\Android Studio1\jre\jre\bin\nio.dll
0x00007ffd05de0000 - 0x00007ffd05e06000 	C:\Users\tlock\.gradle\native\30\windows-amd64\native-platform.dll
0x00007ffd17fa0000 - 0x00007ffd17fad000 	C:\Program Files\Android\Android Studio1\jre\jre\bin\management.dll
0x00007ffd1c470000 - 0x00007ffd1c488000 	C:\WINDOWS\SYSTEM32\CRYPTSP.dll
0x00007ffd1bbd0000 - 0x00007ffd1bc04000 	C:\WINDOWS\system32\rsaenh.dll
0x00007ffd1ce10000 - 0x00007ffd1ce37000 	C:\WINDOWS\System32\bcrypt.dll
0x00007ffd1c970000 - 0x00007ffd1c99e000 	C:\WINDOWS\SYSTEM32\USERENV.dll
0x00007ffd1ce40000 - 0x00007ffd1cec0000 	C:\WINDOWS\System32\bcryptprimitives.dll
0x00007ffd1c490000 - 0x00007ffd1c49c000 	C:\WINDOWS\SYSTEM32\CRYPTBASE.dll
0x00007ffd1bf20000 - 0x00007ffd1bf5b000 	C:\WINDOWS\SYSTEM32\IPHLPAPI.DLL
0x00007ffd1f1e0000 - 0x00007ffd1f1e8000 	C:\WINDOWS\System32\NSI.dll
0x00007ffd10880000 - 0x00007ffd10897000 	C:\WINDOWS\SYSTEM32\dhcpcsvc6.DLL
0x00007ffd10cd0000 - 0x00007ffd10ced000 	C:\WINDOWS\SYSTEM32\dhcpcsvc.DLL
0x00007ffd1bf60000 - 0x00007ffd1c02b000 	C:\WINDOWS\SYSTEM32\DNSAPI.dll
0x00007ffcf8be0000 - 0x00007ffcf8c04000 	C:\Program Files\Android\Android Studio1\jre\jre\bin\sunec.dll
0x00007ffd138e0000 - 0x00007ffd138eb000 	C:\Program Files\Android\Android Studio1\jre\jre\bin\sunmscapi.dll
0x00007ffd1cab0000 - 0x00007ffd1cc0f000 	C:\WINDOWS\System32\CRYPT32.dll
0x00007ffd10c10000 - 0x00007ffd10c1a000 	C:\Windows\System32\rasadhlp.dll
0x00007ffd0ff80000 - 0x00007ffd0ffff000 	C:\WINDOWS\System32\fwpuclnt.dll
0x00007ffd1aea0000 - 0x00007ffd1aed3000 	C:\WINDOWS\SYSTEM32\ntmarta.dll
0x00007ffd19e10000 - 0x00007ffd19ea0000 	C:\WINDOWS\system32\apphelp.dll
0x00007ffce2250000 - 0x00007ffce23ec000 	C:\Program Files\Android\Android Studio1\jre\jre\bin\awt.dll
0x00007ffd1d840000 - 0x00007ffd1d90d000 	C:\WINDOWS\System32\OLEAUT32.dll
0x00007ffd1a1b0000 - 0x00007ffd1a1df000 	C:\WINDOWS\SYSTEM32\dwmapi.dll
0x00007ffd18d50000 - 0x00007ffd19310000 	C:\WINDOWS\SYSTEM32\d2d1.dll
0x00007ffd19f60000 - 0x00007ffd19ffe000 	C:\WINDOWS\system32\uxtheme.dll

VM Arguments:
jvm_args: -Xmx2048m -Dfile.encoding=UTF-8 -Duser.country=GB -Duser.language=en -Duser.variant 
java_command: org.gradle.launcher.daemon.bootstrap.GradleDaemon 5.6.4
java_class_path (initial): C:\Users\tlock\.gradle\wrapper\dists\gradle-5.6.4-all\ankdp27end7byghfw1q2sw75f\gradle-5.6.4\lib\gradle-launcher-5.6.4.jar
Launcher Type: SUN_STANDARD

Environment Variables:
PATH=C:\Program Files\Microsoft MPI\Bin\;C:\Program Files\NVIDIA GPU Computing Toolkit\CUDA\v11.1\bin;C:\Program Files\NVIDIA GPU Computing Toolkit\CUDA\v11.1\libnvvp;C:\Python38\Scripts\;C:\Python38\;C:\WINDOWS\system32;C:\WINDOWS;C:\WINDOWS\System32\Wbem;C:\WINDOWS\System32\WindowsPowerShell\v1.0\;C:\WINDOWS\System32\OpenSSH\;C:\Program Files\Intel\WiFi\bin\;C:\Program Files\Common Files\Intel\WirelessCommon\;C:\Program Files\dotnet\;C:\Program Files\Microsoft SQL Server\130\Tools\Binn\;C:\Program Files\Microsoft SQL Server\Client SDK\ODBC\170\Tools\Binn\;C:\ProgramData\chocolatey\bin;C:\Program Files\nodejs\;C:\Program Files\NVIDIA Corporation\Nsight Compute 2020.2.1\;C:\Program Files (x86)\NVIDIA Corporation\PhysX\Common;C:\Program Files\Git\cmd;C:\WINDOWS\system32;C:\WINDOWS;C:\WINDOWS\System32\Wbem;C:\WINDOWS\System32\WindowsPowerShell\v1.0\;C:\WINDOWS\System32\OpenSSH\;C:\Users\tlock\AppData\Local\Microsoft\WindowsApps;C:\Users\tlock\AppData\Local\Programs\Microsoft VS Code\bin;C:\Users\tlock\AppData\Local\GitHubDesktop\bin;C:\Users\tlock\AppData\Local\Microsoft\WindowsApps;C:\Users\tlock\AppData\Roaming\npm;C:\Users\tlock\.dotnet\tools;
USERNAME=tlock
OS=Windows_NT
PROCESSOR_IDENTIFIER=Intel64 Family 6 Model 142 Stepping 12, GenuineIntel



---------------  S Y S T E M  ---------------

OS: Windows 10.0 , 64 bit Build 19041 (10.0.19041.804)

CPU:total 8 (initial active 8) (4 cores per cpu, 2 threads per core) family 6 model 142 stepping 12, cmov, cx8, fxsr, mmx, sse, sse2, sse3, ssse3, sse4.1, sse4.2, popcnt, avx, avx2, aes, clmul, erms, 3dnowpref, lzcnt, ht, tsc, tscinvbit, bmi1, bmi2, adx

Memory: 4k page, physical 8198288k(307756k free), swap 33364112k(5520k free)

vm_info: OpenJDK 64-Bit Server VM (25.242-b01) for windows-amd64 JRE (1.8.0_242-release-1644-b01), built by "builder" with MS VC++ 10.0 (VS2010)

time: Thu Mar 25 04:52:51 2021
timezone: GMT Standard Time
elapsed time: 102 seconds (0d 0h 1m 42s)

