#
# There is insufficient memory for the Java Runtime Environment to continue.
# Native memory allocation (malloc) failed to allocate 750416 bytes for Chunk::new
# Possible reasons:
#   The system is out of physical RAM or swap space
#   The process is running with CompressedOops enabled, and the Java Heap may be blocking the growth of the native heap
# Possible solutions:
#   Reduce memory load on the system
#   Increase physical memory or swap space
#   Check if swap backing store is full
#   Decrease Java heap size (-Xmx/-Xms)
#   Decrease number of Java threads
#   Decrease Java thread stack sizes (-Xss)
#   Set larger code cache with -XX:ReservedCodeCacheSize=
#   JVM is running with Unscaled Compressed Oops mode in which the Java heap is
#     placed in the first 4GB address space. The Java Heap base address is the
#     maximum limit for the native heap growth. Please use -XX:HeapBaseMinAddress
#     to set the Java Heap base and to place the Java Heap above 4GB virtual address.
# This output file may be truncated or incomplete.
#
#  Out of Memory Error (allocation.cpp:389), pid=25524, tid=0x0000000000006678
#
# JRE version: OpenJDK Runtime Environment (8.0_242-b01) (build 1.8.0_242-release-1644-b01)
# Java VM: OpenJDK 64-Bit Server VM (25.242-b01 mixed mode windows-amd64 compressed oops)
# Failed to write core dump. Minidumps are not enabled by default on client versions of Windows
#

---------------  T H R E A D  ---------------

Current thread (0x0000000017b33000):  JavaThread "C2 CompilerThread2" daemon [_thread_in_native, id=26232, stack(0x00000000185f0000,0x00000000186f0000)]

Stack: [0x00000000185f0000,0x00000000186f0000]
[error occurred during error reporting (printing stack bounds), id 0xc0000005]

Native frames: (J=compiled Java code, j=interpreted, Vv=VM code, C=native code)


Current CompileTask:
C2:   2659 1505   !   4       java.net.URLClassLoader$1::run (63 bytes)


---------------  P R O C E S S  ---------------

Java Threads: ( => current thread )
  0x000000001a5b6800 JavaThread "Cache worker for journal cache (C:\Users\tlock\.gradle\caches\journal-1)" [_thread_blocked, id=11980, stack(0x000000001c910000,0x000000001ca10000)]
  0x000000001a5b7800 JavaThread "File lock request listener" [_thread_in_native, id=26468, stack(0x000000001c810000,0x000000001c910000)]
  0x000000001a5b9800 JavaThread "Cache worker for file hash cache (C:\Users\tlock\.gradle\caches\5.6.4\fileHashes)" [_thread_blocked, id=14340, stack(0x000000001c710000,0x000000001c810000)]
  0x000000001a4ed000 JavaThread "Thread-9" [_thread_blocked, id=10336, stack(0x000000001c410000,0x000000001c510000)]
  0x000000001a58f800 JavaThread "Stdin handler" [_thread_blocked, id=10572, stack(0x000000001c310000,0x000000001c410000)]
  0x000000001a51d000 JavaThread "Asynchronous log dispatcher for DefaultDaemonConnection: socket connection from /127.0.0.1:52293 to /127.0.0.1:52294" [_thread_blocked, id=25288, stack(0x000000001c110000,0x000000001c210000)]
  0x000000001a4d8000 JavaThread "Daemon worker" [_thread_in_vm, id=19408, stack(0x000000001c010000,0x000000001c110000)]
  0x000000001a4d7800 JavaThread "Cancel handler" [_thread_blocked, id=16304, stack(0x000000001bf10000,0x000000001c010000)]
  0x000000001a4bd000 JavaThread "Handler for socket connection from /127.0.0.1:52293 to /127.0.0.1:52294" [_thread_in_native, id=17100, stack(0x000000001bc10000,0x000000001bd10000)]
  0x000000001a4b5800 JavaThread "Daemon" [_thread_blocked, id=14016, stack(0x000000001bb10000,0x000000001bc10000)]
  0x000000001a45b800 JavaThread "Daemon periodic checks" [_thread_blocked, id=9696, stack(0x000000001ba10000,0x000000001bb10000)]
  0x000000001a44a000 JavaThread "Incoming local TCP Connector on port 52293" [_thread_in_native, id=14904, stack(0x000000001b7d0000,0x000000001b8d0000)]
  0x000000001a3e4800 JavaThread "Daemon health stats" [_thread_blocked, id=144, stack(0x000000001b190000,0x000000001b290000)]
  0x0000000017b8b000 JavaThread "Service Thread" daemon [_thread_blocked, id=22628, stack(0x00000000187f0000,0x00000000188f0000)]
  0x0000000017b3f000 JavaThread "C1 CompilerThread3" daemon [_thread_blocked, id=1756, stack(0x00000000186f0000,0x00000000187f0000)]
=>0x0000000017b33000 JavaThread "C2 CompilerThread2" daemon [_thread_in_native, id=26232, stack(0x00000000185f0000,0x00000000186f0000)]
  0x0000000017b26800 JavaThread "C2 CompilerThread1" daemon [_thread_in_native, id=3188, stack(0x00000000184f0000,0x00000000185f0000)]
  0x0000000017b22800 JavaThread "C2 CompilerThread0" daemon [_thread_blocked, id=11496, stack(0x00000000183f0000,0x00000000184f0000)]
  0x0000000017b22000 JavaThread "Attach Listener" daemon [_thread_blocked, id=15568, stack(0x00000000182f0000,0x00000000183f0000)]
  0x0000000017b21000 JavaThread "Signal Dispatcher" daemon [_thread_blocked, id=25928, stack(0x00000000181f0000,0x00000000182f0000)]
  0x0000000017b11800 JavaThread "Finalizer" daemon [_thread_blocked, id=9716, stack(0x0000000017ff0000,0x00000000180f0000)]
  0x0000000017b10800 JavaThread "Reference Handler" daemon [_thread_blocked, id=15600, stack(0x0000000017ef0000,0x0000000017ff0000)]
  0x00000000030f3800 JavaThread "main" [_thread_blocked, id=2612, stack(0x0000000002f40000,0x0000000003040000)]

Other Threads:
  0x0000000015d06800 VMThread [stack: 0x00000000179f0000,0x0000000017af0000] [id=8032]
  0x0000000017b8c000 WatcherThread [stack: 0x00000000188f0000,0x00000000189f0000] [id=23532]

VM state:not at safepoint (normal execution)

VM Mutex/Monitor currently owned by a thread: None

heap address: 0x00000000c0000000, size: 1024 MB, Compressed Oops mode: 32-bit
Narrow klass base: 0x0000000000000000, Narrow klass shift: 3
Compressed class space size: 1073741824 Address: 0x0000000100000000

Heap:
 PSYoungGen      total 37888K, used 17302K [0x00000000eab00000, 0x00000000ed500000, 0x0000000100000000)
  eden space 32768K, 37% used [0x00000000eab00000,0x00000000eb6ed9c8,0x00000000ecb00000)
  from space 5120K, 99% used [0x00000000ed000000,0x00000000ed4f8020,0x00000000ed500000)
  to   space 5120K, 0% used [0x00000000ecb00000,0x00000000ecb00000,0x00000000ed000000)
 ParOldGen       total 86016K, used 3770K [0x00000000c0000000, 0x00000000c5400000, 0x00000000eab00000)
  object space 86016K, 4% used [0x00000000c0000000,0x00000000c03aeaf0,0x00000000c5400000)
 Metaspace       used 15443K, capacity 15960K, committed 16256K, reserved 1062912K
  class space    used 2179K, capacity 2342K, committed 2432K, reserved 1048576K

Card table byte_map: [0x00000000125b0000,0x00000000127c0000] byte_map_base: 0x0000000011fb0000

Marking Bits: (ParMarkBitMap*) 0x000000006665f030
 Begin Bits: [0x0000000013120000, 0x0000000014120000)
 End Bits:   [0x0000000014120000, 0x0000000015120000)

Polling page: 0x0000000002ed0000

CodeCache: size=245760Kb used=5364Kb max_used=5364Kb free=240395Kb
 bounds [0x00000000031f0000, 0x0000000003730000, 0x00000000121f0000]
 total_blobs=1918 nmethods=1527 adapters=304
 compilation: enabled

Compilation events (10 events):
Event: 2.650 Thread 0x0000000017b3f000 1525       3       java.lang.invoke.MemberName::isMethod (7 bytes)
Event: 2.650 Thread 0x0000000017b3f000 nmethod 1525 0x000000000372cfd0 code [0x000000000372d140, 0x000000000372d3b0]
Event: 2.650 Thread 0x0000000017b3f000 1527       3       java.lang.invoke.MethodType::toMethodDescriptorString (21 bytes)
Event: 2.651 Thread 0x0000000017b3f000 nmethod 1527 0x000000000372d490 code [0x000000000372d6a0, 0x000000000372e198]
Event: 2.651 Thread 0x0000000017b3f000 1524       3       java.lang.invoke.LambdaForm::prepare (43 bytes)
Event: 2.651 Thread 0x0000000017b3f000 nmethod 1524 0x000000000372e8d0 code [0x000000000372ea60, 0x000000000372eda8]
Event: 2.651 Thread 0x0000000017b3f000 1528       3       java.lang.reflect.Constructor::setConstructorAccessor (21 bytes)
Event: 2.651 Thread 0x0000000017b3f000 nmethod 1528 0x000000000372eed0 code [0x000000000372f040, 0x000000000372f3e8]
Event: 2.654 Thread 0x0000000017b3f000 1529       3       java.lang.invoke.MethodType::erase (8 bytes)
Event: 2.654 Thread 0x0000000017b3f000 nmethod 1529 0x000000000372f510 code [0x000000000372f660, 0x000000000372f850]

GC Heap History (8 events):
Event: 0.920 GC heap before
{Heap before GC invocations=1 (full 0):
 PSYoungGen      total 37888K, used 32768K [0x00000000eab00000, 0x00000000ed500000, 0x0000000100000000)
  eden space 32768K, 100% used [0x00000000eab00000,0x00000000ecb00000,0x00000000ecb00000)
  from space 5120K, 0% used [0x00000000ed000000,0x00000000ed000000,0x00000000ed500000)
  to   space 5120K, 0% used [0x00000000ecb00000,0x00000000ecb00000,0x00000000ed000000)
 ParOldGen       total 86016K, used 0K [0x00000000c0000000, 0x00000000c5400000, 0x00000000eab00000)
  object space 86016K, 0% used [0x00000000c0000000,0x00000000c0000000,0x00000000c5400000)
 Metaspace       used 7139K, capacity 7340K, committed 7424K, reserved 1056768K
  class space    used 867K, capacity 940K, committed 1024K, reserved 1048576K
Event: 0.924 GC heap after
Heap after GC invocations=1 (full 0):
 PSYoungGen      total 37888K, used 4361K [0x00000000eab00000, 0x00000000ed500000, 0x0000000100000000)
  eden space 32768K, 0% used [0x00000000eab00000,0x00000000eab00000,0x00000000ecb00000)
  from space 5120K, 85% used [0x00000000ecb00000,0x00000000ecf42780,0x00000000ed000000)
  to   space 5120K, 0% used [0x00000000ed000000,0x00000000ed000000,0x00000000ed500000)
 ParOldGen       total 86016K, used 8K [0x00000000c0000000, 0x00000000c5400000, 0x00000000eab00000)
  object space 86016K, 0% used [0x00000000c0000000,0x00000000c0002000,0x00000000c5400000)
 Metaspace       used 7139K, capacity 7340K, committed 7424K, reserved 1056768K
  class space    used 867K, capacity 940K, committed 1024K, reserved 1048576K
}
Event: 1.313 GC heap before
{Heap before GC invocations=2 (full 0):
 PSYoungGen      total 37888K, used 37129K [0x00000000eab00000, 0x00000000ed500000, 0x0000000100000000)
  eden space 32768K, 100% used [0x00000000eab00000,0x00000000ecb00000,0x00000000ecb00000)
  from space 5120K, 85% used [0x00000000ecb00000,0x00000000ecf42780,0x00000000ed000000)
  to   space 5120K, 0% used [0x00000000ed000000,0x00000000ed000000,0x00000000ed500000)
 ParOldGen       total 86016K, used 8K [0x00000000c0000000, 0x00000000c5400000, 0x00000000eab00000)
  object space 86016K, 0% used [0x00000000c0000000,0x00000000c0002000,0x00000000c5400000)
 Metaspace       used 7369K, capacity 7652K, committed 7936K, reserved 1056768K
  class space    used 897K, capacity 980K, committed 1024K, reserved 1048576K
Event: 1.316 GC heap after
Heap after GC invocations=2 (full 0):
 PSYoungGen      total 37888K, used 3265K [0x00000000eab00000, 0x00000000ed500000, 0x0000000100000000)
  eden space 32768K, 0% used [0x00000000eab00000,0x00000000eab00000,0x00000000ecb00000)
  from space 5120K, 63% used [0x00000000ed000000,0x00000000ed3304f0,0x00000000ed500000)
  to   space 5120K, 0% used [0x00000000ecb00000,0x00000000ecb00000,0x00000000ed000000)
 ParOldGen       total 86016K, used 16K [0x00000000c0000000, 0x00000000c5400000, 0x00000000eab00000)
  object space 86016K, 0% used [0x00000000c0000000,0x00000000c0004000,0x00000000c5400000)
 Metaspace       used 7369K, capacity 7652K, committed 7936K, reserved 1056768K
  class space    used 897K, capacity 980K, committed 1024K, reserved 1048576K
}
Event: 2.156 GC heap before
{Heap before GC invocations=3 (full 0):
 PSYoungGen      total 37888K, used 36033K [0x00000000eab00000, 0x00000000ed500000, 0x0000000100000000)
  eden space 32768K, 100% used [0x00000000eab00000,0x00000000ecb00000,0x00000000ecb00000)
  from space 5120K, 63% used [0x00000000ed000000,0x00000000ed3304f0,0x00000000ed500000)
  to   space 5120K, 0% used [0x00000000ecb00000,0x00000000ecb00000,0x00000000ed000000)
 ParOldGen       total 86016K, used 16K [0x00000000c0000000, 0x00000000c5400000, 0x00000000eab00000)
  object space 86016K, 0% used [0x00000000c0000000,0x00000000c0004000,0x00000000c5400000)
 Metaspace       used 12190K, capacity 12546K, committed 12800K, reserved 1060864K
  class space    used 1621K, capacity 1731K, committed 1792K, reserved 1048576K
Event: 2.162 GC heap after
Heap after GC invocations=3 (full 0):
 PSYoungGen      total 37888K, used 5120K [0x00000000eab00000, 0x00000000ed500000, 0x0000000100000000)
  eden space 32768K, 0% used [0x00000000eab00000,0x00000000eab00000,0x00000000ecb00000)
  from space 5120K, 100% used [0x00000000ecb00000,0x00000000ed000000,0x00000000ed000000)
  to   space 5120K, 0% used [0x00000000ed000000,0x00000000ed000000,0x00000000ed500000)
 ParOldGen       total 86016K, used 1232K [0x00000000c0000000, 0x00000000c5400000, 0x00000000eab00000)
  object space 86016K, 1% used [0x00000000c0000000,0x00000000c01340b0,0x00000000c5400000)
 Metaspace       used 12190K, capacity 12546K, committed 12800K, reserved 1060864K
  class space    used 1621K, capacity 1731K, committed 1792K, reserved 1048576K
}
Event: 2.537 GC heap before
{Heap before GC invocations=4 (full 0):
 PSYoungGen      total 37888K, used 37888K [0x00000000eab00000, 0x00000000ed500000, 0x0000000100000000)
  eden space 32768K, 100% used [0x00000000eab00000,0x00000000ecb00000,0x00000000ecb00000)
  from space 5120K, 100% used [0x00000000ecb00000,0x00000000ed000000,0x00000000ed000000)
  to   space 5120K, 0% used [0x00000000ed000000,0x00000000ed000000,0x00000000ed500000)
 ParOldGen       total 86016K, used 1232K [0x00000000c0000000, 0x00000000c5400000, 0x00000000eab00000)
  object space 86016K, 1% used [0x00000000c0000000,0x00000000c01340b0,0x00000000c5400000)
 Metaspace       used 14615K, capacity 14988K, committed 15232K, reserved 1062912K
  class space    used 2035K, capacity 2162K, committed 2176K, reserved 1048576K
Event: 2.542 GC heap after
Heap after GC invocations=4 (full 0):
 PSYoungGen      total 37888K, used 5088K [0x00000000eab00000, 0x00000000ed500000, 0x0000000100000000)
  eden space 32768K, 0% used [0x00000000eab00000,0x00000000eab00000,0x00000000ecb00000)
  from space 5120K, 99% used [0x00000000ed000000,0x00000000ed4f8020,0x00000000ed500000)
  to   space 5120K, 0% used [0x00000000ecb00000,0x00000000ecb00000,0x00000000ed000000)
 ParOldGen       total 86016K, used 3770K [0x00000000c0000000, 0x00000000c5400000, 0x00000000eab00000)
  object space 86016K, 4% used [0x00000000c0000000,0x00000000c03aeaf0,0x00000000c5400000)
 Metaspace       used 14615K, capacity 14988K, committed 15232K, reserved 1062912K
  class space    used 2035K, capacity 2162K, committed 2176K, reserved 1048576K
}

Deoptimization events (10 events):
Event: 1.710 Thread 0x00000000030f3800 Uncommon trap: reason=unstable_if action=reinterpret pc=0x00000000034cb810 method=java.io.WinNTFileSystem.normalize(Ljava/lang/String;)Ljava/lang/String; @ 128
Event: 2.061 Thread 0x000000001a4bd000 Uncommon trap: reason=unstable_if action=reinterpret pc=0x00000000035e7070 method=java.util.concurrent.ConcurrentHashMap.putVal(Ljava/lang/Object;Ljava/lang/Object;Z)Ljava/lang/Object; @ 206
Event: 2.123 Thread 0x000000001a4d8000 Uncommon trap: reason=bimorphic action=maybe_recompile pc=0x000000000347e38c method=java.util.HashMap.putVal(ILjava/lang/Object;Ljava/lang/Object;ZZ)Ljava/lang/Object; @ 253
Event: 2.123 Thread 0x000000001a4d8000 Uncommon trap: reason=bimorphic action=maybe_recompile pc=0x000000000347e38c method=java.util.HashMap.putVal(ILjava/lang/Object;Ljava/lang/Object;ZZ)Ljava/lang/Object; @ 253
Event: 2.123 Thread 0x000000001a4d8000 Uncommon trap: reason=bimorphic action=maybe_recompile pc=0x000000000347e38c method=java.util.HashMap.putVal(ILjava/lang/Object;Ljava/lang/Object;ZZ)Ljava/lang/Object; @ 253
Event: 2.123 Thread 0x000000001a4d8000 Uncommon trap: reason=bimorphic action=maybe_recompile pc=0x000000000347e38c method=java.util.HashMap.putVal(ILjava/lang/Object;Ljava/lang/Object;ZZ)Ljava/lang/Object; @ 253
Event: 2.369 Thread 0x000000001a4d8000 Uncommon trap: reason=class_check action=maybe_recompile pc=0x00000000034dbe98 method=java.util.regex.Matcher.match(II)Z @ 86
Event: 2.382 Thread 0x000000001a4d8000 Uncommon trap: reason=class_check action=maybe_recompile pc=0x00000000034dbe98 method=java.util.regex.Matcher.match(II)Z @ 86
Event: 2.382 Thread 0x000000001a4d8000 Uncommon trap: reason=class_check action=maybe_recompile pc=0x00000000034dbe98 method=java.util.regex.Matcher.match(II)Z @ 86
Event: 2.382 Thread 0x000000001a4d8000 Uncommon trap: reason=class_check action=maybe_recompile pc=0x00000000033669dc method=java.util.regex.Matcher.match(II)Z @ 86

Classes redefined (0 events):
No events

Internal exceptions (10 events):
Event: 2.075 Thread 0x000000001a4bd000 Exception <a 'java/lang/NoSuchMethodError': <clinit>> (0x00000000ec6ed9b8) thrown at [C:\src\AOSP-openjdk-git\hotspot\src\share\vm\prims\jni.cpp, line 1615]
Event: 2.075 Thread 0x000000001a4bd000 Exception <a 'java/lang/NoSuchMethodError': <clinit>> (0x00000000ec6f6558) thrown at [C:\src\AOSP-openjdk-git\hotspot\src\share\vm\prims\jni.cpp, line 1615]
Event: 2.078 Thread 0x000000001a4bd000 Exception <a 'java/lang/NoSuchMethodError': <clinit>> (0x00000000ec70c790) thrown at [C:\src\AOSP-openjdk-git\hotspot\src\share\vm\prims\jni.cpp, line 1615]
Event: 2.089 Thread 0x000000001a4bd000 Exception <a 'java/lang/NoSuchMethodError': <clinit>> (0x00000000ec773090) thrown at [C:\src\AOSP-openjdk-git\hotspot\src\share\vm\prims\jni.cpp, line 1615]
Event: 2.093 Thread 0x000000001a4bd000 Exception <a 'java/lang/NoSuchMethodError': <clinit>> (0x00000000ec79f228) thrown at [C:\src\AOSP-openjdk-git\hotspot\src\share\vm\prims\jni.cpp, line 1615]
Event: 2.098 Thread 0x000000001a4bd000 Exception <a 'java/lang/NoSuchMethodError': <clinit>> (0x00000000ec7cd628) thrown at [C:\src\AOSP-openjdk-git\hotspot\src\share\vm\prims\jni.cpp, line 1615]
Event: 2.099 Thread 0x000000001a4bd000 Exception <a 'java/lang/NoSuchMethodError': <clinit>> (0x00000000ec7d85f8) thrown at [C:\src\AOSP-openjdk-git\hotspot\src\share\vm\prims\jni.cpp, line 1615]
Event: 2.645 Thread 0x000000001a4d8000 Exception <a 'java/lang/NoSuchMethodError': java.lang.Object.lambda$and$0(Ljava/util/function/Predicate;Ljava/lang/Object;)Z> (0x00000000eb632498) thrown at [C:\src\AOSP-openjdk-git\hotspot\src\share\vm\interpreter\linkResolver.cpp, line 620]
Event: 2.650 Thread 0x000000001a4d8000 Exception <a 'java/lang/IncompatibleClassChangeError': Found class java.lang.Object, but interface was expected> (0x00000000eb6487c8) thrown at [C:\src\AOSP-openjdk-git\hotspot\src\share\vm\interpreter\linkResolver.cpp, line 653]
Event: 2.653 Thread 0x000000001a4d8000 Exception <a 'java/lang/NoSuchMethodError': java.lang.Object.lambda$or$2(Ljava/util/function/Predicate;Ljava/lang/Object;)Z> (0x00000000eb64d6e8) thrown at [C:\src\AOSP-openjdk-git\hotspot\src\share\vm\interpreter\linkResolver.cpp, line 620]

Events (10 events):
Event: 2.655 loading class org/gradle/api/internal/changedetection/state/ResourceFilter
Event: 2.655 loading class org/gradle/api/internal/changedetection/state/ResourceFilter done
Event: 2.656 loading class org/gradle/api/internal/changedetection/state/ResourceFilter$1
Event: 2.656 loading class org/gradle/api/internal/changedetection/state/ResourceFilter$1 done
Event: 2.656 loading class org/gradle/api/internal/changedetection/state/RuntimeClasspathResourceHasher
Event: 2.656 loading class org/gradle/api/internal/changedetection/state/RuntimeClasspathResourceHasher done
Event: 2.656 loading class org/gradle/internal/hash/HashingOutputStream
Event: 2.656 loading class org/gradle/internal/hash/HashingOutputStream done
Event: 2.657 loading class org/gradle/internal/fingerprint/classpath/impl/ClasspathFingerprintingStrategy
Event: 2.657 loading class org/gradle/internal/fingerprint/classpath/impl/ClasspathFingerprintingStrategy done


Dynamic libraries:
0x00007ff751290000 - 0x00007ff7512c1000 	C:\Program Files\Android\Android Studio1\jre\bin\java.exe
0x00007ffd1f370000 - 0x00007ffd1f565000 	C:\WINDOWS\SYSTEM32\ntdll.dll
0x00007ffd1d580000 - 0x00007ffd1d63d000 	C:\WINDOWS\System32\KERNEL32.DLL
0x00007ffd1cf10000 - 0x00007ffd1d1d9000 	C:\WINDOWS\System32\KERNELBASE.dll
0x00007ffd1dac0000 - 0x00007ffd1db6c000 	C:\WINDOWS\System32\ADVAPI32.dll
0x00007ffd1d3d0000 - 0x00007ffd1d46e000 	C:\WINDOWS\System32\msvcrt.dll
0x00007ffd1e630000 - 0x00007ffd1e6cc000 	C:\WINDOWS\System32\sechost.dll
0x00007ffd1f1f0000 - 0x00007ffd1f31b000 	C:\WINDOWS\System32\RPCRT4.dll
0x00007ffd1e490000 - 0x00007ffd1e630000 	C:\WINDOWS\System32\USER32.dll
0x00007ffd1d3a0000 - 0x00007ffd1d3c2000 	C:\WINDOWS\System32\win32u.dll
0x00007ffd1e460000 - 0x00007ffd1e48a000 	C:\WINDOWS\System32\GDI32.dll
0x00007ffd1d1e0000 - 0x00007ffd1d2eb000 	C:\WINDOWS\System32\gdi32full.dll
0x00007ffd1cd70000 - 0x00007ffd1ce0d000 	C:\WINDOWS\System32\msvcp_win.dll
0x00007ffd1cc10000 - 0x00007ffd1cd10000 	C:\WINDOWS\System32\ucrtbase.dll
0x00007ffd0a540000 - 0x00007ffd0a7da000 	C:\WINDOWS\WinSxS\amd64_microsoft.windows.common-controls_6595b64144ccf1df_6.0.19041.844_none_ca00b6081b84eb1d\COMCTL32.dll
0x00007ffd1e250000 - 0x00007ffd1e280000 	C:\WINDOWS\System32\IMM32.DLL
0x0000000065db0000 - 0x0000000065e82000 	C:\Program Files\Android\Android Studio1\jre\jre\bin\msvcr100.dll
0x0000000065e90000 - 0x00000000666db000 	C:\Program Files\Android\Android Studio1\jre\jre\bin\server\jvm.dll
0x00007ffd1f320000 - 0x00007ffd1f328000 	C:\WINDOWS\System32\PSAPI.DLL
0x00007ffd1b960000 - 0x00007ffd1b96a000 	C:\WINDOWS\SYSTEM32\VERSION.dll
0x00007ffd122e0000 - 0x00007ffd122e9000 	C:\WINDOWS\SYSTEM32\WSOCK32.dll
0x00007ffd068d0000 - 0x00007ffd068f7000 	C:\WINDOWS\SYSTEM32\WINMM.dll
0x00007ffd1e3f0000 - 0x00007ffd1e45b000 	C:\WINDOWS\System32\WS2_32.dll
0x00007ffd18ac0000 - 0x00007ffd18acf000 	C:\Program Files\Android\Android Studio1\jre\jre\bin\verify.dll
0x00007ffd081c0000 - 0x00007ffd081e9000 	C:\Program Files\Android\Android Studio1\jre\jre\bin\java.dll
0x00007ffd08d90000 - 0x00007ffd08da6000 	C:\Program Files\Android\Android Studio1\jre\jre\bin\zip.dll
0x00007ffd1ea30000 - 0x00007ffd1f172000 	C:\WINDOWS\System32\SHELL32.dll
0x00007ffd1b190000 - 0x00007ffd1b920000 	C:\WINDOWS\SYSTEM32\windows.storage.dll
0x00007ffd1e6d0000 - 0x00007ffd1ea25000 	C:\WINDOWS\System32\combase.dll
0x00007ffd1c520000 - 0x00007ffd1c54c000 	C:\WINDOWS\SYSTEM32\Wldp.dll
0x00007ffd1db70000 - 0x00007ffd1dc1e000 	C:\WINDOWS\System32\SHCORE.dll
0x00007ffd1f180000 - 0x00007ffd1f1d5000 	C:\WINDOWS\System32\shlwapi.dll
0x00007ffd1c9f0000 - 0x00007ffd1ca0f000 	C:\WINDOWS\SYSTEM32\profapi.dll
0x00007ffd06ac0000 - 0x00007ffd06ada000 	C:\Program Files\Android\Android Studio1\jre\jre\bin\net.dll
0x00007ffd1c2a0000 - 0x00007ffd1c30a000 	C:\WINDOWS\system32\mswsock.dll
0x00007ffd05ba0000 - 0x00007ffd05bb3000 	C:\Program Files\Android\Android Studio1\jre\jre\bin\nio.dll
0x00007ffd05de0000 - 0x00007ffd05e06000 	C:\Users\tlock\.gradle\native\30\windows-amd64\native-platform.dll
0x00007ffd17fa0000 - 0x00007ffd17fad000 	C:\Program Files\Android\Android Studio1\jre\jre\bin\management.dll
0x00007ffd1c470000 - 0x00007ffd1c488000 	C:\WINDOWS\SYSTEM32\CRYPTSP.dll
0x00007ffd1bbd0000 - 0x00007ffd1bc04000 	C:\WINDOWS\system32\rsaenh.dll
0x00007ffd1ce10000 - 0x00007ffd1ce37000 	C:\WINDOWS\System32\bcrypt.dll
0x00007ffd1c970000 - 0x00007ffd1c99e000 	C:\WINDOWS\SYSTEM32\USERENV.dll
0x00007ffd1ce40000 - 0x00007ffd1cec0000 	C:\WINDOWS\System32\bcryptprimitives.dll
0x00007ffd1c490000 - 0x00007ffd1c49c000 	C:\WINDOWS\SYSTEM32\CRYPTBASE.dll
0x00007ffd1bf20000 - 0x00007ffd1bf5b000 	C:\WINDOWS\SYSTEM32\IPHLPAPI.DLL
0x00007ffd1f1e0000 - 0x00007ffd1f1e8000 	C:\WINDOWS\System32\NSI.dll
0x00007ffd10880000 - 0x00007ffd10897000 	C:\WINDOWS\SYSTEM32\dhcpcsvc6.DLL
0x00007ffd10cd0000 - 0x00007ffd10ced000 	C:\WINDOWS\SYSTEM32\dhcpcsvc.DLL
0x00007ffd1bf60000 - 0x00007ffd1c02b000 	C:\WINDOWS\SYSTEM32\DNSAPI.dll

VM Arguments:
jvm_args: -XX:MaxPermSize=512m -Xmx1024m -Dfile.encoding=windows-1252 -Duser.country=GB -Duser.language=en -Duser.variant 
java_command: org.gradle.launcher.daemon.bootstrap.GradleDaemon 5.6.4
java_class_path (initial): C:\Users\tlock\.gradle\wrapper\dists\gradle-5.6.4-all\ankdp27end7byghfw1q2sw75f\gradle-5.6.4\lib\gradle-launcher-5.6.4.jar
Launcher Type: SUN_STANDARD

Environment Variables:
PATH=C:\Program Files\Microsoft MPI\Bin\;C:\Program Files\NVIDIA GPU Computing Toolkit\CUDA\v11.1\bin;C:\Program Files\NVIDIA GPU Computing Toolkit\CUDA\v11.1\libnvvp;C:\Python38\Scripts\;C:\Python38\;C:\WINDOWS\system32;C:\WINDOWS;C:\WINDOWS\System32\Wbem;C:\WINDOWS\System32\WindowsPowerShell\v1.0\;C:\WINDOWS\System32\OpenSSH\;C:\Program Files\Intel\WiFi\bin\;C:\Program Files\Common Files\Intel\WirelessCommon\;C:\Program Files\dotnet\;C:\Program Files\Microsoft SQL Server\130\Tools\Binn\;C:\Program Files\Microsoft SQL Server\Client SDK\ODBC\170\Tools\Binn\;C:\ProgramData\chocolatey\bin;C:\Program Files\nodejs\;C:\Program Files\NVIDIA Corporation\Nsight Compute 2020.2.1\;C:\Program Files (x86)\NVIDIA Corporation\PhysX\Common;C:\Program Files\Git\cmd;C:\WINDOWS\system32;C:\WINDOWS;C:\WINDOWS\System32\Wbem;C:\WINDOWS\System32\WindowsPowerShell\v1.0\;C:\WINDOWS\System32\OpenSSH\;C:\Users\tlock\AppData\Local\Microsoft\WindowsApps;C:\Users\tlock\AppData\Local\Programs\Microsoft VS Code\bin;C:\Users\tlock\AppData\Local\GitHubDesktop\bin;C:\Users\tlock\AppData\Local\Microsoft\WindowsApps;C:\Users\tlock\AppData\Roaming\npm;C:\Users\tlock\.dotnet\tools;
USERNAME=tlock
OS=Windows_NT
PROCESSOR_IDENTIFIER=Intel64 Family 6 Model 142 Stepping 12, GenuineIntel



---------------  S Y S T E M  ---------------

OS: Windows 10.0 , 64 bit Build 19041 (10.0.19041.804)

CPU:total 8 (initial active 8) (4 cores per cpu, 2 threads per core) family 6 model 142 stepping 12, cmov, cx8, fxsr, mmx, sse, sse2, sse3, ssse3, sse4.1, sse4.2, popcnt, avx, avx2, aes, clmul, erms, 3dnowpref, lzcnt, ht, tsc, tscinvbit, bmi1, bmi2, adx

Memory: 4k page, physical 8198288k(812012k free), swap 33364112k(3732k free)

vm_info: OpenJDK 64-Bit Server VM (25.242-b01) for windows-amd64 JRE (1.8.0_242-release-1644-b01), built by "builder" with MS VC++ 10.0 (VS2010)

time: Thu Mar 25 04:45:41 2021
timezone: GMT Standard Time
elapsed time: 2 seconds (0d 0h 0m 2s)

