#
# There is insufficient memory for the Java Runtime Environment to continue.
# Native memory allocation (malloc) failed to allocate 644496 bytes for Chunk::new
# Possible reasons:
#   The system is out of physical RAM or swap space
#   The process is running with CompressedOops enabled, and the Java Heap may be blocking the growth of the native heap
# Possible solutions:
#   Reduce memory load on the system
#   Increase physical memory or swap space
#   Check if swap backing store is full
#   Decrease Java heap size (-Xmx/-Xms)
#   Decrease number of Java threads
#   Decrease Java thread stack sizes (-Xss)
#   Set larger code cache with -XX:ReservedCodeCacheSize=
#   JVM is running with Unscaled Compressed Oops mode in which the Java heap is
#     placed in the first 4GB address space. The Java Heap base address is the
#     maximum limit for the native heap growth. Please use -XX:HeapBaseMinAddress
#     to set the Java Heap base and to place the Java Heap above 4GB virtual address.
# This output file may be truncated or incomplete.
#
#  Out of Memory Error (allocation.cpp:389), pid=24896, tid=0x00000000000032ec
#
# JRE version: OpenJDK Runtime Environment (8.0_242-b01) (build 1.8.0_242-release-1644-b01)
# Java VM: OpenJDK 64-Bit Server VM (25.242-b01 mixed mode windows-amd64 compressed oops)
# Failed to write core dump. Minidumps are not enabled by default on client versions of Windows
#

---------------  T H R E A D  ---------------

Current thread (0x0000000018501000):  JavaThread "C2 CompilerThread0" daemon [_thread_in_native, id=13036, stack(0x0000000018dd0000,0x0000000018ed0000)]

Stack: [0x0000000018dd0000,0x0000000018ed0000]
[error occurred during error reporting (printing stack bounds), id 0xc0000005]

Native frames: (J=compiled Java code, j=interpreted, Vv=VM code, C=native code)


Current CompileTask:
C2:  30278 8992  s!   4       sun.misc.URLClassPath::getLoader (243 bytes)


---------------  P R O C E S S  ---------------

Java Threads: ( => current thread )
  0x000000001fa60000 JavaThread "pool-2-thread-11" [_thread_in_native, id=24088, stack(0x00000000270b0000,0x00000000271b0000)]
  0x000000001fa5a800 JavaThread "pool-2-thread-10" [_thread_in_native, id=7820, stack(0x0000000026fb0000,0x00000000270b0000)]
  0x000000001fa5f000 JavaThread "pool-2-thread-9" [_thread_in_native, id=26208, stack(0x0000000026eb0000,0x0000000026fb0000)]
  0x000000001fa59000 JavaThread "pool-2-thread-8" [_thread_in_native, id=26568, stack(0x0000000026db0000,0x0000000026eb0000)]
  0x000000001fa5b800 JavaThread "pool-2-thread-7" [_thread_in_native, id=19656, stack(0x0000000026cb0000,0x0000000026db0000)]
  0x000000001fa58800 JavaThread "pool-2-thread-6" [_thread_in_native, id=12164, stack(0x0000000026bb0000,0x0000000026cb0000)]
  0x000000001fa5d800 JavaThread "pool-2-thread-5" [_thread_in_native, id=10304, stack(0x0000000026ab0000,0x0000000026bb0000)]
  0x000000001fa5d000 JavaThread "pool-2-thread-4" [_thread_in_native, id=11748, stack(0x00000000269b0000,0x0000000026ab0000)]
  0x0000000020919800 JavaThread "pool-2-thread-3" [_thread_in_native, id=22424, stack(0x0000000025fe0000,0x00000000260e0000)]
  0x000000002091a000 JavaThread "pool-2-thread-2" [_thread_in_native, id=20484, stack(0x0000000025b70000,0x0000000025c70000)]
  0x0000000020918000 JavaThread "pool-2-thread-1" [_thread_in_native, id=23680, stack(0x0000000000d80000,0x0000000000e80000)]
  0x0000000020915800 JavaThread "Keep-Alive-Timer" daemon [_thread_blocked, id=14192, stack(0x0000000000b80000,0x0000000000c80000)]
  0x0000000020917000 JavaThread "Memory manager" [_thread_blocked, id=7716, stack(0x0000000025ce0000,0x0000000025de0000)]
  0x0000000020916800 JavaThread "Cache worker for Build Output Cleanup Cache (C:\Users\tlock\Desktop\TeamApp16_FurnitureAR\.gradle\buildOutputCleanup)" [_thread_blocked, id=26300, stack(0x0000000025470000,0x0000000025570000)]
  0x000000002090f000 JavaThread "pool-1-thread-1" [_thread_blocked, id=26512, stack(0x0000000024f70000,0x0000000025070000)]
  0x000000002090e000 JavaThread "Build operations Thread 8" [_thread_blocked, id=16888, stack(0x0000000024a70000,0x0000000024b70000)]
  0x0000000020915000 JavaThread "Build operations Thread 7" [_thread_blocked, id=3928, stack(0x0000000024970000,0x0000000024a70000)]
  0x000000002090d800 JavaThread "Build operations Thread 6" [_thread_blocked, id=21296, stack(0x0000000024870000,0x0000000024970000)]
  0x0000000020914000 JavaThread "Build operations Thread 5" [_thread_blocked, id=27572, stack(0x0000000024770000,0x0000000024870000)]
  0x000000002090c800 JavaThread "Build operations Thread 4" [_thread_blocked, id=17108, stack(0x0000000024670000,0x0000000024770000)]
  0x0000000020912800 JavaThread "Build operations Thread 3" [_thread_blocked, id=27104, stack(0x0000000024570000,0x0000000024670000)]
  0x0000000020912000 JavaThread "Build operations Thread 2" [_thread_blocked, id=20280, stack(0x0000000024470000,0x0000000024570000)]
  0x0000000020911000 JavaThread "Build operations" [_thread_blocked, id=11524, stack(0x0000000024370000,0x0000000024470000)]
  0x000000001a441800 JavaThread "Cache worker for execution history cache (C:\Users\tlock\.gradle\caches\5.6.4\executionHistory)" [_thread_blocked, id=23764, stack(0x0000000021100000,0x0000000021200000)]
  0x000000001a43e800 JavaThread "Cache worker for cache directory md-rule (C:\Users\tlock\.gradle\caches\5.6.4\md-rule)" [_thread_blocked, id=26852, stack(0x0000000021000000,0x0000000021100000)]
  0x000000001a444800 JavaThread "Cache worker for cache directory md-supplier (C:\Users\tlock\.gradle\caches\5.6.4\md-supplier)" [_thread_blocked, id=25628, stack(0x0000000020f00000,0x0000000021000000)]
  0x000000001a443000 JavaThread "Cache worker for file hash cache (C:\Users\tlock\Desktop\TeamApp16_FurnitureAR\.gradle\5.6.4\fileHashes)" [_thread_blocked, id=22824, stack(0x0000000020a00000,0x0000000020b00000)]
  0x000000001a443800 JavaThread "Cache worker for journal cache (C:\Users\tlock\.gradle\caches\journal-1)" [_thread_blocked, id=26664, stack(0x000000001d2f0000,0x000000001d3f0000)]
  0x000000001a7c8800 JavaThread "File lock request listener" [_thread_in_native, id=27148, stack(0x000000001d1f0000,0x000000001d2f0000)]
  0x000000001a28c000 JavaThread "Cache worker for file hash cache (C:\Users\tlock\.gradle\caches\5.6.4\fileHashes)" [_thread_blocked, id=7464, stack(0x000000001d0f0000,0x000000001d1f0000)]
  0x000000001aea4800 JavaThread "Thread-9" [_thread_blocked, id=17688, stack(0x000000001cdf0000,0x000000001cef0000)]
  0x000000001aeb1000 JavaThread "Stdin handler" [_thread_blocked, id=5884, stack(0x000000001ccf0000,0x000000001cdf0000)]
  0x000000001aeb0800 JavaThread "Asynchronous log dispatcher for DefaultDaemonConnection: socket connection from /127.0.0.1:51987 to /127.0.0.1:51988" [_thread_blocked, id=5900, stack(0x000000001caf0000,0x000000001cbf0000)]
  0x000000001ae87800 JavaThread "Daemon worker" [_thread_blocked, id=8940, stack(0x000000001c9f0000,0x000000001caf0000)]
  0x000000001aeb8800 JavaThread "Cancel handler" [_thread_blocked, id=9716, stack(0x000000001c8f0000,0x000000001c9f0000)]
  0x000000001ae51800 JavaThread "Handler for socket connection from /127.0.0.1:51987 to /127.0.0.1:51988" [_thread_in_native, id=22912, stack(0x000000001c5f0000,0x000000001c6f0000)]
  0x000000001ae48000 JavaThread "Daemon" [_thread_blocked, id=27156, stack(0x000000001c4f0000,0x000000001c5f0000)]
  0x000000001ae39800 JavaThread "Daemon periodic checks" [_thread_blocked, id=24396, stack(0x000000001c3f0000,0x000000001c4f0000)]
  0x000000001adbf800 JavaThread "Incoming local TCP Connector on port 51987" [_thread_in_native, id=6028, stack(0x000000001c1b0000,0x000000001c2b0000)]
  0x000000001ad6b800 JavaThread "Daemon health stats" [_thread_blocked, id=26888, stack(0x000000001bb70000,0x000000001bc70000)]
  0x00000000185a0000 JavaThread "Service Thread" daemon [_thread_blocked, id=9296, stack(0x00000000191d0000,0x00000000192d0000)]
  0x000000001851c800 JavaThread "C1 CompilerThread3" daemon [_thread_blocked, id=18396, stack(0x00000000190d0000,0x00000000191d0000)]
  0x0000000018517000 JavaThread "C2 CompilerThread2" daemon [_thread_in_native, id=20600, stack(0x0000000018fd0000,0x00000000190d0000)]
  0x0000000018505800 JavaThread "C2 CompilerThread1" daemon [_thread_in_native, id=24920, stack(0x0000000018ed0000,0x0000000018fd0000)]
=>0x0000000018501000 JavaThread "C2 CompilerThread0" daemon [_thread_in_native, id=13036, stack(0x0000000018dd0000,0x0000000018ed0000)]
  0x00000000184ff800 JavaThread "Attach Listener" daemon [_thread_blocked, id=12668, stack(0x0000000018cd0000,0x0000000018dd0000)]
  0x000000001670e800 JavaThread "Signal Dispatcher" daemon [_thread_blocked, id=24368, stack(0x0000000018bd0000,0x0000000018cd0000)]
  0x00000000184f0800 JavaThread "Finalizer" daemon [_thread_blocked, id=25184, stack(0x00000000189d0000,0x0000000018ad0000)]
  0x00000000166fb800 JavaThread "Reference Handler" daemon [_thread_blocked, id=15928, stack(0x00000000188d0000,0x00000000189d0000)]
  0x0000000002842800 JavaThread "main" [_thread_blocked, id=16632, stack(0x00000000026d0000,0x00000000027d0000)]

Other Threads:
  0x00000000166f7000 VMThread [stack: 0x00000000183d0000,0x00000000184d0000] [id=19304]
  0x000000001856b000 WatcherThread [stack: 0x00000000192d0000,0x00000000193d0000] [id=21904]

VM state:not at safepoint (normal execution)

VM Mutex/Monitor currently owned by a thread: None

heap address: 0x00000000a0000000, size: 1536 MB, Compressed Oops mode: 32-bit
Narrow klass base: 0x0000000000000000, Narrow klass shift: 3
Compressed class space size: 1073741824 Address: 0x0000000100000000

Heap:
 PSYoungGen      total 253440K, used 73509K [0x00000000e0000000, 0x00000000f1000000, 0x0000000100000000)
  eden space 238592K, 25% used [0x00000000e0000000,0x00000000e3a74a48,0x00000000ee900000)
  from space 14848K, 91% used [0x00000000f0180000,0x00000000f0ed49e0,0x00000000f1000000)
  to   space 19968K, 0% used [0x00000000ee900000,0x00000000ee900000,0x00000000efc80000)
 ParOldGen       total 125440K, used 31038K [0x00000000a0000000, 0x00000000a7a80000, 0x00000000e0000000)
  object space 125440K, 24% used [0x00000000a0000000,0x00000000a1e4fa90,0x00000000a7a80000)
 Metaspace       used 71366K, capacity 73680K, committed 73856K, reserved 1114112K
  class space    used 9577K, capacity 10077K, committed 10112K, reserved 1048576K

Card table byte_map: [0x0000000011d00000,0x0000000012010000] byte_map_base: 0x0000000011800000

Marking Bits: (ParMarkBitMap*) 0x000000006665f030
 Begin Bits: [0x0000000012a10000, 0x0000000014210000)
 End Bits:   [0x0000000014210000, 0x0000000015a10000)

Polling page: 0x0000000000f00000

CodeCache: size=245760Kb used=26621Kb max_used=27392Kb free=219138Kb
 bounds [0x0000000002940000, 0x0000000004420000, 0x0000000011940000]
 total_blobs=8480 nmethods=7614 adapters=779
 compilation: enabled

Compilation events (10 events):
Event: 30.252 Thread 0x000000001851c800 9031       3       sun.security.ssl.HandshakeOutStream::putInt8 (17 bytes)
Event: 30.252 Thread 0x000000001851c800 nmethod 9031 0x0000000002d8b0d0 code [0x0000000002d8b260, 0x0000000002d8b7b8]
Event: 30.253 Thread 0x000000001851c800 9027       3       java.net.IDN::isNonLDHAsciiCodePoint (65 bytes)
Event: 30.253 Thread 0x000000001851c800 nmethod 9027 0x0000000002e86550 code [0x0000000002e866c0, 0x0000000002e86a50]
Event: 30.254 Thread 0x000000001851c800 9032       1       javax.net.ssl.SNIServerName::getType (5 bytes)
Event: 30.254 Thread 0x000000001851c800 nmethod 9032 0x0000000003933750 code [0x00000000039338a0, 0x00000000039339b0]
Event: 30.255 Thread 0x000000001851c800 9028       3       sun.security.provider.SHA::implDigest (96 bytes)
Event: 30.255 Thread 0x000000001851c800 nmethod 9028 0x0000000003d82150 code [0x0000000003d82340, 0x0000000003d82a08]
Event: 30.256 Thread 0x000000001851c800 9033       1       sun.security.ssl.CipherSuiteList::collection (5 bytes)
Event: 30.256 Thread 0x000000001851c800 nmethod 9033 0x0000000003837a10 code [0x0000000003837b60, 0x0000000003837c70]

GC Heap History (10 events):
Event: 19.699 GC heap before
{Heap before GC invocations=15 (full 2):
 PSYoungGen      total 176128K, used 166930K [0x00000000e0000000, 0x00000000ebe80000, 0x0000000100000000)
  eden space 165376K, 100% used [0x00000000e0000000,0x00000000ea180000,0x00000000ea180000)
  from space 10752K, 14% used [0x00000000eb400000,0x00000000eb584b10,0x00000000ebe80000)
  to   space 14848K, 0% used [0x00000000ea180000,0x00000000ea180000,0x00000000eb000000)
 ParOldGen       total 92160K, used 26419K [0x00000000a0000000, 0x00000000a5a00000, 0x00000000e0000000)
  object space 92160K, 28% used [0x00000000a0000000,0x00000000a19cce68,0x00000000a5a00000)
 Metaspace       used 57206K, capacity 58776K, committed 59008K, reserved 1099776K
  class space    used 7387K, capacity 7757K, committed 7808K, reserved 1048576K
Event: 19.713 GC heap after
Heap after GC invocations=15 (full 2):
 PSYoungGen      total 180224K, used 14817K [0x00000000e0000000, 0x00000000edd80000, 0x0000000100000000)
  eden space 165376K, 0% used [0x00000000e0000000,0x00000000e0000000,0x00000000ea180000)
  from space 14848K, 99% used [0x00000000ea180000,0x00000000eaff86f0,0x00000000eb000000)
  to   space 18432K, 0% used [0x00000000ecb80000,0x00000000ecb80000,0x00000000edd80000)
 ParOldGen       total 92160K, used 28967K [0x00000000a0000000, 0x00000000a5a00000, 0x00000000e0000000)
  object space 92160K, 31% used [0x00000000a0000000,0x00000000a1c49d20,0x00000000a5a00000)
 Metaspace       used 57206K, capacity 58776K, committed 59008K, reserved 1099776K
  class space    used 7387K, capacity 7757K, committed 7808K, reserved 1048576K
}
Event: 19.810 GC heap before
{Heap before GC invocations=16 (full 2):
 PSYoungGen      total 180224K, used 30770K [0x00000000e0000000, 0x00000000edd80000, 0x0000000100000000)
  eden space 165376K, 9% used [0x00000000e0000000,0x00000000e0f944e0,0x00000000ea180000)
  from space 14848K, 99% used [0x00000000ea180000,0x00000000eaff86f0,0x00000000eb000000)
  to   space 18432K, 0% used [0x00000000ecb80000,0x00000000ecb80000,0x00000000edd80000)
 ParOldGen       total 92160K, used 28967K [0x00000000a0000000, 0x00000000a5a00000, 0x00000000e0000000)
  object space 92160K, 31% used [0x00000000a0000000,0x00000000a1c49d20,0x00000000a5a00000)
 Metaspace       used 57418K, capacity 58984K, committed 59136K, reserved 1099776K
  class space    used 7426K, capacity 7827K, committed 7936K, reserved 1048576K
Event: 19.818 GC heap after
Heap after GC invocations=16 (full 2):
 PSYoungGen      total 208896K, used 8935K [0x00000000e0000000, 0x00000000ef500000, 0x0000000100000000)
  eden space 190464K, 0% used [0x00000000e0000000,0x00000000e0000000,0x00000000eba00000)
  from space 18432K, 48% used [0x00000000ecb80000,0x00000000ed439ef0,0x00000000edd80000)
  to   space 17920K, 0% used [0x00000000eba00000,0x00000000eba00000,0x00000000ecb80000)
 ParOldGen       total 92160K, used 30348K [0x00000000a0000000, 0x00000000a5a00000, 0x00000000e0000000)
  object space 92160K, 32% used [0x00000000a0000000,0x00000000a1da3058,0x00000000a5a00000)
 Metaspace       used 57418K, capacity 58984K, committed 59136K, reserved 1099776K
  class space    used 7426K, capacity 7827K, committed 7936K, reserved 1048576K
}
Event: 19.818 GC heap before
{Heap before GC invocations=17 (full 3):
 PSYoungGen      total 208896K, used 8935K [0x00000000e0000000, 0x00000000ef500000, 0x0000000100000000)
  eden space 190464K, 0% used [0x00000000e0000000,0x00000000e0000000,0x00000000eba00000)
  from space 18432K, 48% used [0x00000000ecb80000,0x00000000ed439ef0,0x00000000edd80000)
  to   space 17920K, 0% used [0x00000000eba00000,0x00000000eba00000,0x00000000ecb80000)
 ParOldGen       total 92160K, used 30348K [0x00000000a0000000, 0x00000000a5a00000, 0x00000000e0000000)
  object space 92160K, 32% used [0x00000000a0000000,0x00000000a1da3058,0x00000000a5a00000)
 Metaspace       used 57418K, capacity 58984K, committed 59136K, reserved 1099776K
  class space    used 7426K, capacity 7827K, committed 7936K, reserved 1048576K
Event: 20.015 GC heap after
Heap after GC invocations=17 (full 3):
 PSYoungGen      total 208896K, used 0K [0x00000000e0000000, 0x00000000ef500000, 0x0000000100000000)
  eden space 190464K, 0% used [0x00000000e0000000,0x00000000e0000000,0x00000000eba00000)
  from space 18432K, 0% used [0x00000000ecb80000,0x00000000ecb80000,0x00000000edd80000)
  to   space 17920K, 0% used [0x00000000eba00000,0x00000000eba00000,0x00000000ecb80000)
 ParOldGen       total 125440K, used 31022K [0x00000000a0000000, 0x00000000a7a80000, 0x00000000e0000000)
  object space 125440K, 24% used [0x00000000a0000000,0x00000000a1e4ba90,0x00000000a7a80000)
 Metaspace       used 57341K, capacity 58800K, committed 59136K, reserved 1099776K
  class space    used 7403K, capacity 7796K, committed 7936K, reserved 1048576K
}
Event: 26.261 GC heap before
{Heap before GC invocations=18 (full 3):
 PSYoungGen      total 208896K, used 190464K [0x00000000e0000000, 0x00000000ef500000, 0x0000000100000000)
  eden space 190464K, 100% used [0x00000000e0000000,0x00000000eba00000,0x00000000eba00000)
  from space 18432K, 0% used [0x00000000ecb80000,0x00000000ecb80000,0x00000000edd80000)
  to   space 17920K, 0% used [0x00000000eba00000,0x00000000eba00000,0x00000000ecb80000)
 ParOldGen       total 125440K, used 31022K [0x00000000a0000000, 0x00000000a7a80000, 0x00000000e0000000)
  object space 125440K, 24% used [0x00000000a0000000,0x00000000a1e4ba90,0x00000000a7a80000)
 Metaspace       used 66910K, capacity 68998K, committed 69248K, reserved 1110016K
  class space    used 8962K, capacity 9463K, committed 9600K, reserved 1048576K
Event: 26.273 GC heap after
Heap after GC invocations=18 (full 3):
 PSYoungGen      total 208384K, used 13749K [0x00000000e0000000, 0x00000000f1400000, 0x0000000100000000)
  eden space 190464K, 0% used [0x00000000e0000000,0x00000000e0000000,0x00000000eba00000)
  from space 17920K, 76% used [0x00000000eba00000,0x00000000ec76d4f8,0x00000000ecb80000)
  to   space 18944K, 0% used [0x00000000f0180000,0x00000000f0180000,0x00000000f1400000)
 ParOldGen       total 125440K, used 31030K [0x00000000a0000000, 0x00000000a7a80000, 0x00000000e0000000)
  object space 125440K, 24% used [0x00000000a0000000,0x00000000a1e4da90,0x00000000a7a80000)
 Metaspace       used 66910K, capacity 68998K, committed 69248K, reserved 1110016K
  class space    used 8962K, capacity 9463K, committed 9600K, reserved 1048576K
}
Event: 29.372 GC heap before
{Heap before GC invocations=19 (full 3):
 PSYoungGen      total 208384K, used 204213K [0x00000000e0000000, 0x00000000f1400000, 0x0000000100000000)
  eden space 190464K, 100% used [0x00000000e0000000,0x00000000eba00000,0x00000000eba00000)
  from space 17920K, 76% used [0x00000000eba00000,0x00000000ec76d4f8,0x00000000ecb80000)
  to   space 18944K, 0% used [0x00000000f0180000,0x00000000f0180000,0x00000000f1400000)
 ParOldGen       total 125440K, used 31030K [0x00000000a0000000, 0x00000000a7a80000, 0x00000000e0000000)
  object space 125440K, 24% used [0x00000000a0000000,0x00000000a1e4da90,0x00000000a7a80000)
 Metaspace       used 70841K, capacity 73134K, committed 73344K, reserved 1112064K
  class space    used 9515K, capacity 10030K, committed 10112K, reserved 1048576K
Event: 29.383 GC heap after
Heap after GC invocations=19 (full 3):
 PSYoungGen      total 253440K, used 13650K [0x00000000e0000000, 0x00000000f1000000, 0x0000000100000000)
  eden space 238592K, 0% used [0x00000000e0000000,0x00000000e0000000,0x00000000ee900000)
  from space 14848K, 91% used [0x00000000f0180000,0x00000000f0ed49e0,0x00000000f1000000)
  to   space 19968K, 0% used [0x00000000ee900000,0x00000000ee900000,0x00000000efc80000)
 ParOldGen       total 125440K, used 31038K [0x00000000a0000000, 0x00000000a7a80000, 0x00000000e0000000)
  object space 125440K, 24% used [0x00000000a0000000,0x00000000a1e4fa90,0x00000000a7a80000)
 Metaspace       used 70841K, capacity 73134K, committed 73344K, reserved 1112064K
  class space    used 9515K, capacity 10030K, committed 10112K, reserved 1048576K
}

Deoptimization events (10 events):
Event: 30.138 Thread 0x000000001ae87800 Uncommon trap: reason=unstable_if action=reinterpret pc=0x0000000002bd1808 method=java.lang.AbstractStringBuilder.append(Ljava/lang/String;)Ljava/lang/AbstractStringBuilder; @ 1
Event: 30.173 Thread 0x000000001ae87800 Uncommon trap: reason=class_check action=maybe_recompile pc=0x0000000003af1d18 method=sun.nio.ch.IOUtil.write(Ljava/io/FileDescriptor;Ljava/nio/ByteBuffer;JLsun/nio/ch/NativeDispatcher;)I @ 1
Event: 30.174 Thread 0x000000001ae87800 Uncommon trap: reason=class_check action=maybe_recompile pc=0x0000000003af1d18 method=sun.nio.ch.IOUtil.write(Ljava/io/FileDescriptor;Ljava/nio/ByteBuffer;JLsun/nio/ch/NativeDispatcher;)I @ 1
Event: 30.198 Thread 0x0000000020918000 Uncommon trap: reason=null_check action=make_not_entrant pc=0x00000000042cb538 method=sun.nio.fs.NativeBuffers.getNativeBufferFromCache(I)Lsun/nio/fs/NativeBuffer; @ 6
Event: 30.198 Thread 0x000000001fa5d000 Uncommon trap: reason=null_check action=make_not_entrant pc=0x00000000042bc878 method=sun.nio.fs.NativeBuffers.getNativeBufferFromCache(I)Lsun/nio/fs/NativeBuffer; @ 6
Event: 30.199 Thread 0x0000000020918000 Uncommon trap: reason=null_check action=make_not_entrant pc=0x00000000043c2d4c method=sun.nio.fs.NativeBuffers.releaseNativeBuffer(Lsun/nio/fs/NativeBuffer;)V @ 6
Event: 30.200 Thread 0x000000001fa5d800 Uncommon trap: reason=null_check action=make_not_entrant pc=0x00000000043c2d4c method=sun.nio.fs.NativeBuffers.releaseNativeBuffer(Lsun/nio/fs/NativeBuffer;)V @ 6
Event: 30.202 Thread 0x000000001fa5f000 Uncommon trap: reason=null_check action=make_not_entrant pc=0x00000000042c0e3c method=sun.nio.fs.NativeBuffers.releaseNativeBuffer(Lsun/nio/fs/NativeBuffer;)V @ 6
Event: 30.202 Thread 0x000000001fa59000 Uncommon trap: reason=null_check action=make_not_entrant pc=0x00000000043c2d4c method=sun.nio.fs.NativeBuffers.releaseNativeBuffer(Lsun/nio/fs/NativeBuffer;)V @ 6
Event: 30.202 Thread 0x000000001fa5d000 Uncommon trap: reason=null_check action=make_not_entrant pc=0x00000000043c2d4c method=sun.nio.fs.NativeBuffers.releaseNativeBuffer(Lsun/nio/fs/NativeBuffer;)V @ 6

Classes redefined (0 events):
No events

Internal exceptions (10 events):
Event: 29.900 Thread 0x000000001ae87800 Exception <a 'sun/nio/fs/WindowsException'> (0x00000000e1c529a0) thrown at [C:\src\AOSP-openjdk-git\hotspot\src\share\vm\prims\jni.cpp, line 710]
Event: 29.968 Thread 0x000000001ae87800 Exception <a 'sun/nio/fs/WindowsException'> (0x00000000e2b486e0) thrown at [C:\src\AOSP-openjdk-git\hotspot\src\share\vm\prims\jni.cpp, line 710]
Event: 29.968 Thread 0x000000001ae87800 Exception <a 'sun/nio/fs/WindowsException'> (0x00000000e2b490e0) thrown at [C:\src\AOSP-openjdk-git\hotspot\src\share\vm\prims\jni.cpp, line 710]
Event: 30.138 Thread 0x000000001ae87800 Implicit null exception at 0x0000000002bd1456 to 0x0000000002bd17f1
Event: 30.176 Thread 0x000000001ae87800 Exception <a 'java/lang/ClassNotFoundException': com/sun/org/glassfish/hk2/osgiresourcelocator/ServiceLoader> (0x00000000e2dbef88) thrown at [C:\src\AOSP-openjdk-git\hotspot\src\share\vm\classfile\systemDictionary.cpp, line 210]
Event: 30.199 Thread 0x0000000020918000 Implicit null exception at 0x00000000043c29fc to 0x00000000043c2d3c
Event: 30.200 Thread 0x000000001fa5d800 Implicit null exception at 0x00000000043c29fc to 0x00000000043c2d3c
Event: 30.201 Thread 0x000000001fa5f000 Implicit null exception at 0x00000000042c0b42 to 0x00000000042c0e2c
Event: 30.202 Thread 0x000000001fa59000 Implicit null exception at 0x00000000043c29fc to 0x00000000043c2d3c
Event: 30.202 Thread 0x000000001fa5d000 Implicit null exception at 0x00000000043c29fc to 0x00000000043c2d3c

Events (10 events):
Event: 30.254 Thread 0x000000001851c800 flushing nmethod 0x00000000039dd190
Event: 30.254 Thread 0x000000001851c800 flushing nmethod 0x00000000039e2590
Event: 30.254 Thread 0x000000001851c800 flushing nmethod 0x00000000039ecf10
Event: 30.254 Thread 0x000000001851c800 flushing nmethod 0x0000000003a53910
Event: 30.254 Thread 0x000000001851c800 flushing nmethod 0x0000000003a7d090
Event: 30.254 Thread 0x000000001851c800 flushing nmethod 0x0000000003aa4810
Event: 30.254 Thread 0x000000001851c800 flushing nmethod 0x0000000003b05f90
Event: 30.254 Thread 0x000000001851c800 flushing nmethod 0x0000000003b1a490
Event: 30.254 Thread 0x000000001851c800 flushing nmethod 0x0000000003b47890
Event: 30.255 Thread 0x000000001851c800 flushing nmethod 0x0000000003bd9910


Dynamic libraries:
0x00007ff751290000 - 0x00007ff7512c1000 	C:\Program Files\Android\Android Studio1\jre\bin\java.exe
0x00007ffd1f370000 - 0x00007ffd1f565000 	C:\WINDOWS\SYSTEM32\ntdll.dll
0x00007ffd1d580000 - 0x00007ffd1d63d000 	C:\WINDOWS\System32\KERNEL32.DLL
0x00007ffd1cf10000 - 0x00007ffd1d1d9000 	C:\WINDOWS\System32\KERNELBASE.dll
0x00007ffd1dac0000 - 0x00007ffd1db6c000 	C:\WINDOWS\System32\ADVAPI32.dll
0x00007ffd1d3d0000 - 0x00007ffd1d46e000 	C:\WINDOWS\System32\msvcrt.dll
0x00007ffd1e630000 - 0x00007ffd1e6cc000 	C:\WINDOWS\System32\sechost.dll
0x00007ffd1f1f0000 - 0x00007ffd1f31b000 	C:\WINDOWS\System32\RPCRT4.dll
0x00007ffd1e490000 - 0x00007ffd1e630000 	C:\WINDOWS\System32\USER32.dll
0x00007ffd1d3a0000 - 0x00007ffd1d3c2000 	C:\WINDOWS\System32\win32u.dll
0x00007ffd1e460000 - 0x00007ffd1e48a000 	C:\WINDOWS\System32\GDI32.dll
0x00007ffd1d1e0000 - 0x00007ffd1d2eb000 	C:\WINDOWS\System32\gdi32full.dll
0x00007ffd1cd70000 - 0x00007ffd1ce0d000 	C:\WINDOWS\System32\msvcp_win.dll
0x00007ffd1cc10000 - 0x00007ffd1cd10000 	C:\WINDOWS\System32\ucrtbase.dll
0x00007ffd0a540000 - 0x00007ffd0a7da000 	C:\WINDOWS\WinSxS\amd64_microsoft.windows.common-controls_6595b64144ccf1df_6.0.19041.844_none_ca00b6081b84eb1d\COMCTL32.dll
0x00007ffd1e250000 - 0x00007ffd1e280000 	C:\WINDOWS\System32\IMM32.DLL
0x0000000065db0000 - 0x0000000065e82000 	C:\Program Files\Android\Android Studio1\jre\jre\bin\msvcr100.dll
0x0000000065e90000 - 0x00000000666db000 	C:\Program Files\Android\Android Studio1\jre\jre\bin\server\jvm.dll
0x00007ffd1f320000 - 0x00007ffd1f328000 	C:\WINDOWS\System32\PSAPI.DLL
0x00007ffd1b960000 - 0x00007ffd1b96a000 	C:\WINDOWS\SYSTEM32\VERSION.dll
0x00007ffd068d0000 - 0x00007ffd068f7000 	C:\WINDOWS\SYSTEM32\WINMM.dll
0x00007ffd122e0000 - 0x00007ffd122e9000 	C:\WINDOWS\SYSTEM32\WSOCK32.dll
0x00007ffd1e3f0000 - 0x00007ffd1e45b000 	C:\WINDOWS\System32\WS2_32.dll
0x00007ffd18ac0000 - 0x00007ffd18acf000 	C:\Program Files\Android\Android Studio1\jre\jre\bin\verify.dll
0x00007ffd081c0000 - 0x00007ffd081e9000 	C:\Program Files\Android\Android Studio1\jre\jre\bin\java.dll
0x00007ffd08d90000 - 0x00007ffd08da6000 	C:\Program Files\Android\Android Studio1\jre\jre\bin\zip.dll
0x00007ffd1ea30000 - 0x00007ffd1f172000 	C:\WINDOWS\System32\SHELL32.dll
0x00007ffd1b190000 - 0x00007ffd1b920000 	C:\WINDOWS\SYSTEM32\windows.storage.dll
0x00007ffd1e6d0000 - 0x00007ffd1ea25000 	C:\WINDOWS\System32\combase.dll
0x00007ffd1c520000 - 0x00007ffd1c54c000 	C:\WINDOWS\SYSTEM32\Wldp.dll
0x00007ffd1db70000 - 0x00007ffd1dc1e000 	C:\WINDOWS\System32\SHCORE.dll
0x00007ffd1f180000 - 0x00007ffd1f1d5000 	C:\WINDOWS\System32\shlwapi.dll
0x00007ffd1c9f0000 - 0x00007ffd1ca0f000 	C:\WINDOWS\SYSTEM32\profapi.dll
0x00007ffd06ac0000 - 0x00007ffd06ada000 	C:\Program Files\Android\Android Studio1\jre\jre\bin\net.dll
0x00007ffd1c2a0000 - 0x00007ffd1c30a000 	C:\WINDOWS\system32\mswsock.dll
0x00007ffd05ba0000 - 0x00007ffd05bb3000 	C:\Program Files\Android\Android Studio1\jre\jre\bin\nio.dll
0x00007ffd05de0000 - 0x00007ffd05e06000 	C:\Users\tlock\.gradle\native\30\windows-amd64\native-platform.dll
0x00007ffd17fa0000 - 0x00007ffd17fad000 	C:\Program Files\Android\Android Studio1\jre\jre\bin\management.dll
0x00007ffd1c470000 - 0x00007ffd1c488000 	C:\WINDOWS\SYSTEM32\CRYPTSP.dll
0x00007ffd1bbd0000 - 0x00007ffd1bc04000 	C:\WINDOWS\system32\rsaenh.dll
0x00007ffd1ce10000 - 0x00007ffd1ce37000 	C:\WINDOWS\System32\bcrypt.dll
0x00007ffd1c970000 - 0x00007ffd1c99e000 	C:\WINDOWS\SYSTEM32\USERENV.dll
0x00007ffd1ce40000 - 0x00007ffd1cec0000 	C:\WINDOWS\System32\bcryptprimitives.dll
0x00007ffd1c490000 - 0x00007ffd1c49c000 	C:\WINDOWS\SYSTEM32\CRYPTBASE.dll
0x00007ffd1bf20000 - 0x00007ffd1bf5b000 	C:\WINDOWS\SYSTEM32\IPHLPAPI.DLL
0x00007ffd1f1e0000 - 0x00007ffd1f1e8000 	C:\WINDOWS\System32\NSI.dll
0x00007ffd10880000 - 0x00007ffd10897000 	C:\WINDOWS\SYSTEM32\dhcpcsvc6.DLL
0x00007ffd10cd0000 - 0x00007ffd10ced000 	C:\WINDOWS\SYSTEM32\dhcpcsvc.DLL
0x00007ffd1bf60000 - 0x00007ffd1c02b000 	C:\WINDOWS\SYSTEM32\DNSAPI.dll
0x00007ffcf8be0000 - 0x00007ffcf8c04000 	C:\Program Files\Android\Android Studio1\jre\jre\bin\sunec.dll
0x00007ffd10c10000 - 0x00007ffd10c1a000 	C:\Windows\System32\rasadhlp.dll
0x00007ffd0ff80000 - 0x00007ffd0ffff000 	C:\WINDOWS\System32\fwpuclnt.dll
0x00007ffd138e0000 - 0x00007ffd138eb000 	C:\Program Files\Android\Android Studio1\jre\jre\bin\sunmscapi.dll
0x00007ffd1cab0000 - 0x00007ffd1cc0f000 	C:\WINDOWS\System32\CRYPT32.dll

VM Arguments:
jvm_args: -Xmx1536m -Dfile.encoding=windows-1252 -Duser.country=GB -Duser.language=en -Duser.variant 
java_command: org.gradle.launcher.daemon.bootstrap.GradleDaemon 5.6.4
java_class_path (initial): C:\Users\tlock\.gradle\wrapper\dists\gradle-5.6.4-all\ankdp27end7byghfw1q2sw75f\gradle-5.6.4\lib\gradle-launcher-5.6.4.jar
Launcher Type: SUN_STANDARD

Environment Variables:
PATH=C:\Program Files\Microsoft MPI\Bin\;C:\Program Files\NVIDIA GPU Computing Toolkit\CUDA\v11.1\bin;C:\Program Files\NVIDIA GPU Computing Toolkit\CUDA\v11.1\libnvvp;C:\Python38\Scripts\;C:\Python38\;C:\WINDOWS\system32;C:\WINDOWS;C:\WINDOWS\System32\Wbem;C:\WINDOWS\System32\WindowsPowerShell\v1.0\;C:\WINDOWS\System32\OpenSSH\;C:\Program Files\Intel\WiFi\bin\;C:\Program Files\Common Files\Intel\WirelessCommon\;C:\Program Files\dotnet\;C:\Program Files\Microsoft SQL Server\130\Tools\Binn\;C:\Program Files\Microsoft SQL Server\Client SDK\ODBC\170\Tools\Binn\;C:\ProgramData\chocolatey\bin;C:\Program Files\nodejs\;C:\Program Files\NVIDIA Corporation\Nsight Compute 2020.2.1\;C:\Program Files (x86)\NVIDIA Corporation\PhysX\Common;C:\Program Files\Git\cmd;C:\WINDOWS\system32;C:\WINDOWS;C:\WINDOWS\System32\Wbem;C:\WINDOWS\System32\WindowsPowerShell\v1.0\;C:\WINDOWS\System32\OpenSSH\;C:\Users\tlock\AppData\Local\Microsoft\WindowsApps;C:\Users\tlock\AppData\Local\Programs\Microsoft VS Code\bin;C:\Users\tlock\AppData\Local\GitHubDesktop\bin;C:\Users\tlock\AppData\Local\Microsoft\WindowsApps;C:\Users\tlock\AppData\Roaming\npm;C:\Users\tlock\.dotnet\tools;
USERNAME=tlock
OS=Windows_NT
PROCESSOR_IDENTIFIER=Intel64 Family 6 Model 142 Stepping 12, GenuineIntel



---------------  S Y S T E M  ---------------

OS: Windows 10.0 , 64 bit Build 19041 (10.0.19041.804)

CPU:total 8 (initial active 8) (4 cores per cpu, 2 threads per core) family 6 model 142 stepping 12, cmov, cx8, fxsr, mmx, sse, sse2, sse3, ssse3, sse4.1, sse4.2, popcnt, avx, avx2, aes, clmul, erms, 3dnowpref, lzcnt, ht, tsc, tscinvbit, bmi1, bmi2, adx

Memory: 4k page, physical 8198288k(394196k free), swap 33364112k(5736k free)

vm_info: OpenJDK 64-Bit Server VM (25.242-b01) for windows-amd64 JRE (1.8.0_242-release-1644-b01), built by "builder" with MS VC++ 10.0 (VS2010)

time: Thu Mar 25 04:29:40 2021
timezone: GMT Standard Time
elapsed time: 30 seconds (0d 0h 0m 30s)

