#
# There is insufficient memory for the Java Runtime Environment to continue.
# Native memory allocation (malloc) failed to allocate 32744 bytes for ChunkPool::allocate
# Possible reasons:
#   The system is out of physical RAM or swap space
#   The process is running with CompressedOops enabled, and the Java Heap may be blocking the growth of the native heap
# Possible solutions:
#   Reduce memory load on the system
#   Increase physical memory or swap space
#   Check if swap backing store is full
#   Decrease Java heap size (-Xmx/-Xms)
#   Decrease number of Java threads
#   Decrease Java thread stack sizes (-Xss)
#   Set larger code cache with -XX:ReservedCodeCacheSize=
#   JVM is running with Unscaled Compressed Oops mode in which the Java heap is
#     placed in the first 4GB address space. The Java Heap base address is the
#     maximum limit for the native heap growth. Please use -XX:HeapBaseMinAddress
#     to set the Java Heap base and to place the Java Heap above 4GB virtual address.
# This output file may be truncated or incomplete.
#
#  Out of Memory Error (allocation.cpp:272), pid=26252, tid=0x00000000000040ec
#
# JRE version: OpenJDK Runtime Environment (8.0_242-b01) (build 1.8.0_242-release-1644-b01)
# Java VM: OpenJDK 64-Bit Server VM (25.242-b01 mixed mode windows-amd64 compressed oops)
# Failed to write core dump. Minidumps are not enabled by default on client versions of Windows
#

---------------  T H R E A D  ---------------

Current thread (0x00000000181e1800):  JavaThread "C2 CompilerThread0" daemon [_thread_in_native, id=16620, stack(0x0000000018ab0000,0x0000000018bb0000)]

Stack: [0x0000000018ab0000,0x0000000018bb0000]
[error occurred during error reporting (printing stack bounds), id 0xc0000005]

Native frames: (J=compiled Java code, j=interpreted, Vv=VM code, C=native code)


Current CompileTask:
C2:   5340 2402   !   4       java.net.URLClassLoader$1::run (63 bytes)


---------------  P R O C E S S  ---------------

Java Threads: ( => current thread )
  0x00000000193cc800 JavaThread "Cache worker for execution history cache (C:\Users\tlock\.gradle\caches\5.6.4\executionHistory)" [_thread_blocked, id=10116, stack(0x0000000020ec0000,0x0000000020fc0000)]
  0x00000000193d1000 JavaThread "Cache worker for cache directory md-rule (C:\Users\tlock\.gradle\caches\5.6.4\md-rule)" [_thread_blocked, id=1800, stack(0x0000000020700000,0x0000000020800000)]
  0x00000000193d0000 JavaThread "Cache worker for cache directory md-supplier (C:\Users\tlock\.gradle\caches\5.6.4\md-supplier)" [_thread_blocked, id=7684, stack(0x000000001f470000,0x000000001f570000)]
  0x00000000181ff800 JavaThread "Cache worker for file hash cache (C:\Users\tlock\Desktop\TeamApp16_FurnitureAR\.gradle\5.6.4\fileHashes)" [_thread_blocked, id=14720, stack(0x000000001f630000,0x000000001f730000)]
  0x00000000181fd800 JavaThread "Cache worker for journal cache (C:\Users\tlock\.gradle\caches\journal-1)" [_thread_blocked, id=24280, stack(0x000000001cfd0000,0x000000001d0d0000)]
  0x00000000181fe000 JavaThread "File lock request listener" [_thread_in_native, id=13580, stack(0x000000001ced0000,0x000000001cfd0000)]
  0x00000000181ff000 JavaThread "Cache worker for file hash cache (C:\Users\tlock\.gradle\caches\5.6.4\fileHashes)" [_thread_blocked, id=15668, stack(0x000000001cdd0000,0x000000001ced0000)]
  0x000000001abba800 JavaThread "Thread-9" [_thread_blocked, id=11444, stack(0x000000001cad0000,0x000000001cbd0000)]
  0x000000001ab8c800 JavaThread "Stdin handler" [_thread_blocked, id=916, stack(0x000000001c9d0000,0x000000001cad0000)]
  0x000000001aba1000 JavaThread "Asynchronous log dispatcher for DefaultDaemonConnection: socket connection from /127.0.0.1:52112 to /127.0.0.1:52113" [_thread_blocked, id=23956, stack(0x000000001c7d0000,0x000000001c8d0000)]
  0x000000001aba8000 JavaThread "Daemon worker" [_thread_in_vm, id=25580, stack(0x000000001c6d0000,0x000000001c7d0000)]
  0x000000001aba7000 JavaThread "Cancel handler" [_thread_blocked, id=7160, stack(0x000000001c5d0000,0x000000001c6d0000)]
  0x000000001ab71000 JavaThread "Handler for socket connection from /127.0.0.1:52112 to /127.0.0.1:52113" [_thread_in_native, id=2040, stack(0x000000001c2d0000,0x000000001c3d0000)]
  0x000000001ab6f000 JavaThread "Daemon" [_thread_blocked, id=26684, stack(0x000000001c1d0000,0x000000001c2d0000)]
  0x000000001aacc800 JavaThread "Daemon periodic checks" [_thread_blocked, id=23244, stack(0x000000001c0d0000,0x000000001c1d0000)]
  0x000000001aad7000 JavaThread "Incoming local TCP Connector on port 52112" [_thread_in_native, id=13164, stack(0x000000001be90000,0x000000001bf90000)]
  0x000000001aa26800 JavaThread "Daemon health stats" [_thread_blocked, id=11692, stack(0x000000001b850000,0x000000001b950000)]
  0x0000000018286000 JavaThread "Service Thread" daemon [_thread_blocked, id=7580, stack(0x0000000018eb0000,0x0000000018fb0000)]
  0x00000000181fc800 JavaThread "C1 CompilerThread3" daemon [_thread_blocked, id=10924, stack(0x0000000018db0000,0x0000000018eb0000)]
  0x00000000181e8000 JavaThread "C2 CompilerThread2" daemon [_thread_in_native, id=23816, stack(0x0000000018cb0000,0x0000000018db0000)]
  0x00000000181e6800 JavaThread "C2 CompilerThread1" daemon [_thread_in_native, id=21428, stack(0x0000000018bb0000,0x0000000018cb0000)]
=>0x00000000181e1800 JavaThread "C2 CompilerThread0" daemon [_thread_in_native, id=16620, stack(0x0000000018ab0000,0x0000000018bb0000)]
  0x00000000181e0000 JavaThread "Attach Listener" daemon [_thread_blocked, id=3492, stack(0x00000000189b0000,0x0000000018ab0000)]
  0x00000000181df000 JavaThread "Signal Dispatcher" daemon [_thread_blocked, id=21364, stack(0x00000000188b0000,0x00000000189b0000)]
  0x00000000181d0800 JavaThread "Finalizer" daemon [_thread_blocked, id=26888, stack(0x00000000186b0000,0x00000000187b0000)]
  0x0000000002618000 JavaThread "Reference Handler" daemon [_thread_blocked, id=17912, stack(0x00000000185b0000,0x00000000186b0000)]
  0x0000000002522800 JavaThread "main" [_thread_blocked, id=16168, stack(0x0000000002420000,0x0000000002520000)]

Other Threads:
  0x00000000163d6800 VMThread [stack: 0x00000000180b0000,0x00000000181b0000] [id=1316]
  0x0000000018287000 WatcherThread [stack: 0x0000000018fb0000,0x00000000190b0000] [id=8828]

VM state:not at safepoint (normal execution)

VM Mutex/Monitor currently owned by a thread: None

heap address: 0x00000000a0000000, size: 1536 MB, Compressed Oops mode: 32-bit
Narrow klass base: 0x0000000000000000, Narrow klass shift: 3
Compressed class space size: 1073741824 Address: 0x0000000100000000

Heap:
 PSYoungGen      total 74752K, used 57238K [0x00000000e0000000, 0x00000000e8200000, 0x0000000100000000)
  eden space 64512K, 77% used [0x00000000e0000000,0x00000000e30959b8,0x00000000e3f00000)
  from space 10240K, 73% used [0x00000000e4a00000,0x00000000e514ff40,0x00000000e5400000)
  to   space 11264K, 0% used [0x00000000e3f00000,0x00000000e3f00000,0x00000000e4a00000)
 ParOldGen       total 53248K, used 7523K [0x00000000a0000000, 0x00000000a3400000, 0x00000000e0000000)
  object space 53248K, 14% used [0x00000000a0000000,0x00000000a0758de8,0x00000000a3400000)
 Metaspace       used 30576K, capacity 31278K, committed 31360K, reserved 1077248K
  class space    used 4221K, capacity 4474K, committed 4480K, reserved 1048576K

Card table byte_map: [0x00000000119e0000,0x0000000011cf0000] byte_map_base: 0x00000000114e0000

Marking Bits: (ParMarkBitMap*) 0x000000006665f030
 Begin Bits: [0x00000000126f0000, 0x0000000013ef0000)
 End Bits:   [0x0000000013ef0000, 0x00000000156f0000)

Polling page: 0x0000000002380000

CodeCache: size=245760Kb used=9654Kb max_used=9666Kb free=236105Kb
 bounds [0x0000000002620000, 0x0000000002fa0000, 0x0000000011620000]
 total_blobs=3227 nmethods=2546 adapters=594
 compilation: enabled

Compilation events (10 events):
Event: 5.317 Thread 0x00000000181fc800 2548       3       sun.misc.JarIndex::addToList (59 bytes)
Event: 5.317 Thread 0x00000000181fc800 nmethod 2548 0x0000000002f82850 code [0x0000000002f82a60, 0x0000000002f833a8]
Event: 5.327 Thread 0x00000000181fc800 2549       3       groovyjarjarasm.asm.SymbolTable::get (13 bytes)
Event: 5.327 Thread 0x00000000181fc800 nmethod 2549 0x0000000002f80150 code [0x0000000002f802a0, 0x0000000002f80430]
Event: 5.329 Thread 0x00000000181fc800 2550       3       org.codehaus.groovy.reflection.ClassInfo::isSAM (13 bytes)
Event: 5.330 Thread 0x00000000181fc800 nmethod 2550 0x0000000002f82390 code [0x0000000002f82500, 0x0000000002f82748]
Event: 5.330 Thread 0x00000000181fc800 2551       3       java.util.Arrays::sort (24 bytes)
Event: 5.330 Thread 0x00000000181fc800 nmethod 2551 0x0000000002f81f50 code [0x0000000002f820c0, 0x0000000002f822c8]
Event: 5.330 Thread 0x00000000181fc800 2552       3       java.util.Arrays$ArrayList::toArray (11 bytes)
Event: 5.331 Thread 0x00000000181fc800 nmethod 2552 0x0000000002f86e10 code [0x0000000002f86f80, 0x0000000002f87288]

GC Heap History (10 events):
Event: 2.851 GC heap before
{Heap before GC invocations=5 (full 0):
 PSYoungGen      total 37888K, used 37872K [0x00000000e0000000, 0x00000000e2a00000, 0x0000000100000000)
  eden space 32768K, 100% used [0x00000000e0000000,0x00000000e2000000,0x00000000e2000000)
  from space 5120K, 99% used [0x00000000e2500000,0x00000000e29fc030,0x00000000e2a00000)
  to   space 5120K, 0% used [0x00000000e2000000,0x00000000e2000000,0x00000000e2500000)
 ParOldGen       total 86016K, used 3753K [0x00000000a0000000, 0x00000000a5400000, 0x00000000e0000000)
  object space 86016K, 4% used [0x00000000a0000000,0x00000000a03aa4e0,0x00000000a5400000)
 Metaspace       used 17300K, capacity 17716K, committed 18048K, reserved 1064960K
  class space    used 2479K, capacity 2630K, committed 2688K, reserved 1048576K
Event: 2.860 GC heap after
Heap after GC invocations=5 (full 0):
 PSYoungGen      total 37888K, used 5104K [0x00000000e0000000, 0x00000000e5400000, 0x0000000100000000)
  eden space 32768K, 0% used [0x00000000e0000000,0x00000000e0000000,0x00000000e2000000)
  from space 5120K, 99% used [0x00000000e2000000,0x00000000e24fc030,0x00000000e2500000)
  to   space 10240K, 0% used [0x00000000e4a00000,0x00000000e4a00000,0x00000000e5400000)
 ParOldGen       total 86016K, used 6973K [0x00000000a0000000, 0x00000000a5400000, 0x00000000e0000000)
  object space 86016K, 8% used [0x00000000a0000000,0x00000000a06cf690,0x00000000a5400000)
 Metaspace       used 17300K, capacity 17716K, committed 18048K, reserved 1064960K
  class space    used 2479K, capacity 2630K, committed 2688K, reserved 1048576K
}
Event: 3.483 GC heap before
{Heap before GC invocations=6 (full 0):
 PSYoungGen      total 37888K, used 37872K [0x00000000e0000000, 0x00000000e5400000, 0x0000000100000000)
  eden space 32768K, 100% used [0x00000000e0000000,0x00000000e2000000,0x00000000e2000000)
  from space 5120K, 99% used [0x00000000e2000000,0x00000000e24fc030,0x00000000e2500000)
  to   space 10240K, 0% used [0x00000000e4a00000,0x00000000e4a00000,0x00000000e5400000)
 ParOldGen       total 86016K, used 6973K [0x00000000a0000000, 0x00000000a5400000, 0x00000000e0000000)
  object space 86016K, 8% used [0x00000000a0000000,0x00000000a06cf690,0x00000000a5400000)
 Metaspace       used 20221K, capacity 20814K, committed 21120K, reserved 1067008K
  class space    used 2937K, capacity 3109K, committed 3200K, reserved 1048576K
Event: 3.492 GC heap after
Heap after GC invocations=6 (full 0):
 PSYoungGen      total 74752K, used 8895K [0x00000000e0000000, 0x00000000e5600000, 0x0000000100000000)
  eden space 64512K, 0% used [0x00000000e0000000,0x00000000e0000000,0x00000000e3f00000)
  from space 10240K, 86% used [0x00000000e4a00000,0x00000000e52afef8,0x00000000e5400000)
  to   space 11264K, 0% used [0x00000000e3f00000,0x00000000e3f00000,0x00000000e4a00000)
 ParOldGen       total 86016K, used 6981K [0x00000000a0000000, 0x00000000a5400000, 0x00000000e0000000)
  object space 86016K, 8% used [0x00000000a0000000,0x00000000a06d1690,0x00000000a5400000)
 Metaspace       used 20221K, capacity 20814K, committed 21120K, reserved 1067008K
  class space    used 2937K, capacity 3109K, committed 3200K, reserved 1048576K
}
Event: 3.581 GC heap before
{Heap before GC invocations=7 (full 0):
 PSYoungGen      total 74752K, used 11918K [0x00000000e0000000, 0x00000000e5600000, 0x0000000100000000)
  eden space 64512K, 4% used [0x00000000e0000000,0x00000000e02f3a38,0x00000000e3f00000)
  from space 10240K, 86% used [0x00000000e4a00000,0x00000000e52afef8,0x00000000e5400000)
  to   space 11264K, 0% used [0x00000000e3f00000,0x00000000e3f00000,0x00000000e4a00000)
 ParOldGen       total 86016K, used 6981K [0x00000000a0000000, 0x00000000a5400000, 0x00000000e0000000)
  object space 86016K, 8% used [0x00000000a0000000,0x00000000a06d1690,0x00000000a5400000)
 Metaspace       used 20732K, capacity 21268K, committed 21296K, reserved 1067008K
  class space    used 2995K, capacity 3175K, committed 3200K, reserved 1048576K
Event: 3.591 GC heap after
Heap after GC invocations=7 (full 0):
 PSYoungGen      total 75776K, used 4792K [0x00000000e0000000, 0x00000000e5600000, 0x0000000100000000)
  eden space 64512K, 0% used [0x00000000e0000000,0x00000000e0000000,0x00000000e3f00000)
  from space 11264K, 42% used [0x00000000e3f00000,0x00000000e43ae230,0x00000000e4a00000)
  to   space 10240K, 0% used [0x00000000e4a00000,0x00000000e4a00000,0x00000000e5400000)
 ParOldGen       total 86016K, used 9077K [0x00000000a0000000, 0x00000000a5400000, 0x00000000e0000000)
  object space 86016K, 10% used [0x00000000a0000000,0x00000000a08dd6e0,0x00000000a5400000)
 Metaspace       used 20732K, capacity 21268K, committed 21296K, reserved 1067008K
  class space    used 2995K, capacity 3175K, committed 3200K, reserved 1048576K
}
Event: 3.591 GC heap before
{Heap before GC invocations=8 (full 1):
 PSYoungGen      total 75776K, used 4792K [0x00000000e0000000, 0x00000000e5600000, 0x0000000100000000)
  eden space 64512K, 0% used [0x00000000e0000000,0x00000000e0000000,0x00000000e3f00000)
  from space 11264K, 42% used [0x00000000e3f00000,0x00000000e43ae230,0x00000000e4a00000)
  to   space 10240K, 0% used [0x00000000e4a00000,0x00000000e4a00000,0x00000000e5400000)
 ParOldGen       total 86016K, used 9077K [0x00000000a0000000, 0x00000000a5400000, 0x00000000e0000000)
  object space 86016K, 10% used [0x00000000a0000000,0x00000000a08dd6e0,0x00000000a5400000)
 Metaspace       used 20732K, capacity 21268K, committed 21296K, reserved 1067008K
  class space    used 2995K, capacity 3175K, committed 3200K, reserved 1048576K
Event: 3.628 GC heap after
Heap after GC invocations=8 (full 1):
 PSYoungGen      total 75776K, used 0K [0x00000000e0000000, 0x00000000e5600000, 0x0000000100000000)
  eden space 64512K, 0% used [0x00000000e0000000,0x00000000e0000000,0x00000000e3f00000)
  from space 11264K, 0% used [0x00000000e3f00000,0x00000000e3f00000,0x00000000e4a00000)
  to   space 10240K, 0% used [0x00000000e4a00000,0x00000000e4a00000,0x00000000e5400000)
 ParOldGen       total 53248K, used 7515K [0x00000000a0000000, 0x00000000a3400000, 0x00000000e0000000)
  object space 53248K, 14% used [0x00000000a0000000,0x00000000a0756de8,0x00000000a3400000)
 Metaspace       used 20732K, capacity 21268K, committed 21296K, reserved 1067008K
  class space    used 2995K, capacity 3175K, committed 3200K, reserved 1048576K
}
Event: 4.619 GC heap before
{Heap before GC invocations=9 (full 1):
 PSYoungGen      total 75776K, used 64512K [0x00000000e0000000, 0x00000000e5600000, 0x0000000100000000)
  eden space 64512K, 100% used [0x00000000e0000000,0x00000000e3f00000,0x00000000e3f00000)
  from space 11264K, 0% used [0x00000000e3f00000,0x00000000e3f00000,0x00000000e4a00000)
  to   space 10240K, 0% used [0x00000000e4a00000,0x00000000e4a00000,0x00000000e5400000)
 ParOldGen       total 53248K, used 7515K [0x00000000a0000000, 0x00000000a3400000, 0x00000000e0000000)
  object space 53248K, 14% used [0x00000000a0000000,0x00000000a0756de8,0x00000000a3400000)
 Metaspace       used 28214K, capacity 28854K, committed 28928K, reserved 1075200K
  class space    used 3849K, capacity 4080K, committed 4096K, reserved 1048576K
Event: 4.632 GC heap after
Heap after GC invocations=9 (full 1):
 PSYoungGen      total 74752K, used 7487K [0x00000000e0000000, 0x00000000e8200000, 0x0000000100000000)
  eden space 64512K, 0% used [0x00000000e0000000,0x00000000e0000000,0x00000000e3f00000)
  from space 10240K, 73% used [0x00000000e4a00000,0x00000000e514ff40,0x00000000e5400000)
  to   space 11264K, 0% used [0x00000000e3f00000,0x00000000e3f00000,0x00000000e4a00000)
 ParOldGen       total 53248K, used 7523K [0x00000000a0000000, 0x00000000a3400000, 0x00000000e0000000)
  object space 53248K, 14% used [0x00000000a0000000,0x00000000a0758de8,0x00000000a3400000)
 Metaspace       used 28214K, capacity 28854K, committed 28928K, reserved 1075200K
  class space    used 3849K, capacity 4080K, committed 4096K, reserved 1048576K
}

Deoptimization events (10 events):
Event: 3.535 Thread 0x000000001aba8000 Uncommon trap: reason=unstable_if action=reinterpret pc=0x0000000002c49ecc method=java.lang.ClassLoader.getClassLoadingLock(Ljava/lang/String;)Ljava/lang/Object; @ 6
Event: 3.628 Thread 0x0000000002618000 Uncommon trap: reason=unstable_if action=reinterpret pc=0x0000000002b4193c method=java.lang.ref.Reference.tryHandlePending(Z)Z @ 104
Event: 3.628 Thread 0x000000001aba8000 Uncommon trap: reason=class_check action=maybe_recompile pc=0x0000000002c0d118 method=java.io.BufferedInputStream.read([BII)I @ 101
Event: 3.629 Thread 0x000000001aba8000 Uncommon trap: reason=class_check action=maybe_recompile pc=0x0000000002c0d118 method=java.io.BufferedInputStream.read([BII)I @ 101
Event: 3.629 Thread 0x000000001aba8000 Uncommon trap: reason=class_check action=maybe_recompile pc=0x0000000002c0d118 method=java.io.BufferedInputStream.read([BII)I @ 101
Event: 3.629 Thread 0x000000001aba8000 Uncommon trap: reason=class_check action=maybe_recompile pc=0x0000000002c0d118 method=java.io.BufferedInputStream.read([BII)I @ 101
Event: 4.246 Thread 0x000000001aba8000 Uncommon trap: reason=unstable_if action=reinterpret pc=0x0000000002af9160 method=java.util.HashMap.hash(Ljava/lang/Object;)I @ 1
Event: 4.363 Thread 0x000000001aba8000 Uncommon trap: reason=unstable_if action=reinterpret pc=0x00000000028d8ccc method=java.io.WinNTFileSystem.resolve(Ljava/lang/String;Ljava/lang/String;)Ljava/lang/String; @ 49
Event: 4.396 Thread 0x000000001aba8000 Uncommon trap: reason=unstable_if action=reinterpret pc=0x00000000028fd0b0 method=java.util.LinkedHashMap.afterNodeInsertion(Z)V @ 1
Event: 4.727 Thread 0x000000001aba8000 Uncommon trap: reason=unstable_if action=reinterpret pc=0x00000000028ac444 method=java.util.HashMap.getNode(ILjava/lang/Object;)Ljava/util/HashMap$Node; @ 129

Classes redefined (0 events):
No events

Internal exceptions (10 events):
Event: 5.196 Thread 0x000000001aba8000 Exception <a 'java/lang/ClassNotFoundException': org/gradle/api/internal/project/AbstractPluginAwareBeanInfo> (0x00000000e2b08968) thrown at [C:\src\AOSP-openjdk-git\hotspot\src\share\vm\classfile\systemDictionary.cpp, line 210]
Event: 5.197 Thread 0x000000001aba8000 Exception <a 'java/lang/ClassNotFoundException': org/gradle/api/internal/project/AbstractPluginAwareCustomizer> (0x00000000e2b3a578) thrown at [C:\src\AOSP-openjdk-git\hotspot\src\share\vm\classfile\systemDictionary.cpp, line 210]
Event: 5.198 Thread 0x000000001aba8000 Exception <a 'java/lang/ClassNotFoundException': org/gradle/invocation/DefaultGradleCustomizer> (0x00000000e2b6ab48) thrown at [C:\src\AOSP-openjdk-git\hotspot\src\share\vm\classfile\systemDictionary.cpp, line 210]
Event: 5.203 Thread 0x000000001aba8000 Exception <a 'java/lang/ClassNotFoundException': org/gradle/invocation/DefaultGradle_DecoratedCustomizer> (0x00000000e2bdf1d8) thrown at [C:\src\AOSP-openjdk-git\hotspot\src\share\vm\classfile\systemDictionary.cpp, line 210]
Event: 5.226 Thread 0x000000001aba8000 Exception <a 'java/lang/ClassNotFoundException': ijinit_o3950tqrsetl21rtzn1zjuc8BeanInfo> (0x00000000e2ce74c8) thrown at [C:\src\AOSP-openjdk-git\hotspot\src\share\vm\classfile\systemDictionary.cpp, line 210]
Event: 5.226 Thread 0x000000001aba8000 Exception <a 'java/lang/ClassNotFoundException': ijinit_o3950tqrsetl21rtzn1zjuc8Customizer> (0x00000000e2cf3570) thrown at [C:\src\AOSP-openjdk-git\hotspot\src\share\vm\classfile\systemDictionary.cpp, line 210]
Event: 5.285 Thread 0x000000001aba8000 Exception <a 'java/lang/ClassNotFoundException': ijinit_o3950tqrsetl21rtzn1zjuc8BeanInfo> (0x00000000e2e98848) thrown at [C:\src\AOSP-openjdk-git\hotspot\src\share\vm\classfile\systemDictionary.cpp, line 210]
Event: 5.285 Thread 0x000000001aba8000 Exception <a 'java/lang/ClassNotFoundException': ijinit_o3950tqrsetl21rtzn1zjuc8Customizer> (0x00000000e2ea4850) thrown at [C:\src\AOSP-openjdk-git\hotspot\src\share\vm\classfile\systemDictionary.cpp, line 210]
Event: 5.332 Thread 0x000000001aba8000 Exception <a 'java/lang/ClassNotFoundException': org/gradle/api/internal/plugins/DefaultObjectConfigurationActionBeanInfo> (0x00000000e2f644c0) thrown at [C:\src\AOSP-openjdk-git\hotspot\src\share\vm\classfile\systemDictionary.cpp, line 210]
Event: 5.333 Thread 0x000000001aba8000 Exception <a 'java/lang/ClassNotFoundException': org/gradle/api/internal/plugins/DefaultObjectConfigurationActionCustomizer> (0x00000000e2f9d150) thrown at [C:\src\AOSP-openjdk-git\hotspot\src\share\vm\classfile\systemDictionary.cpp, line 210]

Events (10 events):
Event: 5.332 loading class org/gradle/api/internal/plugins/DefaultObjectConfigurationActionCustomizer
Event: 5.332 loading class org/gradle/api/internal/plugins/DefaultObjectConfigurationActionCustomizer done
Event: 5.332 loading class org/gradle/api/internal/plugins/DefaultObjectConfigurationActionCustomizer
Event: 5.332 loading class org/gradle/api/internal/plugins/DefaultObjectConfigurationActionCustomizer done
Event: 5.332 loading class org/gradle/api/internal/plugins/DefaultObjectConfigurationActionCustomizer
Event: 5.332 loading class org/gradle/api/internal/plugins/DefaultObjectConfigurationActionCustomizer done
Event: 5.333 loading class org/gradle/api/internal/plugins/DefaultObjectConfigurationActionCustomizer
Event: 5.333 loading class org/gradle/api/internal/plugins/DefaultObjectConfigurationActionCustomizer done
Event: 5.333 loading class org/gradle/api/internal/plugins/DefaultObjectConfigurationAction$2
Event: 5.333 loading class org/gradle/api/internal/plugins/DefaultObjectConfigurationAction$2 done


Dynamic libraries:
0x00007ff751290000 - 0x00007ff7512c1000 	C:\Program Files\Android\Android Studio1\jre\bin\java.exe
0x00007ffd1f370000 - 0x00007ffd1f565000 	C:\WINDOWS\SYSTEM32\ntdll.dll
0x00007ffd1d580000 - 0x00007ffd1d63d000 	C:\WINDOWS\System32\KERNEL32.DLL
0x00007ffd1cf10000 - 0x00007ffd1d1d9000 	C:\WINDOWS\System32\KERNELBASE.dll
0x00007ffd1dac0000 - 0x00007ffd1db6c000 	C:\WINDOWS\System32\ADVAPI32.dll
0x00007ffd1d3d0000 - 0x00007ffd1d46e000 	C:\WINDOWS\System32\msvcrt.dll
0x00007ffd1e630000 - 0x00007ffd1e6cc000 	C:\WINDOWS\System32\sechost.dll
0x00007ffd1f1f0000 - 0x00007ffd1f31b000 	C:\WINDOWS\System32\RPCRT4.dll
0x00007ffd1e490000 - 0x00007ffd1e630000 	C:\WINDOWS\System32\USER32.dll
0x00007ffd1d3a0000 - 0x00007ffd1d3c2000 	C:\WINDOWS\System32\win32u.dll
0x00007ffd1e460000 - 0x00007ffd1e48a000 	C:\WINDOWS\System32\GDI32.dll
0x00007ffd1d1e0000 - 0x00007ffd1d2eb000 	C:\WINDOWS\System32\gdi32full.dll
0x00007ffd1cd70000 - 0x00007ffd1ce0d000 	C:\WINDOWS\System32\msvcp_win.dll
0x00007ffd1cc10000 - 0x00007ffd1cd10000 	C:\WINDOWS\System32\ucrtbase.dll
0x00007ffd0a540000 - 0x00007ffd0a7da000 	C:\WINDOWS\WinSxS\amd64_microsoft.windows.common-controls_6595b64144ccf1df_6.0.19041.844_none_ca00b6081b84eb1d\COMCTL32.dll
0x00007ffd1e250000 - 0x00007ffd1e280000 	C:\WINDOWS\System32\IMM32.DLL
0x0000000065db0000 - 0x0000000065e82000 	C:\Program Files\Android\Android Studio1\jre\jre\bin\msvcr100.dll
0x0000000065e90000 - 0x00000000666db000 	C:\Program Files\Android\Android Studio1\jre\jre\bin\server\jvm.dll
0x00007ffd1f320000 - 0x00007ffd1f328000 	C:\WINDOWS\System32\PSAPI.DLL
0x00007ffd068d0000 - 0x00007ffd068f7000 	C:\WINDOWS\SYSTEM32\WINMM.dll
0x00007ffd1b960000 - 0x00007ffd1b96a000 	C:\WINDOWS\SYSTEM32\VERSION.dll
0x00007ffd122e0000 - 0x00007ffd122e9000 	C:\WINDOWS\SYSTEM32\WSOCK32.dll
0x00007ffd1e3f0000 - 0x00007ffd1e45b000 	C:\WINDOWS\System32\WS2_32.dll
0x00007ffd18ac0000 - 0x00007ffd18acf000 	C:\Program Files\Android\Android Studio1\jre\jre\bin\verify.dll
0x00007ffd081c0000 - 0x00007ffd081e9000 	C:\Program Files\Android\Android Studio1\jre\jre\bin\java.dll
0x00007ffd08d90000 - 0x00007ffd08da6000 	C:\Program Files\Android\Android Studio1\jre\jre\bin\zip.dll
0x00007ffd1ea30000 - 0x00007ffd1f172000 	C:\WINDOWS\System32\SHELL32.dll
0x00007ffd1b190000 - 0x00007ffd1b920000 	C:\WINDOWS\SYSTEM32\windows.storage.dll
0x00007ffd1e6d0000 - 0x00007ffd1ea25000 	C:\WINDOWS\System32\combase.dll
0x00007ffd1c520000 - 0x00007ffd1c54c000 	C:\WINDOWS\SYSTEM32\Wldp.dll
0x00007ffd1db70000 - 0x00007ffd1dc1e000 	C:\WINDOWS\System32\SHCORE.dll
0x00007ffd1f180000 - 0x00007ffd1f1d5000 	C:\WINDOWS\System32\shlwapi.dll
0x00007ffd1c9f0000 - 0x00007ffd1ca0f000 	C:\WINDOWS\SYSTEM32\profapi.dll
0x00007ffd06ac0000 - 0x00007ffd06ada000 	C:\Program Files\Android\Android Studio1\jre\jre\bin\net.dll
0x00007ffd1c2a0000 - 0x00007ffd1c30a000 	C:\WINDOWS\system32\mswsock.dll
0x00007ffd05ba0000 - 0x00007ffd05bb3000 	C:\Program Files\Android\Android Studio1\jre\jre\bin\nio.dll
0x00007ffd05de0000 - 0x00007ffd05e06000 	C:\Users\tlock\.gradle\native\30\windows-amd64\native-platform.dll
0x00007ffd17fa0000 - 0x00007ffd17fad000 	C:\Program Files\Android\Android Studio1\jre\jre\bin\management.dll
0x00007ffd1c470000 - 0x00007ffd1c488000 	C:\WINDOWS\SYSTEM32\CRYPTSP.dll
0x00007ffd1bbd0000 - 0x00007ffd1bc04000 	C:\WINDOWS\system32\rsaenh.dll
0x00007ffd1ce10000 - 0x00007ffd1ce37000 	C:\WINDOWS\System32\bcrypt.dll
0x00007ffd1c970000 - 0x00007ffd1c99e000 	C:\WINDOWS\SYSTEM32\USERENV.dll
0x00007ffd1ce40000 - 0x00007ffd1cec0000 	C:\WINDOWS\System32\bcryptprimitives.dll
0x00007ffd1c490000 - 0x00007ffd1c49c000 	C:\WINDOWS\SYSTEM32\CRYPTBASE.dll
0x00007ffd1bf20000 - 0x00007ffd1bf5b000 	C:\WINDOWS\SYSTEM32\IPHLPAPI.DLL
0x00007ffd1f1e0000 - 0x00007ffd1f1e8000 	C:\WINDOWS\System32\NSI.dll
0x00007ffd10880000 - 0x00007ffd10897000 	C:\WINDOWS\SYSTEM32\dhcpcsvc6.DLL
0x00007ffd10cd0000 - 0x00007ffd10ced000 	C:\WINDOWS\SYSTEM32\dhcpcsvc.DLL
0x00007ffd1bf60000 - 0x00007ffd1c02b000 	C:\WINDOWS\SYSTEM32\DNSAPI.dll

VM Arguments:
jvm_args: -Xmx1536m -Dfile.encoding=windows-1252 -Duser.country=GB -Duser.language=en -Duser.variant 
java_command: org.gradle.launcher.daemon.bootstrap.GradleDaemon 5.6.4
java_class_path (initial): C:\Users\tlock\.gradle\wrapper\dists\gradle-5.6.4-all\ankdp27end7byghfw1q2sw75f\gradle-5.6.4\lib\gradle-launcher-5.6.4.jar
Launcher Type: SUN_STANDARD

Environment Variables:
PATH=C:\Program Files\Microsoft MPI\Bin\;C:\Program Files\NVIDIA GPU Computing Toolkit\CUDA\v11.1\bin;C:\Program Files\NVIDIA GPU Computing Toolkit\CUDA\v11.1\libnvvp;C:\Python38\Scripts\;C:\Python38\;C:\WINDOWS\system32;C:\WINDOWS;C:\WINDOWS\System32\Wbem;C:\WINDOWS\System32\WindowsPowerShell\v1.0\;C:\WINDOWS\System32\OpenSSH\;C:\Program Files\Intel\WiFi\bin\;C:\Program Files\Common Files\Intel\WirelessCommon\;C:\Program Files\dotnet\;C:\Program Files\Microsoft SQL Server\130\Tools\Binn\;C:\Program Files\Microsoft SQL Server\Client SDK\ODBC\170\Tools\Binn\;C:\ProgramData\chocolatey\bin;C:\Program Files\nodejs\;C:\Program Files\NVIDIA Corporation\Nsight Compute 2020.2.1\;C:\Program Files (x86)\NVIDIA Corporation\PhysX\Common;C:\Program Files\Git\cmd;C:\WINDOWS\system32;C:\WINDOWS;C:\WINDOWS\System32\Wbem;C:\WINDOWS\System32\WindowsPowerShell\v1.0\;C:\WINDOWS\System32\OpenSSH\;C:\Users\tlock\AppData\Local\Microsoft\WindowsApps;C:\Users\tlock\AppData\Local\Programs\Microsoft VS Code\bin;C:\Users\tlock\AppData\Local\GitHubDesktop\bin;C:\Users\tlock\AppData\Local\Microsoft\WindowsApps;C:\Users\tlock\AppData\Roaming\npm;C:\Users\tlock\.dotnet\tools;
USERNAME=tlock
OS=Windows_NT
PROCESSOR_IDENTIFIER=Intel64 Family 6 Model 142 Stepping 12, GenuineIntel



---------------  S Y S T E M  ---------------

OS: Windows 10.0 , 64 bit Build 19041 (10.0.19041.804)

CPU:total 8 (initial active 8) (4 cores per cpu, 2 threads per core) family 6 model 142 stepping 12, cmov, cx8, fxsr, mmx, sse, sse2, sse3, ssse3, sse4.1, sse4.2, popcnt, avx, avx2, aes, clmul, erms, 3dnowpref, lzcnt, ht, tsc, tscinvbit, bmi1, bmi2, adx

Memory: 4k page, physical 8198288k(500868k free), swap 33364112k(112k free)

vm_info: OpenJDK 64-Bit Server VM (25.242-b01) for windows-amd64 JRE (1.8.0_242-release-1644-b01), built by "builder" with MS VC++ 10.0 (VS2010)

time: Thu Mar 25 04:37:23 2021
timezone: GMT Standard Time
elapsed time: 5 seconds (0d 0h 0m 5s)

