#
# There is insufficient memory for the Java Runtime Environment to continue.
# Native memory allocation (malloc) failed to allocate 974816 bytes for Chunk::new
# Possible reasons:
#   The system is out of physical RAM or swap space
#   The process is running with CompressedOops enabled, and the Java Heap may be blocking the growth of the native heap
# Possible solutions:
#   Reduce memory load on the system
#   Increase physical memory or swap space
#   Check if swap backing store is full
#   Decrease Java heap size (-Xmx/-Xms)
#   Decrease number of Java threads
#   Decrease Java thread stack sizes (-Xss)
#   Set larger code cache with -XX:ReservedCodeCacheSize=
#   JVM is running with Unscaled Compressed Oops mode in which the Java heap is
#     placed in the first 4GB address space. The Java Heap base address is the
#     maximum limit for the native heap growth. Please use -XX:HeapBaseMinAddress
#     to set the Java Heap base and to place the Java Heap above 4GB virtual address.
# This output file may be truncated or incomplete.
#
#  Out of Memory Error (allocation.cpp:389), pid=2912, tid=0x0000000000003b20
#
# JRE version: OpenJDK Runtime Environment (8.0_242-b01) (build 1.8.0_242-release-1644-b01)
# Java VM: OpenJDK 64-Bit Server VM (25.242-b01 mixed mode windows-amd64 compressed oops)
# Failed to write core dump. Minidumps are not enabled by default on client versions of Windows
#

---------------  T H R E A D  ---------------

Current thread (0x0000000017c89000):  JavaThread "C2 CompilerThread1" daemon [_thread_in_native, id=15136, stack(0x0000000018650000,0x0000000018750000)]

Stack: [0x0000000018650000,0x0000000018750000]
[error occurred during error reporting (printing stack bounds), id 0xc0000005]

Native frames: (J=compiled Java code, j=interpreted, Vv=VM code, C=native code)


Current CompileTask:
C2:   2295 1508   !   4       java.net.URLClassLoader$1::run (63 bytes)


---------------  P R O C E S S  ---------------

Java Threads: ( => current thread )
  0x000000001a6c7000 JavaThread "Cache worker for journal cache (C:\Users\tlock\.gradle\caches\journal-1)" [_thread_blocked, id=24520, stack(0x000000001ca70000,0x000000001cb70000)]
  0x000000001a6c6000 JavaThread "File lock request listener" [_thread_in_native, id=11604, stack(0x000000001c970000,0x000000001ca70000)]
  0x0000000018d13000 JavaThread "Cache worker for file hash cache (C:\Users\tlock\.gradle\caches\5.6.4\fileHashes)" [_thread_blocked, id=5644, stack(0x000000001c870000,0x000000001c970000)]
  0x000000001a66a000 JavaThread "Thread-9" [_thread_blocked, id=25276, stack(0x000000001c570000,0x000000001c670000)]
  0x000000001a63b000 JavaThread "Stdin handler" [_thread_blocked, id=23200, stack(0x000000001c470000,0x000000001c570000)]
  0x000000001a66b800 JavaThread "Asynchronous log dispatcher for DefaultDaemonConnection: socket connection from /127.0.0.1:52307 to /127.0.0.1:52308" [_thread_blocked, id=13384, stack(0x000000001c270000,0x000000001c370000)]
  0x000000001a5ff000 JavaThread "Daemon worker" [_thread_in_vm, id=23840, stack(0x000000001c170000,0x000000001c270000)]
  0x000000001a5f9800 JavaThread "Cancel handler" [_thread_blocked, id=27136, stack(0x000000001c070000,0x000000001c170000)]
  0x000000001a5d7800 JavaThread "Handler for socket connection from /127.0.0.1:52307 to /127.0.0.1:52308" [_thread_in_native, id=14608, stack(0x000000001bd70000,0x000000001be70000)]
  0x000000001a5d9000 JavaThread "Daemon" [_thread_blocked, id=26260, stack(0x000000001bc70000,0x000000001bd70000)]
  0x000000001a569800 JavaThread "Daemon periodic checks" [_thread_blocked, id=24104, stack(0x000000001bb70000,0x000000001bc70000)]
  0x000000001a568000 JavaThread "Incoming local TCP Connector on port 52307" [_thread_in_native, id=18852, stack(0x000000001b930000,0x000000001ba30000)]
  0x000000001a4cc800 JavaThread "Daemon health stats" [_thread_blocked, id=17960, stack(0x000000001b2f0000,0x000000001b3f0000)]
  0x0000000017ca4000 JavaThread "Service Thread" daemon [_thread_blocked, id=10652, stack(0x0000000018950000,0x0000000018a50000)]
  0x0000000017c95000 JavaThread "C1 CompilerThread3" daemon [_thread_blocked, id=17088, stack(0x0000000018850000,0x0000000018950000)]
  0x0000000017c8e000 JavaThread "C2 CompilerThread2" daemon [_thread_in_native, id=22312, stack(0x0000000018750000,0x0000000018850000)]
=>0x0000000017c89000 JavaThread "C2 CompilerThread1" daemon [_thread_in_native, id=15136, stack(0x0000000018650000,0x0000000018750000)]
  0x0000000017c85000 JavaThread "C2 CompilerThread0" daemon [_thread_blocked, id=21428, stack(0x0000000018550000,0x0000000018650000)]
  0x0000000017c80000 JavaThread "Attach Listener" daemon [_thread_blocked, id=16572, stack(0x0000000018450000,0x0000000018550000)]
  0x0000000017c7f000 JavaThread "Signal Dispatcher" daemon [_thread_blocked, id=22668, stack(0x0000000018350000,0x0000000018450000)]
  0x0000000015e81000 JavaThread "Finalizer" daemon [_thread_blocked, id=8924, stack(0x0000000018150000,0x0000000018250000)]
  0x0000000017c70800 JavaThread "Reference Handler" daemon [_thread_blocked, id=23788, stack(0x0000000018050000,0x0000000018150000)]
  0x00000000031b2800 JavaThread "main" [_thread_blocked, id=11908, stack(0x0000000003070000,0x0000000003170000)]

Other Threads:
  0x0000000015e77000 VMThread [stack: 0x0000000017b50000,0x0000000017c50000] [id=25504]
  0x0000000017ca4800 WatcherThread [stack: 0x0000000018a50000,0x0000000018b50000] [id=26672]

VM state:not at safepoint (normal execution)

VM Mutex/Monitor currently owned by a thread: None

heap address: 0x00000000c0000000, size: 1024 MB, Compressed Oops mode: 32-bit
Narrow klass base: 0x0000000000000000, Narrow klass shift: 3
Compressed class space size: 1073741824 Address: 0x0000000100000000

Heap:
 PSYoungGen      total 37888K, used 20019K [0x00000000eab00000, 0x00000000ed500000, 0x0000000100000000)
  eden space 32768K, 45% used [0x00000000eab00000,0x00000000eb994db0,0x00000000ecb00000)
  from space 5120K, 99% used [0x00000000ed000000,0x00000000ed4f8020,0x00000000ed500000)
  to   space 5120K, 0% used [0x00000000ecb00000,0x00000000ecb00000,0x00000000ed000000)
 ParOldGen       total 86016K, used 3713K [0x00000000c0000000, 0x00000000c5400000, 0x00000000eab00000)
  object space 86016K, 4% used [0x00000000c0000000,0x00000000c03a0410,0x00000000c5400000)
 Metaspace       used 15821K, capacity 16272K, committed 16512K, reserved 1062912K
  class space    used 2233K, capacity 2406K, committed 2432K, reserved 1048576K

Card table byte_map: [0x0000000012720000,0x0000000012930000] byte_map_base: 0x0000000012120000

Marking Bits: (ParMarkBitMap*) 0x000000006665f030
 Begin Bits: [0x0000000013290000, 0x0000000014290000)
 End Bits:   [0x0000000014290000, 0x0000000015290000)

Polling page: 0x0000000001810000

CodeCache: size=245760Kb used=5332Kb max_used=5340Kb free=240427Kb
 bounds [0x0000000003360000, 0x00000000038a0000, 0x0000000012360000]
 total_blobs=1926 nmethods=1535 adapters=304
 compilation: enabled

Compilation events (10 events):
Event: 2.254 Thread 0x0000000017c95000 1535   !   3       org.gradle.internal.service.DefaultServiceRegistry$ManagedObjectServiceProvider::getInstance (81 bytes)
Event: 2.255 Thread 0x0000000017c95000 nmethod 1535 0x0000000003895bd0 code [0x0000000003895d40, 0x00000000038961a8]
Event: 2.260 Thread 0x0000000017c85000 1536       4       java.util.regex.Pattern::has (15 bytes)
Event: 2.260 Thread 0x0000000017c85000 nmethod 1536 0x0000000003898f10 code [0x0000000003899040, 0x00000000038990b8]
Event: 2.278 Thread 0x0000000017c95000 1537       3       java.lang.StringBuilder::append (10 bytes)
Event: 2.278 Thread 0x0000000017c95000 nmethod 1537 0x0000000003898b90 code [0x0000000003898d00, 0x0000000003898e88]
Event: 2.278 Thread 0x0000000017c95000 1538       1       com.google.common.io.LineReader::access$000 (5 bytes)
Event: 2.278 Thread 0x0000000017c95000 nmethod 1538 0x00000000038988d0 code [0x0000000003898a20, 0x0000000003898b10]
Event: 2.281 Thread 0x0000000017c95000 1540       3       java.net.URLConnection::<init> (44 bytes)
Event: 2.281 Thread 0x0000000017c95000 nmethod 1540 0x0000000003898110 code [0x0000000003898280, 0x0000000003898490]

GC Heap History (8 events):
Event: 0.690 GC heap before
{Heap before GC invocations=1 (full 0):
 PSYoungGen      total 37888K, used 32768K [0x00000000eab00000, 0x00000000ed500000, 0x0000000100000000)
  eden space 32768K, 100% used [0x00000000eab00000,0x00000000ecb00000,0x00000000ecb00000)
  from space 5120K, 0% used [0x00000000ed000000,0x00000000ed000000,0x00000000ed500000)
  to   space 5120K, 0% used [0x00000000ecb00000,0x00000000ecb00000,0x00000000ed000000)
 ParOldGen       total 86016K, used 0K [0x00000000c0000000, 0x00000000c5400000, 0x00000000eab00000)
  object space 86016K, 0% used [0x00000000c0000000,0x00000000c0000000,0x00000000c5400000)
 Metaspace       used 7139K, capacity 7332K, committed 7424K, reserved 1056768K
  class space    used 867K, capacity 940K, committed 1024K, reserved 1048576K
Event: 0.695 GC heap after
Heap after GC invocations=1 (full 0):
 PSYoungGen      total 37888K, used 4277K [0x00000000eab00000, 0x00000000ed500000, 0x0000000100000000)
  eden space 32768K, 0% used [0x00000000eab00000,0x00000000eab00000,0x00000000ecb00000)
  from space 5120K, 83% used [0x00000000ecb00000,0x00000000ecf2d538,0x00000000ed000000)
  to   space 5120K, 0% used [0x00000000ed000000,0x00000000ed000000,0x00000000ed500000)
 ParOldGen       total 86016K, used 8K [0x00000000c0000000, 0x00000000c5400000, 0x00000000eab00000)
  object space 86016K, 0% used [0x00000000c0000000,0x00000000c0002000,0x00000000c5400000)
 Metaspace       used 7139K, capacity 7332K, committed 7424K, reserved 1056768K
  class space    used 867K, capacity 940K, committed 1024K, reserved 1048576K
}
Event: 0.974 GC heap before
{Heap before GC invocations=2 (full 0):
 PSYoungGen      total 37888K, used 37045K [0x00000000eab00000, 0x00000000ed500000, 0x0000000100000000)
  eden space 32768K, 100% used [0x00000000eab00000,0x00000000ecb00000,0x00000000ecb00000)
  from space 5120K, 83% used [0x00000000ecb00000,0x00000000ecf2d538,0x00000000ed000000)
  to   space 5120K, 0% used [0x00000000ed000000,0x00000000ed000000,0x00000000ed500000)
 ParOldGen       total 86016K, used 8K [0x00000000c0000000, 0x00000000c5400000, 0x00000000eab00000)
  object space 86016K, 0% used [0x00000000c0000000,0x00000000c0002000,0x00000000c5400000)
 Metaspace       used 7366K, capacity 7644K, committed 7936K, reserved 1056768K
  class space    used 897K, capacity 980K, committed 1024K, reserved 1048576K
Event: 0.977 GC heap after
Heap after GC invocations=2 (full 0):
 PSYoungGen      total 37888K, used 3297K [0x00000000eab00000, 0x00000000ed500000, 0x0000000100000000)
  eden space 32768K, 0% used [0x00000000eab00000,0x00000000eab00000,0x00000000ecb00000)
  from space 5120K, 64% used [0x00000000ed000000,0x00000000ed3384f0,0x00000000ed500000)
  to   space 5120K, 0% used [0x00000000ecb00000,0x00000000ecb00000,0x00000000ed000000)
 ParOldGen       total 86016K, used 16K [0x00000000c0000000, 0x00000000c5400000, 0x00000000eab00000)
  object space 86016K, 0% used [0x00000000c0000000,0x00000000c0004000,0x00000000c5400000)
 Metaspace       used 7366K, capacity 7644K, committed 7936K, reserved 1056768K
  class space    used 897K, capacity 980K, committed 1024K, reserved 1048576K
}
Event: 1.857 GC heap before
{Heap before GC invocations=3 (full 0):
 PSYoungGen      total 37888K, used 36065K [0x00000000eab00000, 0x00000000ed500000, 0x0000000100000000)
  eden space 32768K, 100% used [0x00000000eab00000,0x00000000ecb00000,0x00000000ecb00000)
  from space 5120K, 64% used [0x00000000ed000000,0x00000000ed3384f0,0x00000000ed500000)
  to   space 5120K, 0% used [0x00000000ecb00000,0x00000000ecb00000,0x00000000ed000000)
 ParOldGen       total 86016K, used 16K [0x00000000c0000000, 0x00000000c5400000, 0x00000000eab00000)
  object space 86016K, 0% used [0x00000000c0000000,0x00000000c0004000,0x00000000c5400000)
 Metaspace       used 12187K, capacity 12534K, committed 12800K, reserved 1060864K
  class space    used 1619K, capacity 1731K, committed 1792K, reserved 1048576K
Event: 1.863 GC heap after
Heap after GC invocations=3 (full 0):
 PSYoungGen      total 37888K, used 5120K [0x00000000eab00000, 0x00000000ed500000, 0x0000000100000000)
  eden space 32768K, 0% used [0x00000000eab00000,0x00000000eab00000,0x00000000ecb00000)
  from space 5120K, 100% used [0x00000000ecb00000,0x00000000ed000000,0x00000000ed000000)
  to   space 5120K, 0% used [0x00000000ed000000,0x00000000ed000000,0x00000000ed500000)
 ParOldGen       total 86016K, used 1239K [0x00000000c0000000, 0x00000000c5400000, 0x00000000eab00000)
  object space 86016K, 1% used [0x00000000c0000000,0x00000000c0135f38,0x00000000c5400000)
 Metaspace       used 12187K, capacity 12534K, committed 12800K, reserved 1060864K
  class space    used 1619K, capacity 1731K, committed 1792K, reserved 1048576K
}
Event: 2.146 GC heap before
{Heap before GC invocations=4 (full 0):
 PSYoungGen      total 37888K, used 37888K [0x00000000eab00000, 0x00000000ed500000, 0x0000000100000000)
  eden space 32768K, 100% used [0x00000000eab00000,0x00000000ecb00000,0x00000000ecb00000)
  from space 5120K, 100% used [0x00000000ecb00000,0x00000000ed000000,0x00000000ed000000)
  to   space 5120K, 0% used [0x00000000ed000000,0x00000000ed000000,0x00000000ed500000)
 ParOldGen       total 86016K, used 1239K [0x00000000c0000000, 0x00000000c5400000, 0x00000000eab00000)
  object space 86016K, 1% used [0x00000000c0000000,0x00000000c0135f38,0x00000000c5400000)
 Metaspace       used 14613K, capacity 15044K, committed 15232K, reserved 1062912K
  class space    used 2034K, capacity 2162K, committed 2176K, reserved 1048576K
Event: 2.152 GC heap after
Heap after GC invocations=4 (full 0):
 PSYoungGen      total 37888K, used 5088K [0x00000000eab00000, 0x00000000ed500000, 0x0000000100000000)
  eden space 32768K, 0% used [0x00000000eab00000,0x00000000eab00000,0x00000000ecb00000)
  from space 5120K, 99% used [0x00000000ed000000,0x00000000ed4f8020,0x00000000ed500000)
  to   space 5120K, 0% used [0x00000000ecb00000,0x00000000ecb00000,0x00000000ed000000)
 ParOldGen       total 86016K, used 3713K [0x00000000c0000000, 0x00000000c5400000, 0x00000000eab00000)
  object space 86016K, 4% used [0x00000000c0000000,0x00000000c03a0410,0x00000000c5400000)
 Metaspace       used 14613K, capacity 15044K, committed 15232K, reserved 1062912K
  class space    used 2034K, capacity 2162K, committed 2176K, reserved 1048576K
}

Deoptimization events (10 events):
Event: 1.830 Thread 0x000000001a5ff000 Uncommon trap: reason=bimorphic action=maybe_recompile pc=0x00000000035f0964 method=java.util.HashMap.putVal(ILjava/lang/Object;Ljava/lang/Object;ZZ)Ljava/lang/Object; @ 253
Event: 1.830 Thread 0x000000001a5ff000 Uncommon trap: reason=bimorphic action=maybe_recompile pc=0x00000000035f0964 method=java.util.HashMap.putVal(ILjava/lang/Object;Ljava/lang/Object;ZZ)Ljava/lang/Object; @ 253
Event: 1.830 Thread 0x000000001a5ff000 Uncommon trap: reason=bimorphic action=maybe_recompile pc=0x00000000035f0964 method=java.util.HashMap.putVal(ILjava/lang/Object;Ljava/lang/Object;ZZ)Ljava/lang/Object; @ 253
Event: 1.830 Thread 0x000000001a5ff000 Uncommon trap: reason=bimorphic action=maybe_recompile pc=0x00000000035f0964 method=java.util.HashMap.putVal(ILjava/lang/Object;Ljava/lang/Object;ZZ)Ljava/lang/Object; @ 253
Event: 1.830 Thread 0x000000001a5ff000 Uncommon trap: reason=bimorphic action=maybe_recompile pc=0x00000000035e8a0c method=java.util.HashMap.putVal(ILjava/lang/Object;Ljava/lang/Object;ZZ)Ljava/lang/Object; @ 253
Event: 2.030 Thread 0x000000001a5ff000 Uncommon trap: reason=class_check action=maybe_recompile pc=0x0000000003637c18 method=java.util.regex.Matcher.match(II)Z @ 86
Event: 2.040 Thread 0x000000001a5ff000 Uncommon trap: reason=class_check action=maybe_recompile pc=0x0000000003637c18 method=java.util.regex.Matcher.match(II)Z @ 86
Event: 2.041 Thread 0x000000001a5ff000 Uncommon trap: reason=class_check action=maybe_recompile pc=0x0000000003637c18 method=java.util.regex.Matcher.match(II)Z @ 86
Event: 2.041 Thread 0x000000001a5ff000 Uncommon trap: reason=class_check action=maybe_recompile pc=0x00000000034c0ddc method=java.util.regex.Matcher.match(II)Z @ 86
Event: 2.268 Thread 0x000000001a5ff000 Uncommon trap: reason=unstable_if action=reinterpret pc=0x00000000037f8e74 method=java.lang.String.lastIndexOf([CII[CIII)I @ 66

Classes redefined (0 events):
No events

Internal exceptions (10 events):
Event: 1.775 Thread 0x000000001a5d7800 Exception <a 'java/lang/NoSuchMethodError': <clinit>> (0x00000000ec70f9e0) thrown at [C:\src\AOSP-openjdk-git\hotspot\src\share\vm\prims\jni.cpp, line 1615]
Event: 1.776 Thread 0x000000001a5d7800 Exception <a 'java/lang/NoSuchMethodError': <clinit>> (0x00000000ec718580) thrown at [C:\src\AOSP-openjdk-git\hotspot\src\share\vm\prims\jni.cpp, line 1615]
Event: 1.778 Thread 0x000000001a5d7800 Exception <a 'java/lang/NoSuchMethodError': <clinit>> (0x00000000ec72e798) thrown at [C:\src\AOSP-openjdk-git\hotspot\src\share\vm\prims\jni.cpp, line 1615]
Event: 1.789 Thread 0x000000001a5d7800 Exception <a 'java/lang/NoSuchMethodError': <clinit>> (0x00000000ec7950a0) thrown at [C:\src\AOSP-openjdk-git\hotspot\src\share\vm\prims\jni.cpp, line 1615]
Event: 1.796 Thread 0x000000001a5d7800 Exception <a 'java/lang/NoSuchMethodError': <clinit>> (0x00000000ec7c1208) thrown at [C:\src\AOSP-openjdk-git\hotspot\src\share\vm\prims\jni.cpp, line 1615]
Event: 1.801 Thread 0x000000001a5d7800 Exception <a 'java/lang/NoSuchMethodError': <clinit>> (0x00000000ec7ef608) thrown at [C:\src\AOSP-openjdk-git\hotspot\src\share\vm\prims\jni.cpp, line 1615]
Event: 1.803 Thread 0x000000001a5d7800 Exception <a 'java/lang/NoSuchMethodError': <clinit>> (0x00000000ec7fa5d8) thrown at [C:\src\AOSP-openjdk-git\hotspot\src\share\vm\prims\jni.cpp, line 1615]
Event: 2.241 Thread 0x000000001a5ff000 Exception <a 'java/lang/NoSuchMethodError': java.lang.Object.lambda$and$0(Ljava/util/function/Predicate;Ljava/lang/Object;)Z> (0x00000000eb6486e8) thrown at [C:\src\AOSP-openjdk-git\hotspot\src\share\vm\interpreter\linkResolver.cpp, line 620]
Event: 2.246 Thread 0x000000001a5ff000 Exception <a 'java/lang/IncompatibleClassChangeError': Found class java.lang.Object, but interface was expected> (0x00000000eb65e9d0) thrown at [C:\src\AOSP-openjdk-git\hotspot\src\share\vm\interpreter\linkResolver.cpp, line 653]
Event: 2.247 Thread 0x000000001a5ff000 Exception <a 'java/lang/NoSuchMethodError': java.lang.Object.lambda$or$2(Ljava/util/function/Predicate;Ljava/lang/Object;)Z> (0x00000000eb6638f0) thrown at [C:\src\AOSP-openjdk-git\hotspot\src\share\vm\interpreter\linkResolver.cpp, line 620]

Events (10 events):
Event: 2.293 loading class com/google/common/base/CharMatcher$JavaDigit
Event: 2.293 loading class com/google/common/base/CharMatcher$JavaDigit done
Event: 2.293 loading class com/google/common/base/CharMatcher$JavaLetter
Event: 2.293 loading class com/google/common/base/CharMatcher$JavaLetter done
Event: 2.293 loading class com/google/common/base/CharMatcher$JavaLetterOrDigit
Event: 2.293 loading class com/google/common/base/CharMatcher$JavaLetterOrDigit done
Event: 2.293 loading class com/google/common/base/CharMatcher$Negated
Event: 2.293 loading class com/google/common/base/CharMatcher$Negated done
Event: 2.294 loading class com/google/common/base/CharMatcher$Any
Event: 2.294 loading class com/google/common/base/CharMatcher$Any done


Dynamic libraries:
0x00007ff751290000 - 0x00007ff7512c1000 	C:\Program Files\Android\Android Studio1\jre\bin\java.exe
0x00007ffd1f370000 - 0x00007ffd1f565000 	C:\WINDOWS\SYSTEM32\ntdll.dll
0x00007ffd1d580000 - 0x00007ffd1d63d000 	C:\WINDOWS\System32\KERNEL32.DLL
0x00007ffd1cf10000 - 0x00007ffd1d1d9000 	C:\WINDOWS\System32\KERNELBASE.dll
0x00007ffd1dac0000 - 0x00007ffd1db6c000 	C:\WINDOWS\System32\ADVAPI32.dll
0x00007ffd1d3d0000 - 0x00007ffd1d46e000 	C:\WINDOWS\System32\msvcrt.dll
0x00007ffd1e630000 - 0x00007ffd1e6cc000 	C:\WINDOWS\System32\sechost.dll
0x00007ffd1f1f0000 - 0x00007ffd1f31b000 	C:\WINDOWS\System32\RPCRT4.dll
0x00007ffd1e490000 - 0x00007ffd1e630000 	C:\WINDOWS\System32\USER32.dll
0x00007ffd1d3a0000 - 0x00007ffd1d3c2000 	C:\WINDOWS\System32\win32u.dll
0x00007ffd1e460000 - 0x00007ffd1e48a000 	C:\WINDOWS\System32\GDI32.dll
0x00007ffd1d1e0000 - 0x00007ffd1d2eb000 	C:\WINDOWS\System32\gdi32full.dll
0x00007ffd1cd70000 - 0x00007ffd1ce0d000 	C:\WINDOWS\System32\msvcp_win.dll
0x00007ffd1cc10000 - 0x00007ffd1cd10000 	C:\WINDOWS\System32\ucrtbase.dll
0x00007ffd0a540000 - 0x00007ffd0a7da000 	C:\WINDOWS\WinSxS\amd64_microsoft.windows.common-controls_6595b64144ccf1df_6.0.19041.844_none_ca00b6081b84eb1d\COMCTL32.dll
0x00007ffd1e250000 - 0x00007ffd1e280000 	C:\WINDOWS\System32\IMM32.DLL
0x0000000065db0000 - 0x0000000065e82000 	C:\Program Files\Android\Android Studio1\jre\jre\bin\msvcr100.dll
0x0000000065e90000 - 0x00000000666db000 	C:\Program Files\Android\Android Studio1\jre\jre\bin\server\jvm.dll
0x00007ffd1f320000 - 0x00007ffd1f328000 	C:\WINDOWS\System32\PSAPI.DLL
0x00007ffd1b960000 - 0x00007ffd1b96a000 	C:\WINDOWS\SYSTEM32\VERSION.dll
0x00007ffd122e0000 - 0x00007ffd122e9000 	C:\WINDOWS\SYSTEM32\WSOCK32.dll
0x00007ffd068d0000 - 0x00007ffd068f7000 	C:\WINDOWS\SYSTEM32\WINMM.dll
0x00007ffd1e3f0000 - 0x00007ffd1e45b000 	C:\WINDOWS\System32\WS2_32.dll
0x00007ffd18ac0000 - 0x00007ffd18acf000 	C:\Program Files\Android\Android Studio1\jre\jre\bin\verify.dll
0x00007ffd081c0000 - 0x00007ffd081e9000 	C:\Program Files\Android\Android Studio1\jre\jre\bin\java.dll
0x00007ffd08d90000 - 0x00007ffd08da6000 	C:\Program Files\Android\Android Studio1\jre\jre\bin\zip.dll
0x00007ffd1ea30000 - 0x00007ffd1f172000 	C:\WINDOWS\System32\SHELL32.dll
0x00007ffd1b190000 - 0x00007ffd1b920000 	C:\WINDOWS\SYSTEM32\windows.storage.dll
0x00007ffd1e6d0000 - 0x00007ffd1ea25000 	C:\WINDOWS\System32\combase.dll
0x00007ffd1c520000 - 0x00007ffd1c54c000 	C:\WINDOWS\SYSTEM32\Wldp.dll
0x00007ffd1db70000 - 0x00007ffd1dc1e000 	C:\WINDOWS\System32\SHCORE.dll
0x00007ffd1f180000 - 0x00007ffd1f1d5000 	C:\WINDOWS\System32\shlwapi.dll
0x00007ffd1c9f0000 - 0x00007ffd1ca0f000 	C:\WINDOWS\SYSTEM32\profapi.dll
0x00007ffd06ac0000 - 0x00007ffd06ada000 	C:\Program Files\Android\Android Studio1\jre\jre\bin\net.dll
0x00007ffd1c2a0000 - 0x00007ffd1c30a000 	C:\WINDOWS\system32\mswsock.dll
0x00007ffd05ba0000 - 0x00007ffd05bb3000 	C:\Program Files\Android\Android Studio1\jre\jre\bin\nio.dll
0x00007ffd05de0000 - 0x00007ffd05e06000 	C:\Users\tlock\.gradle\native\30\windows-amd64\native-platform.dll
0x00007ffd17fa0000 - 0x00007ffd17fad000 	C:\Program Files\Android\Android Studio1\jre\jre\bin\management.dll
0x00007ffd1c470000 - 0x00007ffd1c488000 	C:\WINDOWS\SYSTEM32\CRYPTSP.dll
0x00007ffd1bbd0000 - 0x00007ffd1bc04000 	C:\WINDOWS\system32\rsaenh.dll
0x00007ffd1ce10000 - 0x00007ffd1ce37000 	C:\WINDOWS\System32\bcrypt.dll
0x00007ffd1c970000 - 0x00007ffd1c99e000 	C:\WINDOWS\SYSTEM32\USERENV.dll
0x00007ffd1ce40000 - 0x00007ffd1cec0000 	C:\WINDOWS\System32\bcryptprimitives.dll
0x00007ffd1c490000 - 0x00007ffd1c49c000 	C:\WINDOWS\SYSTEM32\CRYPTBASE.dll
0x00007ffd1bf20000 - 0x00007ffd1bf5b000 	C:\WINDOWS\SYSTEM32\IPHLPAPI.DLL
0x00007ffd1f1e0000 - 0x00007ffd1f1e8000 	C:\WINDOWS\System32\NSI.dll
0x00007ffd10880000 - 0x00007ffd10897000 	C:\WINDOWS\SYSTEM32\dhcpcsvc6.DLL
0x00007ffd10cd0000 - 0x00007ffd10ced000 	C:\WINDOWS\SYSTEM32\dhcpcsvc.DLL
0x00007ffd1bf60000 - 0x00007ffd1c02b000 	C:\WINDOWS\SYSTEM32\DNSAPI.dll

VM Arguments:
jvm_args: -Xmx1024m -Dfile.encoding=windows-1252 -Duser.country=GB -Duser.language=en -Duser.variant 
java_command: org.gradle.launcher.daemon.bootstrap.GradleDaemon 5.6.4
java_class_path (initial): C:\Users\tlock\.gradle\wrapper\dists\gradle-5.6.4-all\ankdp27end7byghfw1q2sw75f\gradle-5.6.4\lib\gradle-launcher-5.6.4.jar
Launcher Type: SUN_STANDARD

Environment Variables:
PATH=C:\Program Files\Microsoft MPI\Bin\;C:\Program Files\NVIDIA GPU Computing Toolkit\CUDA\v11.1\bin;C:\Program Files\NVIDIA GPU Computing Toolkit\CUDA\v11.1\libnvvp;C:\Python38\Scripts\;C:\Python38\;C:\WINDOWS\system32;C:\WINDOWS;C:\WINDOWS\System32\Wbem;C:\WINDOWS\System32\WindowsPowerShell\v1.0\;C:\WINDOWS\System32\OpenSSH\;C:\Program Files\Intel\WiFi\bin\;C:\Program Files\Common Files\Intel\WirelessCommon\;C:\Program Files\dotnet\;C:\Program Files\Microsoft SQL Server\130\Tools\Binn\;C:\Program Files\Microsoft SQL Server\Client SDK\ODBC\170\Tools\Binn\;C:\ProgramData\chocolatey\bin;C:\Program Files\nodejs\;C:\Program Files\NVIDIA Corporation\Nsight Compute 2020.2.1\;C:\Program Files (x86)\NVIDIA Corporation\PhysX\Common;C:\Program Files\Git\cmd;C:\WINDOWS\system32;C:\WINDOWS;C:\WINDOWS\System32\Wbem;C:\WINDOWS\System32\WindowsPowerShell\v1.0\;C:\WINDOWS\System32\OpenSSH\;C:\Users\tlock\AppData\Local\Microsoft\WindowsApps;C:\Users\tlock\AppData\Local\Programs\Microsoft VS Code\bin;C:\Users\tlock\AppData\Local\GitHubDesktop\bin;C:\Users\tlock\AppData\Local\Microsoft\WindowsApps;C:\Users\tlock\AppData\Roaming\npm;C:\Users\tlock\.dotnet\tools;
USERNAME=tlock
OS=Windows_NT
PROCESSOR_IDENTIFIER=Intel64 Family 6 Model 142 Stepping 12, GenuineIntel



---------------  S Y S T E M  ---------------

OS: Windows 10.0 , 64 bit Build 19041 (10.0.19041.804)

CPU:total 8 (initial active 8) (4 cores per cpu, 2 threads per core) family 6 model 142 stepping 12, cmov, cx8, fxsr, mmx, sse, sse2, sse3, ssse3, sse4.1, sse4.2, popcnt, avx, avx2, aes, clmul, erms, 3dnowpref, lzcnt, ht, tsc, tscinvbit, bmi1, bmi2, adx

Memory: 4k page, physical 8198288k(651820k free), swap 33364112k(3428k free)

vm_info: OpenJDK 64-Bit Server VM (25.242-b01) for windows-amd64 JRE (1.8.0_242-release-1644-b01), built by "builder" with MS VC++ 10.0 (VS2010)

time: Thu Mar 25 04:47:03 2021
timezone: GMT Standard Time
elapsed time: 2 seconds (0d 0h 0m 2s)

