#
# There is insufficient memory for the Java Runtime Environment to continue.
# Native memory allocation (malloc) failed to allocate 1764464 bytes for Chunk::new
# Possible reasons:
#   The system is out of physical RAM or swap space
#   The process is running with CompressedOops enabled, and the Java Heap may be blocking the growth of the native heap
# Possible solutions:
#   Reduce memory load on the system
#   Increase physical memory or swap space
#   Check if swap backing store is full
#   Decrease Java heap size (-Xmx/-Xms)
#   Decrease number of Java threads
#   Decrease Java thread stack sizes (-Xss)
#   Set larger code cache with -XX:ReservedCodeCacheSize=
#   JVM is running with Unscaled Compressed Oops mode in which the Java heap is
#     placed in the first 4GB address space. The Java Heap base address is the
#     maximum limit for the native heap growth. Please use -XX:HeapBaseMinAddress
#     to set the Java Heap base and to place the Java Heap above 4GB virtual address.
# This output file may be truncated or incomplete.
#
#  Out of Memory Error (allocation.cpp:389), pid=23704, tid=0x00000000000066dc
#
# JRE version: OpenJDK Runtime Environment (8.0_242-b01) (build 1.8.0_242-release-1644-b01)
# Java VM: OpenJDK 64-Bit Server VM (25.242-b01 mixed mode windows-amd64 compressed oops)
# Failed to write core dump. Minidumps are not enabled by default on client versions of Windows
#

---------------  T H R E A D  ---------------

Current thread (0x0000000019db6000):  JavaThread "C2 CompilerThread1" daemon [_thread_in_native, id=26332, stack(0x000000001a780000,0x000000001a880000)]

Stack: [0x000000001a780000,0x000000001a880000]
[error occurred during error reporting (printing stack bounds), id 0xc0000005]

Native frames: (J=compiled Java code, j=interpreted, Vv=VM code, C=native code)


Current CompileTask:
C2:   2587 1500   !   4       java.net.URLClassLoader$1::run (63 bytes)


---------------  P R O C E S S  ---------------

Java Threads: ( => current thread )
  0x000000001c8b4000 JavaThread "Cache worker for file hash cache (C:\Users\tlock\Desktop\TeamApp16_FurnitureAR\.gradle\5.6.4\fileHashes)" [_thread_blocked, id=16880, stack(0x0000000021210000,0x0000000021310000)]
  0x000000001c8b2000 JavaThread "Cache worker for journal cache (C:\Users\tlock\.gradle\caches\journal-1)" [_thread_blocked, id=23780, stack(0x000000001eba0000,0x000000001eca0000)]
  0x000000001c8b1000 JavaThread "File lock request listener" [_thread_in_native, id=23968, stack(0x000000001eaa0000,0x000000001eba0000)]
  0x000000001a177000 JavaThread "Cache worker for file hash cache (C:\Users\tlock\.gradle\caches\5.6.4\fileHashes)" [_thread_blocked, id=16728, stack(0x000000001e9a0000,0x000000001eaa0000)]
  0x000000001c867800 JavaThread "Thread-9" [_thread_blocked, id=24128, stack(0x000000001e6a0000,0x000000001e7a0000)]
  0x000000001c89e000 JavaThread "Stdin handler" [_thread_blocked, id=20700, stack(0x000000001e5a0000,0x000000001e6a0000)]
  0x000000001c89b000 JavaThread "Asynchronous log dispatcher for DefaultDaemonConnection: socket connection from /127.0.0.1:52319 to /127.0.0.1:52320" [_thread_blocked, id=26768, stack(0x000000001e3a0000,0x000000001e4a0000)]
  0x000000001c886000 JavaThread "Daemon worker" [_thread_in_native, id=23292, stack(0x000000001e2a0000,0x000000001e3a0000)]
  0x000000001c884000 JavaThread "Cancel handler" [_thread_blocked, id=24916, stack(0x000000001e1a0000,0x000000001e2a0000)]
  0x000000001c7f9000 JavaThread "Handler for socket connection from /127.0.0.1:52319 to /127.0.0.1:52320" [_thread_in_native, id=2184, stack(0x000000001dea0000,0x000000001dfa0000)]
  0x000000001c7f7800 JavaThread "Daemon" [_thread_blocked, id=2968, stack(0x000000001dda0000,0x000000001dea0000)]
  0x000000001c7cc800 JavaThread "Daemon periodic checks" [_thread_blocked, id=26664, stack(0x000000001dca0000,0x000000001dda0000)]
  0x000000001c7ca800 JavaThread "Incoming local TCP Connector on port 52319" [_thread_in_native, id=24756, stack(0x000000001da60000,0x000000001db60000)]
  0x000000001c75c000 JavaThread "Daemon health stats" [_thread_blocked, id=16004, stack(0x000000001d420000,0x000000001d520000)]
  0x0000000019e49000 JavaThread "Service Thread" daemon [_thread_blocked, id=26136, stack(0x000000001aa80000,0x000000001ab80000)]
  0x0000000019dc4000 JavaThread "C1 CompilerThread3" daemon [_thread_blocked, id=25856, stack(0x000000001a980000,0x000000001aa80000)]
  0x0000000019dbe000 JavaThread "C2 CompilerThread2" daemon [_thread_blocked, id=20444, stack(0x000000001a880000,0x000000001a980000)]
=>0x0000000019db6000 JavaThread "C2 CompilerThread1" daemon [_thread_in_native, id=26332, stack(0x000000001a780000,0x000000001a880000)]
  0x0000000019db2000 JavaThread "C2 CompilerThread0" daemon [_thread_in_native, id=23332, stack(0x000000001a680000,0x000000001a780000)]
  0x0000000019db0800 JavaThread "Attach Listener" daemon [_thread_blocked, id=25420, stack(0x000000001a580000,0x000000001a680000)]
  0x0000000019daf800 JavaThread "Signal Dispatcher" daemon [_thread_blocked, id=14212, stack(0x000000001a480000,0x000000001a580000)]
  0x0000000019da0800 JavaThread "Finalizer" daemon [_thread_blocked, id=7432, stack(0x000000001a280000,0x000000001a380000)]
  0x0000000017fab800 JavaThread "Reference Handler" daemon [_thread_blocked, id=24020, stack(0x000000001a180000,0x000000001a280000)]
  0x0000000002e42800 JavaThread "main" [_thread_blocked, id=3288, stack(0x0000000002d00000,0x0000000002e00000)]

Other Threads:
  0x0000000017fa6800 VMThread [stack: 0x0000000019c80000,0x0000000019d80000] [id=21464]
  0x0000000019e4a000 WatcherThread [stack: 0x000000001ab80000,0x000000001ac80000] [id=25348]

VM state:not at safepoint (normal execution)

VM Mutex/Monitor currently owned by a thread: None

heap address: 0x0000000080000000, size: 2048 MB, Compressed Oops mode: 32-bit
Narrow klass base: 0x0000000000000000, Narrow klass shift: 3
Compressed class space size: 1073741824 Address: 0x0000000100000000

Heap:
 PSYoungGen      total 37888K, used 12429K [0x00000000d5580000, 0x00000000da980000, 0x0000000100000000)
  eden space 32768K, 22% used [0x00000000d5580000,0x00000000d5cab5b0,0x00000000d7580000)
  from space 5120K, 99% used [0x00000000d7580000,0x00000000d7a78020,0x00000000d7a80000)
  to   space 10240K, 0% used [0x00000000d9f80000,0x00000000d9f80000,0x00000000da980000)
 ParOldGen       total 86016K, used 7006K [0x0000000080000000, 0x0000000085400000, 0x00000000d5580000)
  object space 86016K, 8% used [0x0000000080000000,0x00000000806d7b50,0x0000000085400000)
 Metaspace       used 17887K, capacity 18414K, committed 18688K, reserved 1064960K
  class space    used 2566K, capacity 2759K, committed 2816K, reserved 1048576K

Card table byte_map: [0x0000000012300000,0x0000000012710000] byte_map_base: 0x0000000011f00000

Marking Bits: (ParMarkBitMap*) 0x000000006665f030
 Begin Bits: [0x00000000131c0000, 0x00000000151c0000)
 End Bits:   [0x00000000151c0000, 0x00000000171c0000)

Polling page: 0x0000000002c90000

CodeCache: size=245760Kb used=5756Kb max_used=5762Kb free=240003Kb
 bounds [0x0000000002f40000, 0x00000000034f0000, 0x0000000011f40000]
 total_blobs=2068 nmethods=1666 adapters=315
 compilation: enabled

Compilation events (10 events):
Event: 2.575 Thread 0x0000000019dc4000 1666       3       jdk.internal.org.objectweb.asm.ClassWriter::newNameTypeItem (71 bytes)
Event: 2.575 Thread 0x0000000019dc4000 nmethod 1666 0x00000000034dba90 code [0x00000000034dbc60, 0x00000000034dc178]
Event: 2.576 Thread 0x0000000019dbe000 1667       4       java.security.CodeSource::getCertificates (98 bytes)
Event: 2.577 Thread 0x0000000019dbe000 nmethod 1667 0x00000000034cb9d0 code [0x00000000034cbb00, 0x00000000034cbb98]
Event: 2.584 Thread 0x0000000019dc4000 1669       3       java.net.URI::access$300 (7 bytes)
Event: 2.584 Thread 0x0000000019dc4000 nmethod 1669 0x00000000034da610 code [0x00000000034da780, 0x00000000034da8e8]
Event: 2.584 Thread 0x0000000019dc4000 1670       3       java.net.URI$Parser::scan (73 bytes)
Event: 2.584 Thread 0x0000000019dc4000 nmethod 1670 0x00000000034e3b10 code [0x00000000034e3ce0, 0x00000000034e43e8]
Event: 2.584 Thread 0x0000000019dc4000 1668       3       java.net.URI::match (56 bytes)
Event: 2.585 Thread 0x0000000019dc4000 nmethod 1668 0x00000000034e3610 code [0x00000000034e3780, 0x00000000034e3a90]

GC Heap History (10 events):
Event: 0.666 GC heap before
{Heap before GC invocations=1 (full 0):
 PSYoungGen      total 37888K, used 32768K [0x00000000d5580000, 0x00000000d7f80000, 0x0000000100000000)
  eden space 32768K, 100% used [0x00000000d5580000,0x00000000d7580000,0x00000000d7580000)
  from space 5120K, 0% used [0x00000000d7a80000,0x00000000d7a80000,0x00000000d7f80000)
  to   space 5120K, 0% used [0x00000000d7580000,0x00000000d7580000,0x00000000d7a80000)
 ParOldGen       total 86016K, used 0K [0x0000000080000000, 0x0000000085400000, 0x00000000d5580000)
  object space 86016K, 0% used [0x0000000080000000,0x0000000080000000,0x0000000085400000)
 Metaspace       used 7126K, capacity 7328K, committed 7424K, reserved 1056768K
  class space    used 867K, capacity 940K, committed 1024K, reserved 1048576K
Event: 0.672 GC heap after
Heap after GC invocations=1 (full 0):
 PSYoungGen      total 37888K, used 4326K [0x00000000d5580000, 0x00000000d7f80000, 0x0000000100000000)
  eden space 32768K, 0% used [0x00000000d5580000,0x00000000d5580000,0x00000000d7580000)
  from space 5120K, 84% used [0x00000000d7580000,0x00000000d79b9978,0x00000000d7a80000)
  to   space 5120K, 0% used [0x00000000d7a80000,0x00000000d7a80000,0x00000000d7f80000)
 ParOldGen       total 86016K, used 8K [0x0000000080000000, 0x0000000085400000, 0x00000000d5580000)
  object space 86016K, 0% used [0x0000000080000000,0x0000000080002000,0x0000000085400000)
 Metaspace       used 7126K, capacity 7328K, committed 7424K, reserved 1056768K
  class space    used 867K, capacity 940K, committed 1024K, reserved 1048576K
}
Event: 0.957 GC heap before
{Heap before GC invocations=2 (full 0):
 PSYoungGen      total 37888K, used 37094K [0x00000000d5580000, 0x00000000d7f80000, 0x0000000100000000)
  eden space 32768K, 100% used [0x00000000d5580000,0x00000000d7580000,0x00000000d7580000)
  from space 5120K, 84% used [0x00000000d7580000,0x00000000d79b9978,0x00000000d7a80000)
  to   space 5120K, 0% used [0x00000000d7a80000,0x00000000d7a80000,0x00000000d7f80000)
 ParOldGen       total 86016K, used 8K [0x0000000080000000, 0x0000000085400000, 0x00000000d5580000)
  object space 86016K, 0% used [0x0000000080000000,0x0000000080002000,0x0000000085400000)
 Metaspace       used 7358K, capacity 7640K, committed 7936K, reserved 1056768K
  class space    used 897K, capacity 980K, committed 1024K, reserved 1048576K
Event: 0.959 GC heap after
Heap after GC invocations=2 (full 0):
 PSYoungGen      total 37888K, used 3281K [0x00000000d5580000, 0x00000000d7f80000, 0x0000000100000000)
  eden space 32768K, 0% used [0x00000000d5580000,0x00000000d5580000,0x00000000d7580000)
  from space 5120K, 64% used [0x00000000d7a80000,0x00000000d7db44e0,0x00000000d7f80000)
  to   space 5120K, 0% used [0x00000000d7580000,0x00000000d7580000,0x00000000d7a80000)
 ParOldGen       total 86016K, used 16K [0x0000000080000000, 0x0000000085400000, 0x00000000d5580000)
  object space 86016K, 0% used [0x0000000080000000,0x0000000080004000,0x0000000085400000)
 Metaspace       used 7358K, capacity 7640K, committed 7936K, reserved 1056768K
  class space    used 897K, capacity 980K, committed 1024K, reserved 1048576K
}
Event: 1.839 GC heap before
{Heap before GC invocations=3 (full 0):
 PSYoungGen      total 37888K, used 36049K [0x00000000d5580000, 0x00000000d7f80000, 0x0000000100000000)
  eden space 32768K, 100% used [0x00000000d5580000,0x00000000d7580000,0x00000000d7580000)
  from space 5120K, 64% used [0x00000000d7a80000,0x00000000d7db44e0,0x00000000d7f80000)
  to   space 5120K, 0% used [0x00000000d7580000,0x00000000d7580000,0x00000000d7a80000)
 ParOldGen       total 86016K, used 16K [0x0000000080000000, 0x0000000085400000, 0x00000000d5580000)
  object space 86016K, 0% used [0x0000000080000000,0x0000000080004000,0x0000000085400000)
 Metaspace       used 12193K, capacity 12536K, committed 12800K, reserved 1060864K
  class space    used 1623K, capacity 1732K, committed 1792K, reserved 1048576K
Event: 1.845 GC heap after
Heap after GC invocations=3 (full 0):
 PSYoungGen      total 37888K, used 5120K [0x00000000d5580000, 0x00000000d7f80000, 0x0000000100000000)
  eden space 32768K, 0% used [0x00000000d5580000,0x00000000d5580000,0x00000000d7580000)
  from space 5120K, 100% used [0x00000000d7580000,0x00000000d7a80000,0x00000000d7a80000)
  to   space 5120K, 0% used [0x00000000d7a80000,0x00000000d7a80000,0x00000000d7f80000)
 ParOldGen       total 86016K, used 1239K [0x0000000080000000, 0x0000000085400000, 0x00000000d5580000)
  object space 86016K, 1% used [0x0000000080000000,0x0000000080135e50,0x0000000085400000)
 Metaspace       used 12193K, capacity 12536K, committed 12800K, reserved 1060864K
  class space    used 1623K, capacity 1732K, committed 1792K, reserved 1048576K
}
Event: 2.147 GC heap before
{Heap before GC invocations=4 (full 0):
 PSYoungGen      total 37888K, used 37888K [0x00000000d5580000, 0x00000000d7f80000, 0x0000000100000000)
  eden space 32768K, 100% used [0x00000000d5580000,0x00000000d7580000,0x00000000d7580000)
  from space 5120K, 100% used [0x00000000d7580000,0x00000000d7a80000,0x00000000d7a80000)
  to   space 5120K, 0% used [0x00000000d7a80000,0x00000000d7a80000,0x00000000d7f80000)
 ParOldGen       total 86016K, used 1239K [0x0000000080000000, 0x0000000085400000, 0x00000000d5580000)
  object space 86016K, 1% used [0x0000000080000000,0x0000000080135e50,0x0000000085400000)
 Metaspace       used 14606K, capacity 15040K, committed 15232K, reserved 1062912K
  class space    used 2035K, capacity 2162K, committed 2176K, reserved 1048576K
Event: 2.152 GC heap after
Heap after GC invocations=4 (full 0):
 PSYoungGen      total 37888K, used 5088K [0x00000000d5580000, 0x00000000d9f80000, 0x0000000100000000)
  eden space 32768K, 0% used [0x00000000d5580000,0x00000000d5580000,0x00000000d7580000)
  from space 5120K, 99% used [0x00000000d7a80000,0x00000000d7f78020,0x00000000d7f80000)
  to   space 5120K, 0% used [0x00000000d7580000,0x00000000d7580000,0x00000000d7a80000)
 ParOldGen       total 86016K, used 3817K [0x0000000080000000, 0x0000000085400000, 0x00000000d5580000)
  object space 86016K, 4% used [0x0000000080000000,0x00000000803ba5d0,0x0000000085400000)
 Metaspace       used 14606K, capacity 15040K, committed 15232K, reserved 1062912K
  class space    used 2035K, capacity 2162K, committed 2176K, reserved 1048576K
}
Event: 2.501 GC heap before
{Heap before GC invocations=5 (full 0):
 PSYoungGen      total 37888K, used 37856K [0x00000000d5580000, 0x00000000d9f80000, 0x0000000100000000)
  eden space 32768K, 100% used [0x00000000d5580000,0x00000000d7580000,0x00000000d7580000)
  from space 5120K, 99% used [0x00000000d7a80000,0x00000000d7f78020,0x00000000d7f80000)
  to   space 5120K, 0% used [0x00000000d7580000,0x00000000d7580000,0x00000000d7a80000)
 ParOldGen       total 86016K, used 3817K [0x0000000080000000, 0x0000000085400000, 0x00000000d5580000)
  object space 86016K, 4% used [0x0000000080000000,0x00000000803ba5d0,0x0000000085400000)
 Metaspace       used 17287K, capacity 17708K, committed 18048K, reserved 1064960K
  class space    used 2479K, capacity 2630K, committed 2688K, reserved 1048576K
Event: 2.508 GC heap after
Heap after GC invocations=5 (full 0):
 PSYoungGen      total 37888K, used 5088K [0x00000000d5580000, 0x00000000da980000, 0x0000000100000000)
  eden space 32768K, 0% used [0x00000000d5580000,0x00000000d5580000,0x00000000d7580000)
  from space 5120K, 99% used [0x00000000d7580000,0x00000000d7a78020,0x00000000d7a80000)
  to   space 10240K, 0% used [0x00000000d9f80000,0x00000000d9f80000,0x00000000da980000)
 ParOldGen       total 86016K, used 7006K [0x0000000080000000, 0x0000000085400000, 0x00000000d5580000)
  object space 86016K, 8% used [0x0000000080000000,0x00000000806d7b50,0x0000000085400000)
 Metaspace       used 17287K, capacity 17708K, committed 18048K, reserved 1064960K
  class space    used 2479K, capacity 2630K, committed 2688K, reserved 1048576K
}

Deoptimization events (10 events):
Event: 1.812 Thread 0x000000001c886000 Uncommon trap: reason=bimorphic action=maybe_recompile pc=0x00000000031c3d0c method=java.util.HashMap.putVal(ILjava/lang/Object;Ljava/lang/Object;ZZ)Ljava/lang/Object; @ 253
Event: 2.017 Thread 0x000000001c886000 Uncommon trap: reason=class_check action=maybe_recompile pc=0x0000000003211098 method=java.util.regex.Matcher.match(II)Z @ 86
Event: 2.027 Thread 0x000000001c886000 Uncommon trap: reason=class_check action=maybe_recompile pc=0x0000000003211098 method=java.util.regex.Matcher.match(II)Z @ 86
Event: 2.027 Thread 0x000000001c886000 Uncommon trap: reason=class_check action=maybe_recompile pc=0x0000000003211098 method=java.util.regex.Matcher.match(II)Z @ 86
Event: 2.027 Thread 0x000000001c886000 Uncommon trap: reason=class_check action=maybe_recompile pc=0x00000000030b300c method=java.util.regex.Matcher.match(II)Z @ 86
Event: 2.263 Thread 0x000000001c886000 Uncommon trap: reason=unstable_if action=reinterpret pc=0x00000000033dddf4 method=java.lang.String.lastIndexOf([CII[CIII)I @ 66
Event: 2.352 Thread 0x000000001c886000 Uncommon trap: reason=unstable_if action=reinterpret pc=0x00000000033db260 method=java.util.HashMap.putVal(ILjava/lang/Object;Ljava/lang/Object;ZZ)Ljava/lang/Object; @ 236
Event: 2.584 Thread 0x000000001c886000 Uncommon trap: reason=unstable_if action=reinterpret pc=0x00000000030b0348 method=java.net.URI.match(CJJ)Z @ 19
Event: 2.584 Thread 0x000000001c886000 Uncommon trap: reason=unstable_if action=reinterpret pc=0x000000000319f5c0 method=java.net.URI.match(CJJ)Z @ 19
Event: 2.584 Thread 0x000000001c886000 Uncommon trap: reason=unstable_if action=reinterpret pc=0x00000000030af988 method=java.net.URI.match(CJJ)Z @ 19

Classes redefined (0 events):
No events

Internal exceptions (10 events):
Event: 1.766 Thread 0x000000001c7f9000 Exception <a 'java/lang/NoSuchMethodError': <clinit>> (0x00000000d7166a60) thrown at [C:\src\AOSP-openjdk-git\hotspot\src\share\vm\prims\jni.cpp, line 1615]
Event: 1.767 Thread 0x000000001c7f9000 Exception <a 'java/lang/NoSuchMethodError': <clinit>> (0x00000000d716f658) thrown at [C:\src\AOSP-openjdk-git\hotspot\src\share\vm\prims\jni.cpp, line 1615]
Event: 1.769 Thread 0x000000001c7f9000 Exception <a 'java/lang/NoSuchMethodError': <clinit>> (0x00000000d7185850) thrown at [C:\src\AOSP-openjdk-git\hotspot\src\share\vm\prims\jni.cpp, line 1615]
Event: 1.779 Thread 0x000000001c7f9000 Exception <a 'java/lang/NoSuchMethodError': <clinit>> (0x00000000d71ec138) thrown at [C:\src\AOSP-openjdk-git\hotspot\src\share\vm\prims\jni.cpp, line 1615]
Event: 1.783 Thread 0x000000001c7f9000 Exception <a 'java/lang/NoSuchMethodError': <clinit>> (0x00000000d72182c0) thrown at [C:\src\AOSP-openjdk-git\hotspot\src\share\vm\prims\jni.cpp, line 1615]
Event: 1.787 Thread 0x000000001c7f9000 Exception <a 'java/lang/NoSuchMethodError': <clinit>> (0x00000000d72466c0) thrown at [C:\src\AOSP-openjdk-git\hotspot\src\share\vm\prims\jni.cpp, line 1615]
Event: 1.788 Thread 0x000000001c7f9000 Exception <a 'java/lang/NoSuchMethodError': <clinit>> (0x00000000d7251690) thrown at [C:\src\AOSP-openjdk-git\hotspot\src\share\vm\prims\jni.cpp, line 1615]
Event: 2.239 Thread 0x000000001c886000 Exception <a 'java/lang/NoSuchMethodError': java.lang.Object.lambda$and$0(Ljava/util/function/Predicate;Ljava/lang/Object;)Z> (0x00000000d6099618) thrown at [C:\src\AOSP-openjdk-git\hotspot\src\share\vm\interpreter\linkResolver.cpp, line 620]
Event: 2.244 Thread 0x000000001c886000 Exception <a 'java/lang/IncompatibleClassChangeError': Found class java.lang.Object, but interface was expected> (0x00000000d60af908) thrown at [C:\src\AOSP-openjdk-git\hotspot\src\share\vm\interpreter\linkResolver.cpp, line 653]
Event: 2.246 Thread 0x000000001c886000 Exception <a 'java/lang/NoSuchMethodError': java.lang.Object.lambda$or$2(Ljava/util/function/Predicate;Ljava/lang/Object;)Z> (0x00000000d60b4828) thrown at [C:\src\AOSP-openjdk-git\hotspot\src\share\vm\interpreter\linkResolver.cpp, line 620]

Events (10 events):
Event: 2.584 Thread 0x000000001c886000 DEOPT PACKING pc=0x00000000030b0348 sp=0x000000001e39be90
Event: 2.584 Thread 0x000000001c886000 DEOPT UNPACKING pc=0x0000000002f8557b sp=0x000000001e39be20 mode 2
Event: 2.584 Thread 0x000000001c886000 Uncommon trap: trap_request=0xffffff65 fr.pc=0x000000000319f5c0
Event: 2.584 Thread 0x000000001c886000 DEOPT PACKING pc=0x000000000319f5c0 sp=0x000000001e39c020
Event: 2.584 Thread 0x000000001c886000 DEOPT UNPACKING pc=0x0000000002f8557b sp=0x000000001e39bea8 mode 2
Event: 2.584 Thread 0x000000001c886000 Uncommon trap: trap_request=0xffffff65 fr.pc=0x00000000030af988
Event: 2.584 Thread 0x000000001c886000 DEOPT PACKING pc=0x00000000030af988 sp=0x000000001e39bf60
Event: 2.584 Thread 0x000000001c886000 DEOPT UNPACKING pc=0x0000000002f8557b sp=0x000000001e39bea0 mode 2
Event: 2.584 loading class org/gradle/language/java/internal/JavaLanguagePluginServiceRegistry$JavaGradleScopeServices
Event: 2.584 loading class org/gradle/language/java/internal/JavaLanguagePluginServiceRegistry$JavaGradleScopeServices done


Dynamic libraries:
0x00007ff751290000 - 0x00007ff7512c1000 	C:\Program Files\Android\Android Studio1\jre\bin\java.exe
0x00007ffd1f370000 - 0x00007ffd1f565000 	C:\WINDOWS\SYSTEM32\ntdll.dll
0x00007ffd1d580000 - 0x00007ffd1d63d000 	C:\WINDOWS\System32\KERNEL32.DLL
0x00007ffd1cf10000 - 0x00007ffd1d1d9000 	C:\WINDOWS\System32\KERNELBASE.dll
0x00007ffd1dac0000 - 0x00007ffd1db6c000 	C:\WINDOWS\System32\ADVAPI32.dll
0x00007ffd1d3d0000 - 0x00007ffd1d46e000 	C:\WINDOWS\System32\msvcrt.dll
0x00007ffd1e630000 - 0x00007ffd1e6cc000 	C:\WINDOWS\System32\sechost.dll
0x00007ffd1f1f0000 - 0x00007ffd1f31b000 	C:\WINDOWS\System32\RPCRT4.dll
0x00007ffd1e490000 - 0x00007ffd1e630000 	C:\WINDOWS\System32\USER32.dll
0x00007ffd1d3a0000 - 0x00007ffd1d3c2000 	C:\WINDOWS\System32\win32u.dll
0x00007ffd1e460000 - 0x00007ffd1e48a000 	C:\WINDOWS\System32\GDI32.dll
0x00007ffd1d1e0000 - 0x00007ffd1d2eb000 	C:\WINDOWS\System32\gdi32full.dll
0x00007ffd1cd70000 - 0x00007ffd1ce0d000 	C:\WINDOWS\System32\msvcp_win.dll
0x00007ffd1cc10000 - 0x00007ffd1cd10000 	C:\WINDOWS\System32\ucrtbase.dll
0x00007ffd0a540000 - 0x00007ffd0a7da000 	C:\WINDOWS\WinSxS\amd64_microsoft.windows.common-controls_6595b64144ccf1df_6.0.19041.844_none_ca00b6081b84eb1d\COMCTL32.dll
0x00007ffd1e250000 - 0x00007ffd1e280000 	C:\WINDOWS\System32\IMM32.DLL
0x0000000065db0000 - 0x0000000065e82000 	C:\Program Files\Android\Android Studio1\jre\jre\bin\msvcr100.dll
0x0000000065e90000 - 0x00000000666db000 	C:\Program Files\Android\Android Studio1\jre\jre\bin\server\jvm.dll
0x00007ffd1f320000 - 0x00007ffd1f328000 	C:\WINDOWS\System32\PSAPI.DLL
0x00007ffd1b960000 - 0x00007ffd1b96a000 	C:\WINDOWS\SYSTEM32\VERSION.dll
0x00007ffd068d0000 - 0x00007ffd068f7000 	C:\WINDOWS\SYSTEM32\WINMM.dll
0x00007ffd122e0000 - 0x00007ffd122e9000 	C:\WINDOWS\SYSTEM32\WSOCK32.dll
0x00007ffd1e3f0000 - 0x00007ffd1e45b000 	C:\WINDOWS\System32\WS2_32.dll
0x00007ffd18ac0000 - 0x00007ffd18acf000 	C:\Program Files\Android\Android Studio1\jre\jre\bin\verify.dll
0x00007ffd081c0000 - 0x00007ffd081e9000 	C:\Program Files\Android\Android Studio1\jre\jre\bin\java.dll
0x00007ffd08d90000 - 0x00007ffd08da6000 	C:\Program Files\Android\Android Studio1\jre\jre\bin\zip.dll
0x00007ffd1ea30000 - 0x00007ffd1f172000 	C:\WINDOWS\System32\SHELL32.dll
0x00007ffd1b190000 - 0x00007ffd1b920000 	C:\WINDOWS\SYSTEM32\windows.storage.dll
0x00007ffd1e6d0000 - 0x00007ffd1ea25000 	C:\WINDOWS\System32\combase.dll
0x00007ffd1c520000 - 0x00007ffd1c54c000 	C:\WINDOWS\SYSTEM32\Wldp.dll
0x00007ffd1db70000 - 0x00007ffd1dc1e000 	C:\WINDOWS\System32\SHCORE.dll
0x00007ffd1f180000 - 0x00007ffd1f1d5000 	C:\WINDOWS\System32\shlwapi.dll
0x00007ffd1c9f0000 - 0x00007ffd1ca0f000 	C:\WINDOWS\SYSTEM32\profapi.dll
0x00007ffd06ac0000 - 0x00007ffd06ada000 	C:\Program Files\Android\Android Studio1\jre\jre\bin\net.dll
0x00007ffd1c2a0000 - 0x00007ffd1c30a000 	C:\WINDOWS\system32\mswsock.dll
0x00007ffd05ba0000 - 0x00007ffd05bb3000 	C:\Program Files\Android\Android Studio1\jre\jre\bin\nio.dll
0x00007ffd05de0000 - 0x00007ffd05e06000 	C:\Users\tlock\.gradle\native\30\windows-amd64\native-platform.dll
0x00007ffd17fa0000 - 0x00007ffd17fad000 	C:\Program Files\Android\Android Studio1\jre\jre\bin\management.dll
0x00007ffd1c470000 - 0x00007ffd1c488000 	C:\WINDOWS\SYSTEM32\CRYPTSP.dll
0x00007ffd1bbd0000 - 0x00007ffd1bc04000 	C:\WINDOWS\system32\rsaenh.dll
0x00007ffd1ce10000 - 0x00007ffd1ce37000 	C:\WINDOWS\System32\bcrypt.dll
0x00007ffd1c970000 - 0x00007ffd1c99e000 	C:\WINDOWS\SYSTEM32\USERENV.dll
0x00007ffd1ce40000 - 0x00007ffd1cec0000 	C:\WINDOWS\System32\bcryptprimitives.dll
0x00007ffd1c490000 - 0x00007ffd1c49c000 	C:\WINDOWS\SYSTEM32\CRYPTBASE.dll
0x00007ffd1bf20000 - 0x00007ffd1bf5b000 	C:\WINDOWS\SYSTEM32\IPHLPAPI.DLL
0x00007ffd1f1e0000 - 0x00007ffd1f1e8000 	C:\WINDOWS\System32\NSI.dll
0x00007ffd10880000 - 0x00007ffd10897000 	C:\WINDOWS\SYSTEM32\dhcpcsvc6.DLL
0x00007ffd10cd0000 - 0x00007ffd10ced000 	C:\WINDOWS\SYSTEM32\dhcpcsvc.DLL
0x00007ffd1bf60000 - 0x00007ffd1c02b000 	C:\WINDOWS\SYSTEM32\DNSAPI.dll

VM Arguments:
jvm_args: -Xmx2048m -Dfile.encoding=UTF-8 -Duser.country=GB -Duser.language=en -Duser.variant 
java_command: org.gradle.launcher.daemon.bootstrap.GradleDaemon 5.6.4
java_class_path (initial): C:\Users\tlock\.gradle\wrapper\dists\gradle-5.6.4-all\ankdp27end7byghfw1q2sw75f\gradle-5.6.4\lib\gradle-launcher-5.6.4.jar
Launcher Type: SUN_STANDARD

Environment Variables:
PATH=C:\Program Files\Microsoft MPI\Bin\;C:\Program Files\NVIDIA GPU Computing Toolkit\CUDA\v11.1\bin;C:\Program Files\NVIDIA GPU Computing Toolkit\CUDA\v11.1\libnvvp;C:\Python38\Scripts\;C:\Python38\;C:\WINDOWS\system32;C:\WINDOWS;C:\WINDOWS\System32\Wbem;C:\WINDOWS\System32\WindowsPowerShell\v1.0\;C:\WINDOWS\System32\OpenSSH\;C:\Program Files\Intel\WiFi\bin\;C:\Program Files\Common Files\Intel\WirelessCommon\;C:\Program Files\dotnet\;C:\Program Files\Microsoft SQL Server\130\Tools\Binn\;C:\Program Files\Microsoft SQL Server\Client SDK\ODBC\170\Tools\Binn\;C:\ProgramData\chocolatey\bin;C:\Program Files\nodejs\;C:\Program Files\NVIDIA Corporation\Nsight Compute 2020.2.1\;C:\Program Files (x86)\NVIDIA Corporation\PhysX\Common;C:\Program Files\Git\cmd;C:\WINDOWS\system32;C:\WINDOWS;C:\WINDOWS\System32\Wbem;C:\WINDOWS\System32\WindowsPowerShell\v1.0\;C:\WINDOWS\System32\OpenSSH\;C:\Users\tlock\AppData\Local\Microsoft\WindowsApps;C:\Users\tlock\AppData\Local\Programs\Microsoft VS Code\bin;C:\Users\tlock\AppData\Local\GitHubDesktop\bin;C:\Users\tlock\AppData\Local\Microsoft\WindowsApps;C:\Users\tlock\AppData\Roaming\npm;C:\Users\tlock\.dotnet\tools;
USERNAME=tlock
OS=Windows_NT
PROCESSOR_IDENTIFIER=Intel64 Family 6 Model 142 Stepping 12, GenuineIntel



---------------  S Y S T E M  ---------------

OS: Windows 10.0 , 64 bit Build 19041 (10.0.19041.804)

CPU:total 8 (initial active 8) (4 cores per cpu, 2 threads per core) family 6 model 142 stepping 12, cmov, cx8, fxsr, mmx, sse, sse2, sse3, ssse3, sse4.1, sse4.2, popcnt, avx, avx2, aes, clmul, erms, 3dnowpref, lzcnt, ht, tsc, tscinvbit, bmi1, bmi2, adx

Memory: 4k page, physical 8198288k(677848k free), swap 33364112k(6580k free)

vm_info: OpenJDK 64-Bit Server VM (25.242-b01) for windows-amd64 JRE (1.8.0_242-release-1644-b01), built by "builder" with MS VC++ 10.0 (VS2010)

time: Thu Mar 25 04:47:47 2021
timezone: GMT Standard Time
elapsed time: 2 seconds (0d 0h 0m 2s)

